Log file open, 10/16/18 16:02:52
LogWindows: Failed to load 'aqProf.dll' (GetLastError=126)
LogWindows: File 'aqProf.dll' does not exist
LogWindows: Failed to load 'VtuneApi.dll' (GetLastError=126)
LogWindows: File 'VtuneApi.dll' does not exist
LogWindows: Failed to load 'VtuneApi32e.dll' (GetLastError=126)
LogWindows: File 'VtuneApi32e.dll' does not exist
LogInit: Display: Running engine for game: Kermitthebigadventur
LogPlatformFile: Not using cached read wrapper
LogTaskGraph: Started task graph with 5 named threads and 23 total threads with 3 sets of task threads.
LogStats: Stats thread started at 0.328079
LogD3D11RHI: Loaded GFSDK_Aftermath_Lib.x64.dll
LogICUInternationalization: Display: ICU TimeZone Detection - Raw Offset: -8:00, Platform Override: ''
LogPluginManager: Mounting plugin Paper2D
LogPluginManager: Mounting plugin AISupport
LogPluginManager: Mounting plugin LightPropagationVolume
LogPluginManager: Mounting plugin CLionSourceCodeAccess
LogPluginManager: Mounting plugin CodeLiteSourceCodeAccess
LogPluginManager: Mounting plugin GitSourceControl
LogPluginManager: Mounting plugin KDevelopSourceCodeAccess
LogPluginManager: Mounting plugin NullSourceCodeAccess
LogPluginManager: Mounting plugin PerforceSourceControl
LogPluginManager: Mounting plugin SubversionSourceControl
LogPluginManager: Mounting plugin UObjectPlugin
LogPluginManager: Mounting plugin VisualStudioCodeSourceCodeAccess
LogPluginManager: Mounting plugin VisualStudioSourceCodeAccess
LogPluginManager: Mounting plugin XCodeSourceCodeAccess
LogPluginManager: Mounting plugin AssetManagerEditor
LogPluginManager: Mounting plugin CryptoKeys
LogPluginManager: Mounting plugin DataValidation
LogPluginManager: Mounting plugin FacialAnimation
LogPluginManager: Mounting plugin GameplayTagsEditor
LogPluginManager: Mounting plugin MacGraphicsSwitching
LogPluginManager: Mounting plugin MeshEditor
LogPluginManager: Mounting plugin MobileLauncherProfileWizard
LogPluginManager: Mounting plugin PluginBrowser
LogPluginManager: Mounting plugin SpeedTreeImporter
LogPluginManager: Mounting plugin DatasmithContent
LogPluginManager: Mounting plugin AlembicImporter
LogPluginManager: Mounting plugin AppleImageUtils
LogPluginManager: Mounting plugin AppleVision
LogPluginManager: Mounting plugin BackChannel
LogPluginManager: Mounting plugin CharacterAI
LogPluginManager: Mounting plugin GeometryCache
LogPluginManager: Mounting plugin HTML5Networking
LogPluginManager: Mounting plugin ProxyLODPlugin
LogPluginManager: Mounting plugin MagicLeap
LogPluginManager: Mounting plugin MagicLeapEmulator
LogPluginManager: Mounting plugin MagicLeapMedia
LogPluginManager: Mounting plugin AndroidMedia
LogPluginManager: Mounting plugin AvfMedia
LogPluginManager: Mounting plugin ImgMedia
LogPluginManager: Mounting plugin LinearTimecode
LogPluginManager: Mounting plugin MediaCompositing
LogPluginManager: Mounting plugin MediaPlayerEditor
LogPluginManager: Mounting plugin WmfMedia
LogPluginManager: Mounting plugin TcpMessaging
LogPluginManager: Mounting plugin UdpMessaging
LogPluginManager: Mounting plugin ActorSequence
LogPluginManager: Mounting plugin LevelSequenceEditor
LogPluginManager: Mounting plugin MatineeToLevelSequence
LogPluginManager: Mounting plugin NetcodeUnitTest
LogPluginManager: Mounting plugin NUTUnrealEngine4
LogPluginManager: Mounting plugin OnlineSubsystemGooglePlay
LogPluginManager: Mounting plugin OnlineSubsystemIOS
LogPluginManager: Mounting plugin OnlineSubsystem
LogPluginManager: Mounting plugin OnlineSubsystemNull
LogPluginManager: Mounting plugin OnlineSubsystemUtils
LogPluginManager: Mounting plugin LauncherChunkInstaller
LogPluginManager: Mounting plugin AndroidDeviceProfileSelector
LogPluginManager: Mounting plugin AndroidMoviePlayer
LogPluginManager: Mounting plugin AndroidPermission
LogPluginManager: Mounting plugin AppleMoviePlayer
LogPluginManager: Mounting plugin ArchVisCharacter
LogPluginManager: Mounting plugin AudioCapture
LogPluginManager: Mounting plugin CableComponent
LogPluginManager: Mounting plugin CustomMeshComponent
LogPluginManager: Mounting plugin EditableMesh
LogPluginManager: Mounting plugin ExampleDeviceProfileSelector
LogPluginManager: Mounting plugin GoogleCloudMessaging
LogPluginManager: Mounting plugin ImmediatePhysics
LogPluginManager: Mounting plugin IOSDeviceProfileSelector
LogPluginManager: Mounting plugin LinuxDeviceProfileSelector
LogPluginManager: Mounting plugin LocationServicesBPLibrary
LogPluginManager: Mounting plugin MobilePatchingUtils
LogPluginManager: Mounting plugin OculusVR
LogPluginManager: Plugin shader directory ../../../Engine/Plugins/Runtime/Oculus/OculusVR/Shaders found
LogPluginManager: Mapping shader source directory ../../../Engine/Plugins/Runtime/Oculus/OculusVR/Shaders to virtual directory /Plugin/OculusVR
LogPluginManager: Mounting plugin PhysXVehicles
LogPluginManager: Mounting plugin ProceduralMeshComponent
LogPluginManager: Mounting plugin RuntimePhysXCooking
LogPluginManager: Mounting plugin SteamVR
LogPluginManager: Mounting plugin WindowsMoviePlayer
LogStreaming: Display: Took  0.084s to configure plugins.
LogInit: Using libcurl 7.55.1-DEV
LogInit:  - built for x86_64-pc-win32
LogInit:  - supports SSL with OpenSSL/1.0.2h
LogInit:  - supports HTTP deflate (compression) using libz 1.2.8
LogInit:  - other features:
LogInit:      CURL_VERSION_SSL
LogInit:      CURL_VERSION_LIBZ
LogInit:      CURL_VERSION_IPV6
LogInit:      CURL_VERSION_ASYNCHDNS
LogInit:      CURL_VERSION_LARGEFILE
LogInit:      CURL_VERSION_IDN
LogInit:  CurlRequestOptions (configurable via config and command line):
LogInit:  - bVerifyPeer = false  - Libcurl will NOT verify peer certificate
LogInit:  - bUseHttpProxy = false  - Libcurl will NOT use HTTP proxy
LogInit:  - bDontReuseConnections = false  - Libcurl will reuse connections
LogInit:  - CertBundlePath = nullptr  - Libcurl will use whatever was configured at build time.
LogInit:  - MaxHostConnections = 16  - Libcurl will limit the number of connections to a host
LogInit:  - LocalHostAddr = Default
LogInit:  - BufferSize = 65536
LogInit: WinSock: version 1.1 (2.2), MaxSocks=32767, MaxUdp=65467
LogInit: Build: ++UE4+Release-4.20-CL-4233996
LogInit: Engine Version: 4.20.1-4233996+++UE4+Release-4.20
LogInit: Compatible Engine Version: 4.20.0-4212847+++UE4+Release-4.20
LogInit: Net CL: 4212847
LogInit: OS: Windows 10 (), CPU: Intel(R) Core(TM) i7-6700 CPU @ 3.40GHz, GPU: AMD FirePro W4100
LogInit: Compiled (64-bit): Jul 26 2018 10:07:30
LogInit: Compiled with Visual C++: 19.13.26129.00
LogInit: Build Configuration: Development
LogInit: Branch Name: ++UE4+Release-4.20
LogInit: Command Line: 
LogInit: Base Directory: C:/Program Files/Epic Games/UE_4.20/Engine/Binaries/Win64/
LogInit: Installed Engine Build: 1
LogDevObjectVersion: Number of dev versions registered: 20
LogDevObjectVersion:   Dev-Blueprints (B0D832E4-1F89-4F0D-ACCF-7EB736FD4AA2): 10
LogDevObjectVersion:   Dev-Build (E1C64328-A22C-4D53-A36C-8E866417BD8C): 0
LogDevObjectVersion:   Dev-Core (375EC13C-06E4-48FB-B500-84F0262A717E): 2
LogDevObjectVersion:   Dev-Editor (E4B068ED-F494-42E9-A231-DA0B2E46BB41): 24
LogDevObjectVersion:   Dev-Framework (CFFC743F-43B0-4480-9391-14DF171D2073): 34
LogDevObjectVersion:   Dev-Mobile (B02B49B5-BB20-44E9-A304-32B752E40360): 2
LogDevObjectVersion:   Dev-Networking (A4E4105C-59A1-49B5-A7C5-40C4547EDFEE): 0
LogDevObjectVersion:   Dev-Online (39C831C9-5AE6-47DC-9A44-9C173E1C8E7C): 0
LogDevObjectVersion:   Dev-Physics (78F01B33-EBEA-4F98-B9B4-84EACCB95AA2): 0
LogDevObjectVersion:   Dev-Platform (6631380F-2D4D-43E0-8009-CF276956A95A): 0
LogDevObjectVersion:   Dev-Rendering (12F88B9F-8875-4AFC-A67C-D90C383ABD29): 26
LogDevObjectVersion:   Dev-Sequencer (7B5AE74C-D270-4C10-A958-57980B212A5A): 9
LogDevObjectVersion:   Dev-VR (D7296918-1DD6-4BDD-9DE2-64A83CC13884): 2
LogDevObjectVersion:   Dev-LoadTimes (C2A15278-BFE7-4AFE-6C17-90FF531DF755): 1
LogDevObjectVersion:   Private-Geometry (6EACA3D4-40EC-4CC1-B786-8BED09428FC5): 3
LogDevObjectVersion:   Dev-AnimPhys (29E575DD-E0A3-4627-9D10-D276232CDCEA): 17
LogDevObjectVersion:   Dev-ReflectionCapture (6B266CEC-1EC7-4B8F-A30B-E4D90942FC07): 1
LogDevObjectVersion:   Dev-Automation (0DF73D61-A23F-47EA-B727-89E90C41499A): 1
LogDevObjectVersion:   FortniteMain (601D1886-AC64-4F84-AA16-D3DE0DEAC7D6): 12
LogDevObjectVersion:   Dev-Enterprise (9DFFBCD6-494F-0158-E221-12823C92A888): 1
LogStreaming: Display: Took  0.001s to delete old logs.
LogInit: Presizing for max 8388607 objects, including 0 objects not considered by GC, pre-allocating 0 bytes for permanent pool.
LogInit: Object subsystem initialized
[2018.10.16-23.02.52:994][  0]LogInit: Selected Device Profile: [Windows]
[2018.10.16-23.02.52:994][  0]LogInit: Applying CVar settings loaded from the selected device profile: [Windows]
[2018.10.16-23.02.53:002][  0]LogHAL: Display: Platform has ~ 8 GB [8485916672 / 8589934592 / 8], which maps to Default [LargestMinGB=32, LargerMinGB=12, DefaultMinGB=8, SmallerMinGB=6, SmallestMinGB=0)
[2018.10.16-23.02.53:002][  0]LogInit: Setting Device Profile CVar: [[r.Vulkan.UseRealUBs:1]]
[2018.10.16-23.02.53:002][  0]LogInit: Going up to parent DeviceProfile []
[2018.10.16-23.02.53:003][  0]LogInit: Computer: CLSYSTEM01
[2018.10.16-23.02.53:003][  0]LogInit: User: User
[2018.10.16-23.02.53:003][  0]LogInit: CPU Page size=4096, Cores=4
[2018.10.16-23.02.53:003][  0]LogInit: High frequency timer resolution =3.328131 MHz
[2018.10.16-23.02.53:003][  0]LogMemory: Memory total: Physical=7.9GB (8GB approx)
[2018.10.16-23.02.53:003][  0]LogMemory: Platform Memory Stats for Windows
[2018.10.16-23.02.53:003][  0]LogMemory: Process Physical Memory: 100.06 MB used, 100.06 MB peak
[2018.10.16-23.02.53:003][  0]LogMemory: Process Virtual Memory: 90.79 MB used, 90.79 MB peak
[2018.10.16-23.02.53:003][  0]LogMemory: Physical Memory: 2803.58 MB used,  5289.22 MB free, 8092.80 MB total
[2018.10.16-23.02.53:003][  0]LogMemory: Virtual Memory: 510.60 MB used,  5289.22 MB free, 134217728.00 MB total
[2018.10.16-23.02.53:035][  0]LogInit: Using OS detected language (en-US).
[2018.10.16-23.02.53:035][  0]LogInit: Using OS detected locale (en-US).
[2018.10.16-23.02.53:039][  0]LogTextLocalizationManager: No specific localization for 'en-US' exists, so the 'en' localization will be used.
[2018.10.16-23.02.53:417][  0]LogStreaming: Display: Took  0.382s to InitEngineTextLocalization.
[2018.10.16-23.02.53:417][  0]LogInit: Setting process to per monitor DPI aware
[2018.10.16-23.02.53:453][  0]LogSlate: New Slate User Created.  User Index 0, Is Virtual User: 0
[2018.10.16-23.02.53:453][  0]LogSlate: Slate User Registered.  User Index 0, Is Virtual User: 0
[2018.10.16-23.02.53:763][  0]LogHMD: Failed to initialize OpenVR with code 110
[2018.10.16-23.02.53:763][  0]LogD3D11RHI: D3D11 adapters:
[2018.10.16-23.02.53:779][  0]LogD3D11RHI:    0. 'AMD FirePro W4100' (Feature Level 11_0)
[2018.10.16-23.02.53:779][  0]LogD3D11RHI:       2029/0/4046 MB DedicatedVideo/DedicatedSystem/SharedSystem, Outputs:1, VendorId:0x1002
[2018.10.16-23.02.53:786][  0]LogD3D11RHI:    1. 'Microsoft Basic Render Driver' (Feature Level 11_0)
[2018.10.16-23.02.53:786][  0]LogD3D11RHI:       0/0/4046 MB DedicatedVideo/DedicatedSystem/SharedSystem, Outputs:0, VendorId:0x1414
[2018.10.16-23.02.53:786][  0]LogD3D11RHI: Chosen D3D11 Adapter: 0
[2018.10.16-23.02.53:791][  0]LogD3D11RHI: Creating new Direct3DDevice
[2018.10.16-23.02.53:792][  0]LogD3D11RHI:     GPU DeviceId: 0x682c (for the marketing name, search the web for "GPU Device Id")
[2018.10.16-23.02.53:792][  0]LogWindows: EnumDisplayDevices:
[2018.10.16-23.02.53:792][  0]LogWindows:    0. 'AMD FirePro W4100' (P:1 D:1)
[2018.10.16-23.02.53:792][  0]LogWindows:    1. 'AMD FirePro W4100' (P:0 D:0)
[2018.10.16-23.02.53:792][  0]LogWindows:    2. 'AMD FirePro W4100' (P:0 D:0)
[2018.10.16-23.02.53:793][  0]LogWindows:    3. 'AMD FirePro W4100' (P:0 D:0)
[2018.10.16-23.02.53:793][  0]LogWindows:    4. 'AMD FirePro W4100' (P:0 D:0)
[2018.10.16-23.02.53:793][  0]LogWindows:    5. 'AMD FirePro W4100' (P:0 D:0)
[2018.10.16-23.02.53:793][  0]LogWindows:    6. 'LogMeIn Mirror Driver' (P:0 D:0)
[2018.10.16-23.02.53:794][  0]LogWindows: DebugString: GetVideoDriverDetailsInvalid PrimaryIsNotTheChoosenAdapter FoundDriverCount:6 
[2018.10.16-23.02.53:794][  0]LogD3D11RHI:     Adapter Name: AMD FirePro W4100
[2018.10.16-23.02.53:794][  0]LogD3D11RHI:   Driver Version: Crimson ReLive 17.1.1 (internal:21.19.384.3, unified:21.19.384.3)
[2018.10.16-23.02.53:794][  0]LogD3D11RHI:      Driver Date: 1-11-2017
[2018.10.16-23.02.53:794][  0]LogRHI: Texture pool is 1420 MB (70% of 2029 MB)
[2018.10.16-23.02.53:847][  0]LogD3D11RHI: Async texture creation enabled
[2018.10.16-23.02.53:858][  0]LogD3D11RHI: GPU Timing Frequency: 27.000000 (Debug: 2 1)
[2018.10.16-23.02.53:858][  0]LogShaderCompilers: Guid format shader working directory is -1 characters bigger than the processId version (../../../../../../Frogman/Kermitthebigadventur/Intermediate/Shaders/WorkingDirectory/3248/).
[2018.10.16-23.02.53:859][  0]LogShaderCompilers: Cleaned the shader compiler working directory 'C:/Users/User/AppData/Local/Temp/UnrealShaderWorkingDir/8B7F2C2843E4E736034453A340AB83D2/'.
[2018.10.16-23.02.54:047][  0]LogTemp: Display: Loaded TP AllDesktopTargetPlatform
[2018.10.16-23.02.54:059][  0]LogTemp: Display: Loaded TP MacClientTargetPlatform
[2018.10.16-23.02.54:071][  0]LogTemp: Display: Loaded TP MacNoEditorTargetPlatform
[2018.10.16-23.02.54:083][  0]LogTemp: Display: Loaded TP MacServerTargetPlatform
[2018.10.16-23.02.54:096][  0]LogTemp: Display: Loaded TP MacTargetPlatform
[2018.10.16-23.02.54:108][  0]LogTemp: Display: Loaded TP WindowsClientTargetPlatform
[2018.10.16-23.02.54:120][  0]LogTemp: Display: Loaded TP WindowsNoEditorTargetPlatform
[2018.10.16-23.02.54:133][  0]LogTemp: Display: Loaded TP WindowsServerTargetPlatform
[2018.10.16-23.02.54:139][  0]LogTemp: Display: Loaded TP WindowsTargetPlatform
[2018.10.16-23.02.54:207][  0]LogTemp: Display: Loaded TP AndroidTargetPlatform
[2018.10.16-23.02.54:207][  0]LogTemp: Display: Loaded TP AndroidTargetPlatform
[2018.10.16-23.02.54:207][  0]LogTemp: Display: Loaded TP AndroidTargetPlatform
[2018.10.16-23.02.54:207][  0]LogTemp: Display: Loaded TP AndroidTargetPlatform
[2018.10.16-23.02.54:207][  0]LogTemp: Display: Loaded TP AndroidTargetPlatform
[2018.10.16-23.02.54:207][  0]LogTemp: Display: Loaded TP AndroidTargetPlatform
[2018.10.16-23.02.54:207][  0]LogTemp: Display: Loaded TP AndroidTargetPlatform
[2018.10.16-23.02.54:207][  0]LogTemp: Display: Loaded TP AndroidTargetPlatform
[2018.10.16-23.02.54:207][  0]LogTemp: Display: Loaded TP AndroidTargetPlatform
[2018.10.16-23.02.54:207][  0]LogTemp: Display: Loaded TP AndroidTargetPlatform
[2018.10.16-23.02.54:207][  0]LogTemp: Display: Loaded TP AndroidTargetPlatform
[2018.10.16-23.02.54:207][  0]LogTemp: Display: Loaded TP AndroidTargetPlatform
[2018.10.16-23.02.54:207][  0]LogTemp: Display: Loaded TP AndroidTargetPlatform
[2018.10.16-23.02.54:207][  0]LogTemp: Display: Loaded TP AndroidTargetPlatform
[2018.10.16-23.02.54:207][  0]LogTemp: Display: Loaded TP AndroidTargetPlatform
[2018.10.16-23.02.54:207][  0]LogTemp: Display: Loaded TP AndroidTargetPlatform
[2018.10.16-23.02.54:207][  0]LogTemp: Display: Loaded TP AndroidTargetPlatform
[2018.10.16-23.02.54:207][  0]LogTemp: Display: Loaded TP AndroidTargetPlatform
[2018.10.16-23.02.54:212][  0]LogTemp: Display: Loaded TP HTML5TargetPlatform
[2018.10.16-23.02.54:273][  0]LogTemp: Display: Loaded TP IOSTargetPlatform
[2018.10.16-23.02.54:273][  0]LogTemp: Display: Loaded TP IOSTargetPlatform
[2018.10.16-23.02.54:293][  0]LogTemp: Display: Loaded TP TVOSTargetPlatform
[2018.10.16-23.02.54:293][  0]LogTemp: Display: Loaded TP TVOSTargetPlatform
[2018.10.16-23.02.54:306][  0]LogTemp: Display: Loaded TP LinuxClientTargetPlatform
[2018.10.16-23.02.54:317][  0]LogTemp: Display: Loaded TP LinuxNoEditorTargetPlatform
[2018.10.16-23.02.54:329][  0]LogTemp: Display: Loaded TP LinuxServerTargetPlatform
[2018.10.16-23.02.54:342][  0]LogTemp: Display: Loaded TP LinuxTargetPlatform
[2018.10.16-23.02.54:351][  0]LogTemp: Display: Loaded TP LuminTargetPlatform
[2018.10.16-23.02.54:351][  0]LogTargetPlatformManager: Display: Building Assets For Windows
[2018.10.16-23.02.54:425][  0]LogXGEController: Cleaning working directory: C:/Users/User/AppData/Local/Temp/UnrealXGEWorkingDir/
[2018.10.16-23.02.54:425][  0]LogXGEController: Cannot use XGE Controller as Incredibuild is not installed on this machine.
[2018.10.16-23.02.54:425][  0]LogShaderCompilers: Cannot use XGE Shader Compiler as Incredibuild is not installed on this machine.
[2018.10.16-23.02.54:425][  0]LogShaderCompilers: Display: Using Local Shader Compiler.
[2018.10.16-23.02.55:222][  0]LogDerivedDataCache: Display: Max Cache Size: 512 MB
[2018.10.16-23.02.55:701][  0]LogDerivedDataCache: Loaded boot cache 0.48s 87MB C:/Users/User/AppData/Local/UnrealEngine/4.20/DerivedDataCache/Boot.ddc.
[2018.10.16-23.02.55:701][  0]LogDerivedDataCache: Display: Loaded Boot cache: C:/Users/User/AppData/Local/UnrealEngine/4.20/DerivedDataCache/Boot.ddc
[2018.10.16-23.02.55:701][  0]LogDerivedDataCache: FDerivedDataBackendGraph:  Pak pak cache file ../../../../../../Frogman/Kermitthebigadventur/DerivedDataCache/DDC.ddp not found, will not use a pak cache.
[2018.10.16-23.02.55:701][  0]LogDerivedDataCache: Unable to find inner node Pak for hierarchical cache Hierarchy.
[2018.10.16-23.02.55:701][  0]LogDerivedDataCache: FDerivedDataBackendGraph:  CompressedPak pak cache file ../../../../../../Frogman/Kermitthebigadventur/DerivedDataCache/Compressed.ddp not found, will not use a pak cache.
[2018.10.16-23.02.55:701][  0]LogDerivedDataCache: Unable to find inner node CompressedPak for hierarchical cache Hierarchy.
[2018.10.16-23.02.55:714][  0]LogDerivedDataCache: Display: Pak cache opened for reading ../../../Engine/DerivedDataCache/Compressed.ddp.
[2018.10.16-23.02.55:727][  0]LogDerivedDataCache: Using Local data cache path C:/Users/User/AppData/Local/UnrealEngine/Common/DerivedDataCache: Writable
[2018.10.16-23.02.55:727][  0]LogDerivedDataCache: Shared data cache path not found in *engine.ini, will not use an Shared cache.
[2018.10.16-23.02.55:727][  0]LogDerivedDataCache: Unable to find inner node Shared for hierarchical cache Hierarchy.
[2018.10.16-23.02.55:746][  0]LogMaterial: Verifying Global Shaders for PCD3D_SM5
[2018.10.16-23.02.55:747][  0]LogSlate: Using FreeType 2.6.0
[2018.10.16-23.02.55:750][  0]LogSlate: SlateFontServices - WITH_FREETYPE: 1, WITH_HARFBUZZ: 1
[2018.10.16-23.02.55:879][  0]LogAssetRegistry: FAssetRegistry took 0.0252 seconds to start up
[2018.10.16-23.02.56:194][  0]LogInit: Selected Device Profile: [Windows]
[2018.10.16-23.02.56:333][  0]LogSimplygon: Simplygon DLL not present - disabling.
[2018.10.16-23.02.56:338][  0]LogMeshReduction: Using SimplygonSwarm for distributed automatic mesh merging
[2018.10.16-23.02.56:338][  0]LogMeshReduction: Using ProxyLODMeshReduction for automatic mesh merging
[2018.10.16-23.02.56:338][  0]LogMeshReduction: Using QuadricMeshReduction for automatic static mesh reduction
[2018.10.16-23.02.56:338][  0]LogMeshReduction: No automatic skeletal mesh reduction module available
[2018.10.16-23.02.56:355][  0]LogNetVersion: Kermitthebigadventur 1.0.0, NetCL: 4212847, EngineNetVer: 5, GameNetVer: 0 (Checksum: 2514576051)
[2018.10.16-23.02.56:852][  0]LogPackageLocalizationCache: Processed 11 localized package path(s) for 2 prioritized culture(s) in 0.067554 seconds
[2018.10.16-23.02.56:857][  0]LogUObjectArray: 38425 objects as part of root set at end of initial load.
[2018.10.16-23.02.56:858][  0]LogUObjectAllocator: 6690872 out of 0 bytes used by permanent object pool.
[2018.10.16-23.02.56:858][  0]LogUObjectArray: CloseDisregardForGC: 0/0 objects in disregard for GC pool
[2018.10.16-23.02.58:277][  0]LogTcpMessaging: Initializing TcpMessaging bridge
[2018.10.16-23.02.58:291][  0]LogUdpMessaging: Initializing bridge on interface 0.0.0.0:0 to multicast group 230.0.0.1:6666.
[2018.10.16-23.02.58:465][  0]SourceControl: Source control is disabled
[2018.10.16-23.02.58:465][  0]SourceControl: Source control is disabled
[2018.10.16-23.02.58:468][  0]SourceControl: Source control is disabled
[2018.10.16-23.02.58:470][  0]SourceControl: Source control is disabled
[2018.10.16-23.02.58:664][  0]LogAndroidPermission: UAndroidPermissionCallbackProxy::GetInstance
[2018.10.16-23.02.58:707][  0]LogOcInput: OculusInput pre-init called
[2018.10.16-23.02.58:775][  0]LogEngine: Initializing Engine...
[2018.10.16-23.02.58:776][  0]LogHMD: Failed to initialize OpenVR with code 110
[2018.10.16-23.02.58:777][  0]LogStats: UGameplayTagsManager::ConstructGameplayTagTree: ImportINI prefixes -  0.000 s
[2018.10.16-23.02.58:777][  0]LogStats: UGameplayTagsManager::ConstructGameplayTagTree: Construct from data asset -  0.000 s
[2018.10.16-23.02.58:777][  0]LogStats: UGameplayTagsManager::ConstructGameplayTagTree: ImportINI -  0.000 s
[2018.10.16-23.02.58:777][  0]LogStats: UGameplayTagsManager::ConstructGameplayTagTree: GameplayTagTreeChangedEvent.Broadcast -  0.000 s
[2018.10.16-23.02.59:044][  0]LogInit: Initializing FReadOnlyCVARCache
[2018.10.16-23.02.59:060][  0]LogAIModule: Creating AISystem for world Untitled
[2018.10.16-23.02.59:066][  0]LogInit: XAudio2 using 'Speakers / Headphones (Realtek Audio)' : 2 channels at 48 kHz using 32 bits per sample (channel mask 0x3)
[2018.10.16-23.02.59:223][  0]LogInit: FAudioDevice initialized.
[2018.10.16-23.02.59:223][  0]LogNetVersion: Set ProjectVersion to 1.0.0.0. Version Checksum will be recalculated on next use.
[2018.10.16-23.02.59:321][  0]LogDerivedDataCache: Saved boot cache 0.10s 87MB C:/Users/User/AppData/Local/UnrealEngine/4.20/DerivedDataCache/Boot.ddc.
[2018.10.16-23.02.59:331][  0]LogInit: Texture streaming: Enabled
[2018.10.16-23.02.59:349][  0]LogEngineSessionManager: EngineSessionManager initialized
[2018.10.16-23.02.59:363][  0]LogInit: Transaction tracking system initialized
[2018.10.16-23.02.59:394][  0]BlueprintLog: New page: Editor Load
[2018.10.16-23.02.59:494][  0]LocalizationService: Localization service is disabled
[2018.10.16-23.02.59:750][  0]LogCook: Display: Max memory allowance for cook 16384mb min free memory 0mb
[2018.10.16-23.02.59:750][  0]LogCook: Display: Mobile HDR setting 1
[2018.10.16-23.02.59:750][  0]LogGameplayTags: Display: UGameplayTagsManager::DoneAddingNativeTags. DelegateIsBound: 0
[2018.10.16-23.02.59:750][  0]LogStats: UGameplayTagsManager::ConstructGameplayTagTree: ImportINI prefixes -  0.000 s
[2018.10.16-23.02.59:750][  0]LogStats: UGameplayTagsManager::ConstructGameplayTagTree: Construct from data asset -  0.000 s
[2018.10.16-23.02.59:750][  0]LogStats: UGameplayTagsManager::ConstructGameplayTagTree: ImportINI -  0.000 s
[2018.10.16-23.02.59:750][  0]LogStats: UGameplayTagsManager::ConstructGameplayTagTree: GameplayTagTreeChangedEvent.Broadcast -  0.000 s
[2018.10.16-23.02.59:902][  0]LogFileCache: Scanning file cache for directory 'C:/Frogman/Kermitthebigadventur/Content/' took 0.02s
[2018.10.16-23.02.59:902][  0]SourceControl: Source control is disabled
[2018.10.16-23.02.59:902][  0]Cmd: MAP LOAD FILE="../../../../../../Frogman/Kermitthebigadventur/Content/ThirdPersonBP/Maps/ThirdPersonExampleMap.umap" TEMPLATE=0 SHOWPROGRESS=1 FEATURELEVEL=3
[2018.10.16-23.02.59:902][  0]LightingResults: New page: Lighting Build
[2018.10.16-23.02.59:905][  0]MapCheck: New page: Map Check
[2018.10.16-23.02.59:905][  0]LightingResults: New page: Lighting Build
[2018.10.16-23.03.00:471][  0]LogAIModule: Creating AISystem for world ThirdPersonExampleMap
[2018.10.16-23.03.00:483][  0]LogEditorServer: Finished looking for orphan Actors (0.000 secs)
[2018.10.16-23.03.00:505][  0]Cmd: MAP CHECKDEP NOCLEARLOG
[2018.10.16-23.03.00:559][  0]MapCheck: Map check complete: 0 Error(s), 0 Warning(s), took 54.071ms to complete.
[2018.10.16-23.03.00:559][  0]LogFileHelpers: Loading map 'ThirdPersonExampleMap' took 0.657
[2018.10.16-23.03.00:657][  0]LogSlate: Updating window title bar state: overlay mode, drag disabled, window buttons hidden, title bar hidden
[2018.10.16-23.03.00:664][  0]LogSlate: Updating window title bar state: overlay mode, drag disabled, window buttons hidden, title bar hidden
[2018.10.16-23.03.00:672][  0]LogSlate: Updating window title bar state: overlay mode, drag disabled, window buttons hidden, title bar hidden
[2018.10.16-23.03.00:678][  0]LogSlate: Updating window title bar state: overlay mode, drag disabled, window buttons hidden, title bar hidden
[2018.10.16-23.03.00:685][  0]LogCollectionManager: Loaded 0 collections in 0.001690 seconds
[2018.10.16-23.03.00:726][  0]LogFileCache: Scanning file cache for directory 'C:/Frogman/Kermitthebigadventur/Saved/Collections/' took 0.01s
[2018.10.16-23.03.00:726][  0]LogFileCache: Scanning file cache for directory 'C:/Frogman/Kermitthebigadventur/Content/Developers/User/Collections/' took 0.01s
[2018.10.16-23.03.00:726][  0]LogFileCache: Scanning file cache for directory 'C:/Frogman/Kermitthebigadventur/Content/Collections/' took 0.01s
[2018.10.16-23.03.00:726][  0]LogCollectionManager: Rebuilt the GUID cache for 0 collections in 0.000000 seconds
[2018.10.16-23.03.00:734][  0]LogContentBrowser: Native class hierarchy populated in 0.0080 seconds. Added 2572 classes and 603 folders.
[2018.10.16-23.03.00:741][  0]LogContentBrowser: Native class hierarchy updated for 'WidgetCarousel' in 0.0002 seconds. Added 0 classes and 0 folders.
[2018.10.16-23.03.00:869][  0]LogContentBrowser: Native class hierarchy updated for 'AddContentDialog' in 0.0002 seconds. Added 0 classes and 0 folders.
[2018.10.16-23.03.00:874][  0]LogContentBrowser: Native class hierarchy updated for 'SceneOutliner' in 0.0003 seconds. Added 1 classes and 2 folders.
[2018.10.16-23.03.00:890][  0]LogSlate: Took 0.001438 seconds to synchronously load lazily loaded font '../../../Engine/Content/Slate/Fonts/Roboto-Regular.ttf' (155K)
[2018.10.16-23.03.00:893][  0]LogSlate: Took 0.001552 seconds to synchronously load lazily loaded font '../../../Engine/Content/Slate/Fonts/Roboto-Bold.ttf' (160K)
[2018.10.16-23.03.00:898][  0]LogSlate: Took 0.001605 seconds to synchronously load lazily loaded font '../../../Engine/Content/Editor/Slate/Fonts/FontAwesome.ttf' (139K)
[2018.10.16-23.03.00:977][  0]LogRenderer: Reallocating scene render targets to support 1208x576 Format 10 NumSamples 1 (Frame:1).
[2018.10.16-23.03.01:055][  0]LogSlate: Took 0.001610 seconds to synchronously load lazily loaded font '../../../Engine/Content/Slate/Fonts/Roboto-Light.ttf' (167K)
[2018.10.16-23.03.01:135][  0]LogSlate: FSceneViewport::OnFocusLost() reason 2
[2018.10.16-23.03.01:152][  0]LogSlate: Window 'Tutorials' being destroyed
[2018.10.16-23.03.01:182][  0]LogContentBrowser: Native class hierarchy updated for 'HierarchicalLODOutliner' in 0.0002 seconds. Added 0 classes and 0 folders.
[2018.10.16-23.03.01:182][  0]LogLoad: (Engine Initialization) Total time: 10.86 seconds
[2018.10.16-23.03.01:182][  0]LogLoad: (Engine Initialization) Total Blueprint compile time: 0.00 seconds
[2018.10.16-23.03.01:194][  0]LogWindowsTextInputMethodSystem: Display: IME system now deactivated.
[2018.10.16-23.03.01:221][  0]LogContentStreaming: Texture pool size now 3000 MB
[2018.10.16-23.03.01:256][  1]LogAssetRegistry: Asset discovery search completed in 5.3988 seconds
[2018.10.16-23.03.01:257][  1]LogCollectionManager: Rebuilt the object cache for 0 collections in 0.000000 seconds (found 0 objects)
[2018.10.16-23.03.01:257][  1]LogCollectionManager: Fixed up redirectors for 0 collections in 0.000047 seconds (updated 0 objects)
[2018.10.16-23.03.03:154][ 91]LogSlate: FSceneViewport::OnFocusLost() reason 0
[2018.10.16-23.03.03:252][100]LogTemp: Repeating last play command: Selected Viewport
[2018.10.16-23.03.03:270][100]LogBlueprintUserMessages: Early PlayInEditor Detection: Level '/Game/ThirdPersonBP/Maps/ThirdPersonExampleMap.ThirdPersonExampleMap:PersistentLevel' has LevelScriptBlueprint '/Game/ThirdPersonBP/Maps/ThirdPersonExampleMap.ThirdPersonExampleMap:PersistentLevel.ThirdPersonExampleMap' with GeneratedClass '/Game/ThirdPersonBP/Maps/ThirdPersonExampleMap.ThirdPersonExampleMap_C' with ClassGeneratedBy '/Game/ThirdPersonBP/Maps/ThirdPersonExampleMap.ThirdPersonExampleMap:PersistentLevel.ThirdPersonExampleMap'
[2018.10.16-23.03.03:270][100]LogPlayLevel: PlayLevel: No blueprints needed recompiling
[2018.10.16-23.03.03:282][100]PIE: New page: PIE session: ThirdPersonExampleMap (Oct 16, 2018, 9:03:03 AM)
[2018.10.16-23.03.03:282][100]LogPlayLevel: Creating play world package: /Game/ThirdPersonBP/Maps/UEDPIE_0_ThirdPersonExampleMap
[2018.10.16-23.03.03:316][100]LogPlayLevel: PIE: StaticDuplicateObject took: (0.033623s)
[2018.10.16-23.03.03:317][100]LogAIModule: Creating AISystem for world ThirdPersonExampleMap
[2018.10.16-23.03.03:318][100]LogPlayLevel: PIE: World Init took: (0.001903s)
[2018.10.16-23.03.03:318][100]LogPlayLevel: PIE: Created PIE world by copying editor world from /Game/ThirdPersonBP/Maps/ThirdPersonExampleMap.ThirdPersonExampleMap to /Game/ThirdPersonBP/Maps/UEDPIE_0_ThirdPersonExampleMap.ThirdPersonExampleMap (0.035865s)
[2018.10.16-23.03.03:342][100]LogInit: XAudio2 using 'Speakers / Headphones (Realtek Audio)' : 2 channels at 48 kHz using 32 bits per sample (channel mask 0x3)
[2018.10.16-23.03.03:354][100]LogInit: FAudioDevice initialized.
[2018.10.16-23.03.03:395][100]LogLinker: Warning: Can't find file '/Game/ThirdPersonBP/Blueprints/ThirdPersonGameMode'
[2018.10.16-23.03.03:395][100]LogLinker: Warning: Can't find file '/Game/ThirdPersonBP/Blueprints/ThirdPersonGameMode'
[2018.10.16-23.03.03:395][100]LogUObjectGlobals: Warning: Failed to find object 'Class /Game/ThirdPersonBP/Blueprints/ThirdPersonGameMode.ThirdPersonGameMode_C'
[2018.10.16-23.03.03:395][100]LogLoad: Game class is 'GameModeBase'
[2018.10.16-23.03.03:398][100]LogWorld: Bringing World /Game/ThirdPersonBP/Maps/UEDPIE_0_ThirdPersonExampleMap.ThirdPersonExampleMap up for play (max tick rate 0) at 2018.10.16-16.03.03
[2018.10.16-23.03.03:399][100]LogWorld: Bringing up level for play took: 0.002351
[2018.10.16-23.03.03:417][100]LogContentBrowser: Native class hierarchy updated for 'MovieSceneCapture' in 0.0004 seconds. Added 10 classes and 0 folders.
[2018.10.16-23.03.03:418][100]PIE: Play in editor start time for /Game/ThirdPersonBP/Maps/UEDPIE_0_ThirdPersonExampleMap -0.788
[2018.10.16-23.03.03:418][100]LogBlueprintUserMessages: Late PlayInEditor Detection: Level '/Game/ThirdPersonBP/Maps/ThirdPersonExampleMap.ThirdPersonExampleMap:PersistentLevel' has LevelScriptBlueprint '/Game/ThirdPersonBP/Maps/ThirdPersonExampleMap.ThirdPersonExampleMap:PersistentLevel.ThirdPersonExampleMap' with GeneratedClass '/Game/ThirdPersonBP/Maps/ThirdPersonExampleMap.ThirdPersonExampleMap_C' with ClassGeneratedBy '/Game/ThirdPersonBP/Maps/ThirdPersonExampleMap.ThirdPersonExampleMap:PersistentLevel.ThirdPersonExampleMap'
[2018.10.16-23.03.07:362][299]LogBlueprintUserMessages: Early EndPlayMap Detection: Level '/Game/ThirdPersonBP/Maps/ThirdPersonExampleMap.ThirdPersonExampleMap:PersistentLevel' has LevelScriptBlueprint '/Game/ThirdPersonBP/Maps/ThirdPersonExampleMap.ThirdPersonExampleMap:PersistentLevel.ThirdPersonExampleMap' with GeneratedClass '/Game/ThirdPersonBP/Maps/ThirdPersonExampleMap.ThirdPersonExampleMap_C' with ClassGeneratedBy '/Game/ThirdPersonBP/Maps/ThirdPersonExampleMap.ThirdPersonExampleMap:PersistentLevel.ThirdPersonExampleMap'
[2018.10.16-23.03.07:362][299]LogSlate: Updating window title bar state: overlay mode, drag disabled, window buttons hidden, title bar hidden
[2018.10.16-23.03.07:410][299]LogPlayLevel: Display: Shutting down PIE online subsystems
[2018.10.16-23.03.07:411][299]LogBlueprintUserMessages: Late EndPlayMap Detection: Level '/Game/ThirdPersonBP/Maps/ThirdPersonExampleMap.ThirdPersonExampleMap:PersistentLevel' has LevelScriptBlueprint '/Game/ThirdPersonBP/Maps/ThirdPersonExampleMap.ThirdPersonExampleMap:PersistentLevel.ThirdPersonExampleMap' with GeneratedClass '/Game/ThirdPersonBP/Maps/ThirdPersonExampleMap.ThirdPersonExampleMap_C' with ClassGeneratedBy '/Game/ThirdPersonBP/Maps/ThirdPersonExampleMap.ThirdPersonExampleMap:PersistentLevel.ThirdPersonExampleMap'
[2018.10.16-23.03.07:432][299]LogSlate: Updating window title bar state: overlay mode, drag disabled, window buttons hidden, title bar hidden
[2018.10.16-23.03.07:470][300]LogPlayLevel: Display: Destroying online subsystem :Context_2
[2018.10.16-23.03.10:321][425]LogEditorViewport: Clicking on Actor (LMB): Kermit_C (ThirdPersonCharacter)
[2018.10.16-23.03.15:127][577]LogSlate: FSceneViewport::OnFocusLost() reason 0
[2018.10.16-23.03.24:425][872]LogEditorViewport: Clicking on Actor (LMB): StaticMeshActor (Floor)
[2018.10.16-23.03.25:171][896]LogEditorViewport: Clicking on Actor (LMB): Kermit_C (ThirdPersonCharacter)
[2018.10.16-23.03.26:344][931]Cmd: DELETE
[2018.10.16-23.03.26:344][931]Cmd: ACTOR DELETE
[2018.10.16-23.03.26:349][931]LogEditorActor: Deleted Actor: Kermit_C
[2018.10.16-23.03.26:419][931]LogEditorActor: Deleted 1 Actors (0.074 secs)
[2018.10.16-23.03.28:080][  2]LogSlate: FSceneViewport::OnFocusLost() reason 0
[2018.10.16-23.03.28:176][  6]LogTemp: Repeating last play command: Selected Viewport
[2018.10.16-23.03.28:187][  6]LogBlueprintUserMessages: Early PlayInEditor Detection: Level '/Game/ThirdPersonBP/Maps/ThirdPersonExampleMap.ThirdPersonExampleMap:PersistentLevel' has LevelScriptBlueprint '/Game/ThirdPersonBP/Maps/ThirdPersonExampleMap.ThirdPersonExampleMap:PersistentLevel.ThirdPersonExampleMap' with GeneratedClass '/Game/ThirdPersonBP/Maps/ThirdPersonExampleMap.ThirdPersonExampleMap_C' with ClassGeneratedBy '/Game/ThirdPersonBP/Maps/ThirdPersonExampleMap.ThirdPersonExampleMap:PersistentLevel.ThirdPersonExampleMap'
[2018.10.16-23.03.28:187][  6]LogPlayLevel: PlayLevel: No blueprints needed recompiling
[2018.10.16-23.03.28:187][  6]PIE: New page: PIE session: ThirdPersonExampleMap (Oct 16, 2018, 9:03:28 AM)
[2018.10.16-23.03.28:187][  6]LogPlayLevel: Creating play world package: /Game/ThirdPersonBP/Maps/UEDPIE_0_ThirdPersonExampleMap
[2018.10.16-23.03.28:206][  6]LogPlayLevel: PIE: StaticDuplicateObject took: (0.018826s)
[2018.10.16-23.03.28:207][  6]LogAIModule: Creating AISystem for world ThirdPersonExampleMap
[2018.10.16-23.03.28:207][  6]LogPlayLevel: PIE: World Init took: (0.001189s)
[2018.10.16-23.03.28:207][  6]LogPlayLevel: PIE: Created PIE world by copying editor world from /Game/ThirdPersonBP/Maps/ThirdPersonExampleMap.ThirdPersonExampleMap to /Game/ThirdPersonBP/Maps/UEDPIE_0_ThirdPersonExampleMap.ThirdPersonExampleMap (0.020187s)
[2018.10.16-23.03.28:229][  6]LogInit: XAudio2 using 'Speakers / Headphones (Realtek Audio)' : 2 channels at 48 kHz using 32 bits per sample (channel mask 0x3)
[2018.10.16-23.03.28:243][  6]LogInit: FAudioDevice initialized.
[2018.10.16-23.03.28:277][  6]LogLoad: Game class is 'GameModeBase'
[2018.10.16-23.03.28:280][  6]LogWorld: Bringing World /Game/ThirdPersonBP/Maps/UEDPIE_0_ThirdPersonExampleMap.ThirdPersonExampleMap up for play (max tick rate 0) at 2018.10.16-16.03.28
[2018.10.16-23.03.28:281][  6]LogWorld: Bringing up level for play took: 0.002179
[2018.10.16-23.03.28:293][  6]PIE: Play in editor start time for /Game/ThirdPersonBP/Maps/UEDPIE_0_ThirdPersonExampleMap 0.088
[2018.10.16-23.03.28:293][  6]LogBlueprintUserMessages: Late PlayInEditor Detection: Level '/Game/ThirdPersonBP/Maps/ThirdPersonExampleMap.ThirdPersonExampleMap:PersistentLevel' has LevelScriptBlueprint '/Game/ThirdPersonBP/Maps/ThirdPersonExampleMap.ThirdPersonExampleMap:PersistentLevel.ThirdPersonExampleMap' with GeneratedClass '/Game/ThirdPersonBP/Maps/ThirdPersonExampleMap.ThirdPersonExampleMap_C' with ClassGeneratedBy '/Game/ThirdPersonBP/Maps/ThirdPersonExampleMap.ThirdPersonExampleMap:PersistentLevel.ThirdPersonExampleMap'
[2018.10.16-23.03.36:481][366]LogBlueprintUserMessages: Early EndPlayMap Detection: Level '/Game/ThirdPersonBP/Maps/ThirdPersonExampleMap.ThirdPersonExampleMap:PersistentLevel' has LevelScriptBlueprint '/Game/ThirdPersonBP/Maps/ThirdPersonExampleMap.ThirdPersonExampleMap:PersistentLevel.ThirdPersonExampleMap' with GeneratedClass '/Game/ThirdPersonBP/Maps/ThirdPersonExampleMap.ThirdPersonExampleMap_C' with ClassGeneratedBy '/Game/ThirdPersonBP/Maps/ThirdPersonExampleMap.ThirdPersonExampleMap:PersistentLevel.ThirdPersonExampleMap'
[2018.10.16-23.03.36:482][366]LogSlate: Updating window title bar state: overlay mode, drag disabled, window buttons hidden, title bar hidden
[2018.10.16-23.03.36:533][366]LogPlayLevel: Display: Shutting down PIE online subsystems
[2018.10.16-23.03.36:533][366]LogBlueprintUserMessages: Late EndPlayMap Detection: Level '/Game/ThirdPersonBP/Maps/ThirdPersonExampleMap.ThirdPersonExampleMap:PersistentLevel' has LevelScriptBlueprint '/Game/ThirdPersonBP/Maps/ThirdPersonExampleMap.ThirdPersonExampleMap:PersistentLevel.ThirdPersonExampleMap' with GeneratedClass '/Game/ThirdPersonBP/Maps/ThirdPersonExampleMap.ThirdPersonExampleMap_C' with ClassGeneratedBy '/Game/ThirdPersonBP/Maps/ThirdPersonExampleMap.ThirdPersonExampleMap:PersistentLevel.ThirdPersonExampleMap'
[2018.10.16-23.03.36:553][366]LogSlate: Updating window title bar state: overlay mode, drag disabled, window buttons hidden, title bar hidden
[2018.10.16-23.03.36:586][367]LogPlayLevel: Display: Destroying online subsystem :Context_6
[2018.10.16-23.03.40:653][517]LogSlate: FSceneViewport::OnFocusLost() reason 0
[2018.10.16-23.03.44:684][659]LogSlate: Took 0.000212 seconds to synchronously load lazily loaded font '../../../Engine/Content/Slate/Fonts/Roboto-Light.ttf' (167K)
[2018.10.16-23.03.44:709][659]LogAssetEditorManager: Opening Asset editor for Blueprint /Game/ThirdPersonBP/Kermit/ThirdPersonGameMode.ThirdPersonGameMode
[2018.10.16-23.03.45:254][659]LogContentBrowser: Native class hierarchy updated for 'BlueprintGraph' in 0.0005 seconds. Added 116 classes and 0 folders.
[2018.10.16-23.04.18:108][833]BlueprintLog: New page: Compile ThirdPersonGameMode
[2018.10.16-23.04.19:407][875]LogTemp: Repeating last play command: Selected Viewport
[2018.10.16-23.04.19:423][875]LogBlueprintUserMessages: Early PlayInEditor Detection: Level '/Game/ThirdPersonBP/Maps/ThirdPersonExampleMap.ThirdPersonExampleMap:PersistentLevel' has LevelScriptBlueprint '/Game/ThirdPersonBP/Maps/ThirdPersonExampleMap.ThirdPersonExampleMap:PersistentLevel.ThirdPersonExampleMap' with GeneratedClass '/Game/ThirdPersonBP/Maps/ThirdPersonExampleMap.ThirdPersonExampleMap_C' with ClassGeneratedBy '/Game/ThirdPersonBP/Maps/ThirdPersonExampleMap.ThirdPersonExampleMap:PersistentLevel.ThirdPersonExampleMap'
[2018.10.16-23.04.19:423][875]LogPlayLevel: PlayLevel: No blueprints needed recompiling
[2018.10.16-23.04.19:423][875]PIE: New page: PIE session: ThirdPersonExampleMap (Oct 16, 2018, 9:04:19 AM)
[2018.10.16-23.04.19:423][875]LogPlayLevel: Creating play world package: /Game/ThirdPersonBP/Maps/UEDPIE_0_ThirdPersonExampleMap
[2018.10.16-23.04.19:442][875]LogPlayLevel: PIE: StaticDuplicateObject took: (0.018803s)
[2018.10.16-23.04.19:444][875]LogAIModule: Creating AISystem for world ThirdPersonExampleMap
[2018.10.16-23.04.19:444][875]LogPlayLevel: PIE: World Init took: (0.001865s)
[2018.10.16-23.04.19:444][875]LogPlayLevel: PIE: Created PIE world by copying editor world from /Game/ThirdPersonBP/Maps/ThirdPersonExampleMap.ThirdPersonExampleMap to /Game/ThirdPersonBP/Maps/UEDPIE_0_ThirdPersonExampleMap.ThirdPersonExampleMap (0.020832s)
[2018.10.16-23.04.19:476][875]LogInit: XAudio2 using 'Speakers / Headphones (Realtek Audio)' : 2 channels at 48 kHz using 32 bits per sample (channel mask 0x3)
[2018.10.16-23.04.19:489][875]LogInit: FAudioDevice initialized.
[2018.10.16-23.04.19:519][875]LogLoad: Game class is 'GameModeBase'
[2018.10.16-23.04.19:521][875]LogWorld: Bringing World /Game/ThirdPersonBP/Maps/UEDPIE_0_ThirdPersonExampleMap.ThirdPersonExampleMap up for play (max tick rate 0) at 2018.10.16-16.04.19
[2018.10.16-23.04.19:522][875]LogWorld: Bringing up level for play took: 0.001670
[2018.10.16-23.04.19:534][875]PIE: Play in editor start time for /Game/ThirdPersonBP/Maps/UEDPIE_0_ThirdPersonExampleMap -0.672
[2018.10.16-23.04.19:534][875]LogBlueprintUserMessages: Late PlayInEditor Detection: Level '/Game/ThirdPersonBP/Maps/ThirdPersonExampleMap.ThirdPersonExampleMap:PersistentLevel' has LevelScriptBlueprint '/Game/ThirdPersonBP/Maps/ThirdPersonExampleMap.ThirdPersonExampleMap:PersistentLevel.ThirdPersonExampleMap' with GeneratedClass '/Game/ThirdPersonBP/Maps/ThirdPersonExampleMap.ThirdPersonExampleMap_C' with ClassGeneratedBy '/Game/ThirdPersonBP/Maps/ThirdPersonExampleMap.ThirdPersonExampleMap:PersistentLevel.ThirdPersonExampleMap'
[2018.10.16-23.04.21:467][951]LogSlate: Window 'ThirdPersonGameMode*' being destroyed
[2018.10.16-23.04.21:472][951]LogSlate: Window 'ThirdPersonGameMode*' being destroyed
[2018.10.16-23.04.23:278][ 26]LogBlueprintUserMessages: Early EndPlayMap Detection: Level '/Game/ThirdPersonBP/Maps/ThirdPersonExampleMap.ThirdPersonExampleMap:PersistentLevel' has LevelScriptBlueprint '/Game/ThirdPersonBP/Maps/ThirdPersonExampleMap.ThirdPersonExampleMap:PersistentLevel.ThirdPersonExampleMap' with GeneratedClass '/Game/ThirdPersonBP/Maps/ThirdPersonExampleMap.ThirdPersonExampleMap_C' with ClassGeneratedBy '/Game/ThirdPersonBP/Maps/ThirdPersonExampleMap.ThirdPersonExampleMap:PersistentLevel.ThirdPersonExampleMap'
[2018.10.16-23.04.23:279][ 26]LogSlate: Updating window title bar state: overlay mode, drag disabled, window buttons hidden, title bar hidden
[2018.10.16-23.04.23:327][ 26]LogPlayLevel: Display: Shutting down PIE online subsystems
[2018.10.16-23.04.23:328][ 26]LogBlueprintUserMessages: Late EndPlayMap Detection: Level '/Game/ThirdPersonBP/Maps/ThirdPersonExampleMap.ThirdPersonExampleMap:PersistentLevel' has LevelScriptBlueprint '/Game/ThirdPersonBP/Maps/ThirdPersonExampleMap.ThirdPersonExampleMap:PersistentLevel.ThirdPersonExampleMap' with GeneratedClass '/Game/ThirdPersonBP/Maps/ThirdPersonExampleMap.ThirdPersonExampleMap_C' with ClassGeneratedBy '/Game/ThirdPersonBP/Maps/ThirdPersonExampleMap.ThirdPersonExampleMap:PersistentLevel.ThirdPersonExampleMap'
[2018.10.16-23.04.23:355][ 26]LogSlate: Updating window title bar state: overlay mode, drag disabled, window buttons hidden, title bar hidden
[2018.10.16-23.04.23:397][ 27]LogPlayLevel: Display: Destroying online subsystem :Context_11
[2018.10.16-23.04.24:954][ 89]LogSlate: FSceneViewport::OnFocusLost() reason 0
[2018.10.16-23.04.27:136][173]LogSlate: FSceneViewport::OnFocusLost() reason 0
[2018.10.16-23.04.27:238][177]LogTemp: Repeating last play command: Selected Viewport
[2018.10.16-23.04.27:250][177]LogBlueprintUserMessages: Early PlayInEditor Detection: Level '/Game/ThirdPersonBP/Maps/ThirdPersonExampleMap.ThirdPersonExampleMap:PersistentLevel' has LevelScriptBlueprint '/Game/ThirdPersonBP/Maps/ThirdPersonExampleMap.ThirdPersonExampleMap:PersistentLevel.ThirdPersonExampleMap' with GeneratedClass '/Game/ThirdPersonBP/Maps/ThirdPersonExampleMap.ThirdPersonExampleMap_C' with ClassGeneratedBy '/Game/ThirdPersonBP/Maps/ThirdPersonExampleMap.ThirdPersonExampleMap:PersistentLevel.ThirdPersonExampleMap'
[2018.10.16-23.04.27:251][177]LogPlayLevel: PlayLevel: No blueprints needed recompiling
[2018.10.16-23.04.27:251][177]PIE: New page: PIE session: ThirdPersonExampleMap (Oct 16, 2018, 9:04:27 AM)
[2018.10.16-23.04.27:251][177]LogPlayLevel: Creating play world package: /Game/ThirdPersonBP/Maps/UEDPIE_0_ThirdPersonExampleMap
[2018.10.16-23.04.27:271][177]LogPlayLevel: PIE: StaticDuplicateObject took: (0.019808s)
[2018.10.16-23.04.27:272][177]LogAIModule: Creating AISystem for world ThirdPersonExampleMap
[2018.10.16-23.04.27:272][177]LogPlayLevel: PIE: World Init took: (0.001460s)
[2018.10.16-23.04.27:272][177]LogPlayLevel: PIE: Created PIE world by copying editor world from /Game/ThirdPersonBP/Maps/ThirdPersonExampleMap.ThirdPersonExampleMap to /Game/ThirdPersonBP/Maps/UEDPIE_0_ThirdPersonExampleMap.ThirdPersonExampleMap (0.021504s)
[2018.10.16-23.04.27:330][177]LogInit: XAudio2 using 'Speakers / Headphones (Realtek Audio)' : 2 channels at 48 kHz using 32 bits per sample (channel mask 0x3)
[2018.10.16-23.04.27:343][177]LogInit: FAudioDevice initialized.
[2018.10.16-23.04.27:378][177]LogLoad: Game class is 'GameModeBase'
[2018.10.16-23.04.27:380][177]LogWorld: Bringing World /Game/ThirdPersonBP/Maps/UEDPIE_0_ThirdPersonExampleMap.ThirdPersonExampleMap up for play (max tick rate 0) at 2018.10.16-16.04.27
[2018.10.16-23.04.27:380][177]LogWorld: Bringing up level for play took: 0.001540
[2018.10.16-23.04.27:393][177]PIE: Play in editor start time for /Game/ThirdPersonBP/Maps/UEDPIE_0_ThirdPersonExampleMap -0.813
[2018.10.16-23.04.27:393][177]LogBlueprintUserMessages: Late PlayInEditor Detection: Level '/Game/ThirdPersonBP/Maps/ThirdPersonExampleMap.ThirdPersonExampleMap:PersistentLevel' has LevelScriptBlueprint '/Game/ThirdPersonBP/Maps/ThirdPersonExampleMap.ThirdPersonExampleMap:PersistentLevel.ThirdPersonExampleMap' with GeneratedClass '/Game/ThirdPersonBP/Maps/ThirdPersonExampleMap.ThirdPersonExampleMap_C' with ClassGeneratedBy '/Game/ThirdPersonBP/Maps/ThirdPersonExampleMap.ThirdPersonExampleMap:PersistentLevel.ThirdPersonExampleMap'
[2018.10.16-23.04.30:007][287]LogBlueprintUserMessages: Early EndPlayMap Detection: Level '/Game/ThirdPersonBP/Maps/ThirdPersonExampleMap.ThirdPersonExampleMap:PersistentLevel' has LevelScriptBlueprint '/Game/ThirdPersonBP/Maps/ThirdPersonExampleMap.ThirdPersonExampleMap:PersistentLevel.ThirdPersonExampleMap' with GeneratedClass '/Game/ThirdPersonBP/Maps/ThirdPersonExampleMap.ThirdPersonExampleMap_C' with ClassGeneratedBy '/Game/ThirdPersonBP/Maps/ThirdPersonExampleMap.ThirdPersonExampleMap:PersistentLevel.ThirdPersonExampleMap'
[2018.10.16-23.04.30:007][287]LogSlate: Updating window title bar state: overlay mode, drag disabled, window buttons hidden, title bar hidden
[2018.10.16-23.04.30:058][287]LogPlayLevel: Display: Shutting down PIE online subsystems
[2018.10.16-23.04.30:059][287]LogBlueprintUserMessages: Late EndPlayMap Detection: Level '/Game/ThirdPersonBP/Maps/ThirdPersonExampleMap.ThirdPersonExampleMap:PersistentLevel' has LevelScriptBlueprint '/Game/ThirdPersonBP/Maps/ThirdPersonExampleMap.ThirdPersonExampleMap:PersistentLevel.ThirdPersonExampleMap' with GeneratedClass '/Game/ThirdPersonBP/Maps/ThirdPersonExampleMap.ThirdPersonExampleMap_C' with ClassGeneratedBy '/Game/ThirdPersonBP/Maps/ThirdPersonExampleMap.ThirdPersonExampleMap:PersistentLevel.ThirdPersonExampleMap'
[2018.10.16-23.04.30:085][287]LogSlate: Updating window title bar state: overlay mode, drag disabled, window buttons hidden, title bar hidden
[2018.10.16-23.04.30:118][288]LogPlayLevel: Display: Destroying online subsystem :Context_12
[2018.10.16-23.04.32:942][398]LogEditorViewport: Clicking on Actor (LMB): PlayerStart (PlayerStart)
[2018.10.16-23.04.34:720][461]LogNavigationPoint: PostEditMove Clear paths rebuilt
[2018.10.16-23.04.35:695][495]Cmd: DELETE
[2018.10.16-23.04.35:695][495]Cmd: ACTOR DELETE
[2018.10.16-23.04.35:697][495]LogEditorActor: Deleted Actor: PlayerStart
[2018.10.16-23.04.35:722][495]LogEditorActor: Deleted 1 Actors (0.028 secs)
[2018.10.16-23.04.37:869][574]LogEditorViewport: Clicking on Actor (LMB): PlayerStart (NetworkPlayerStart)
[2018.10.16-23.04.40:803][679]LogSlate: FSceneViewport::OnFocusLost() reason 0
[2018.10.16-23.05.45:679][606]LogSlate: FSceneViewport::OnFocusLost() reason 0
[2018.10.16-23.05.45:780][609]LogTemp: Repeating last play command: Selected Viewport
[2018.10.16-23.05.45:791][609]LogBlueprintUserMessages: Early PlayInEditor Detection: Level '/Game/ThirdPersonBP/Maps/ThirdPersonExampleMap.ThirdPersonExampleMap:PersistentLevel' has LevelScriptBlueprint '/Game/ThirdPersonBP/Maps/ThirdPersonExampleMap.ThirdPersonExampleMap:PersistentLevel.ThirdPersonExampleMap' with GeneratedClass '/Game/ThirdPersonBP/Maps/ThirdPersonExampleMap.ThirdPersonExampleMap_C' with ClassGeneratedBy '/Game/ThirdPersonBP/Maps/ThirdPersonExampleMap.ThirdPersonExampleMap:PersistentLevel.ThirdPersonExampleMap'
[2018.10.16-23.05.45:792][609]LogPlayLevel: PlayLevel: No blueprints needed recompiling
[2018.10.16-23.05.45:792][609]PIE: New page: PIE session: ThirdPersonExampleMap (Oct 16, 2018, 9:05:45 AM)
[2018.10.16-23.05.45:792][609]LogPlayLevel: Creating play world package: /Game/ThirdPersonBP/Maps/UEDPIE_0_ThirdPersonExampleMap
[2018.10.16-23.05.45:816][609]LogPlayLevel: PIE: StaticDuplicateObject took: (0.023853s)
[2018.10.16-23.05.45:818][609]LogAIModule: Creating AISystem for world ThirdPersonExampleMap
[2018.10.16-23.05.45:818][609]LogPlayLevel: PIE: World Init took: (0.001747s)
[2018.10.16-23.05.45:818][609]LogPlayLevel: PIE: Created PIE world by copying editor world from /Game/ThirdPersonBP/Maps/ThirdPersonExampleMap.ThirdPersonExampleMap to /Game/ThirdPersonBP/Maps/UEDPIE_0_ThirdPersonExampleMap.ThirdPersonExampleMap (0.025740s)
[2018.10.16-23.05.45:871][609]LogInit: XAudio2 using 'Speakers / Headphones (Realtek Audio)' : 2 channels at 48 kHz using 32 bits per sample (channel mask 0x3)
[2018.10.16-23.05.45:885][609]LogInit: FAudioDevice initialized.
[2018.10.16-23.05.45:916][609]LogLoad: Game class is 'GameModeBase'
[2018.10.16-23.05.45:919][609]LogWorld: Bringing World /Game/ThirdPersonBP/Maps/UEDPIE_0_ThirdPersonExampleMap.ThirdPersonExampleMap up for play (max tick rate 0) at 2018.10.16-16.05.45
[2018.10.16-23.05.45:920][609]LogWorld: Bringing up level for play took: 0.002343
[2018.10.16-23.05.45:932][609]PIE: Play in editor start time for /Game/ThirdPersonBP/Maps/UEDPIE_0_ThirdPersonExampleMap -0.274
[2018.10.16-23.05.45:932][609]LogBlueprintUserMessages: Late PlayInEditor Detection: Level '/Game/ThirdPersonBP/Maps/ThirdPersonExampleMap.ThirdPersonExampleMap:PersistentLevel' has LevelScriptBlueprint '/Game/ThirdPersonBP/Maps/ThirdPersonExampleMap.ThirdPersonExampleMap:PersistentLevel.ThirdPersonExampleMap' with GeneratedClass '/Game/ThirdPersonBP/Maps/ThirdPersonExampleMap.ThirdPersonExampleMap_C' with ClassGeneratedBy '/Game/ThirdPersonBP/Maps/ThirdPersonExampleMap.ThirdPersonExampleMap:PersistentLevel.ThirdPersonExampleMap'
[2018.10.16-23.05.48:891][729]LogBlueprintUserMessages: Early EndPlayMap Detection: Level '/Game/ThirdPersonBP/Maps/ThirdPersonExampleMap.ThirdPersonExampleMap:PersistentLevel' has LevelScriptBlueprint '/Game/ThirdPersonBP/Maps/ThirdPersonExampleMap.ThirdPersonExampleMap:PersistentLevel.ThirdPersonExampleMap' with GeneratedClass '/Game/ThirdPersonBP/Maps/ThirdPersonExampleMap.ThirdPersonExampleMap_C' with ClassGeneratedBy '/Game/ThirdPersonBP/Maps/ThirdPersonExampleMap.ThirdPersonExampleMap:PersistentLevel.ThirdPersonExampleMap'
[2018.10.16-23.05.48:891][729]LogSlate: Updating window title bar state: overlay mode, drag disabled, window buttons hidden, title bar hidden
[2018.10.16-23.05.48:942][729]LogPlayLevel: Display: Shutting down PIE online subsystems
[2018.10.16-23.05.48:942][729]LogBlueprintUserMessages: Late EndPlayMap Detection: Level '/Game/ThirdPersonBP/Maps/ThirdPersonExampleMap.ThirdPersonExampleMap:PersistentLevel' has LevelScriptBlueprint '/Game/ThirdPersonBP/Maps/ThirdPersonExampleMap.ThirdPersonExampleMap:PersistentLevel.ThirdPersonExampleMap' with GeneratedClass '/Game/ThirdPersonBP/Maps/ThirdPersonExampleMap.ThirdPersonExampleMap_C' with ClassGeneratedBy '/Game/ThirdPersonBP/Maps/ThirdPersonExampleMap.ThirdPersonExampleMap:PersistentLevel.ThirdPersonExampleMap'
[2018.10.16-23.05.48:966][729]LogSlate: Updating window title bar state: overlay mode, drag disabled, window buttons hidden, title bar hidden
[2018.10.16-23.05.49:002][730]LogPlayLevel: Display: Destroying online subsystem :Context_18
[2018.10.16-23.05.50:221][774]LogSlate: FSceneViewport::OnFocusLost() reason 0
[2018.10.16-23.05.57:883][ 24]LogAssetEditorManager: Opening Asset editor for Blueprint /Game/ThirdPersonBP/Kermit/ThirdPersonGameMode.ThirdPersonGameMode
[2018.10.16-23.06.00:296][101]LogSlate: Prevented a slow task dialog from being summoned while a context menu was open
[2018.10.16-23.06.03:666][224]BlueprintLog: New page: Compile ThirdPersonGameMode
[2018.10.16-23.06.05:444][286]LogTemp: Repeating last play command: Selected Viewport
[2018.10.16-23.06.05:458][286]LogBlueprintUserMessages: Early PlayInEditor Detection: Level '/Game/ThirdPersonBP/Maps/ThirdPersonExampleMap.ThirdPersonExampleMap:PersistentLevel' has LevelScriptBlueprint '/Game/ThirdPersonBP/Maps/ThirdPersonExampleMap.ThirdPersonExampleMap:PersistentLevel.ThirdPersonExampleMap' with GeneratedClass '/Game/ThirdPersonBP/Maps/ThirdPersonExampleMap.ThirdPersonExampleMap_C' with ClassGeneratedBy '/Game/ThirdPersonBP/Maps/ThirdPersonExampleMap.ThirdPersonExampleMap:PersistentLevel.ThirdPersonExampleMap'
[2018.10.16-23.06.05:458][286]LogPlayLevel: PlayLevel: No blueprints needed recompiling
[2018.10.16-23.06.05:458][286]PIE: New page: PIE session: ThirdPersonExampleMap (Oct 16, 2018, 9:06:05 AM)
[2018.10.16-23.06.05:458][286]LogPlayLevel: Creating play world package: /Game/ThirdPersonBP/Maps/UEDPIE_0_ThirdPersonExampleMap
[2018.10.16-23.06.05:478][286]LogPlayLevel: PIE: StaticDuplicateObject took: (0.019307s)
[2018.10.16-23.06.05:479][286]LogAIModule: Creating AISystem for world ThirdPersonExampleMap
[2018.10.16-23.06.05:479][286]LogPlayLevel: PIE: World Init took: (0.001713s)
[2018.10.16-23.06.05:479][286]LogPlayLevel: PIE: Created PIE world by copying editor world from /Game/ThirdPersonBP/Maps/ThirdPersonExampleMap.ThirdPersonExampleMap to /Game/ThirdPersonBP/Maps/UEDPIE_0_ThirdPersonExampleMap.ThirdPersonExampleMap (0.021167s)
[2018.10.16-23.06.05:505][286]LogInit: XAudio2 using 'Speakers / Headphones (Realtek Audio)' : 2 channels at 48 kHz using 32 bits per sample (channel mask 0x3)
[2018.10.16-23.06.05:517][286]LogInit: FAudioDevice initialized.
[2018.10.16-23.06.05:547][286]LogLoad: Game class is 'GameModeBase'
[2018.10.16-23.06.05:550][286]LogWorld: Bringing World /Game/ThirdPersonBP/Maps/UEDPIE_0_ThirdPersonExampleMap.ThirdPersonExampleMap up for play (max tick rate 0) at 2018.10.16-16.06.05
[2018.10.16-23.06.05:550][286]LogWorld: Bringing up level for play took: 0.002433
[2018.10.16-23.06.05:563][286]PIE: Play in editor start time for /Game/ThirdPersonBP/Maps/UEDPIE_0_ThirdPersonExampleMap -0.643
[2018.10.16-23.06.05:563][286]LogBlueprintUserMessages: Late PlayInEditor Detection: Level '/Game/ThirdPersonBP/Maps/ThirdPersonExampleMap.ThirdPersonExampleMap:PersistentLevel' has LevelScriptBlueprint '/Game/ThirdPersonBP/Maps/ThirdPersonExampleMap.ThirdPersonExampleMap:PersistentLevel.ThirdPersonExampleMap' with GeneratedClass '/Game/ThirdPersonBP/Maps/ThirdPersonExampleMap.ThirdPersonExampleMap_C' with ClassGeneratedBy '/Game/ThirdPersonBP/Maps/ThirdPersonExampleMap.ThirdPersonExampleMap:PersistentLevel.ThirdPersonExampleMap'
[2018.10.16-23.06.06:727][331]LogSlate: Window 'ThirdPersonGameMode*' being destroyed
[2018.10.16-23.06.06:734][331]LogSlate: Window 'ThirdPersonGameMode*' being destroyed
[2018.10.16-23.06.09:424][440]LogBlueprintUserMessages: Early EndPlayMap Detection: Level '/Game/ThirdPersonBP/Maps/ThirdPersonExampleMap.ThirdPersonExampleMap:PersistentLevel' has LevelScriptBlueprint '/Game/ThirdPersonBP/Maps/ThirdPersonExampleMap.ThirdPersonExampleMap:PersistentLevel.ThirdPersonExampleMap' with GeneratedClass '/Game/ThirdPersonBP/Maps/ThirdPersonExampleMap.ThirdPersonExampleMap_C' with ClassGeneratedBy '/Game/ThirdPersonBP/Maps/ThirdPersonExampleMap.ThirdPersonExampleMap:PersistentLevel.ThirdPersonExampleMap'
[2018.10.16-23.06.09:424][440]LogSlate: Updating window title bar state: overlay mode, drag disabled, window buttons hidden, title bar hidden
[2018.10.16-23.06.09:479][440]LogPlayLevel: Display: Shutting down PIE online subsystems
[2018.10.16-23.06.09:480][440]LogBlueprintUserMessages: Late EndPlayMap Detection: Level '/Game/ThirdPersonBP/Maps/ThirdPersonExampleMap.ThirdPersonExampleMap:PersistentLevel' has LevelScriptBlueprint '/Game/ThirdPersonBP/Maps/ThirdPersonExampleMap.ThirdPersonExampleMap:PersistentLevel.ThirdPersonExampleMap' with GeneratedClass '/Game/ThirdPersonBP/Maps/ThirdPersonExampleMap.ThirdPersonExampleMap_C' with ClassGeneratedBy '/Game/ThirdPersonBP/Maps/ThirdPersonExampleMap.ThirdPersonExampleMap:PersistentLevel.ThirdPersonExampleMap'
[2018.10.16-23.06.09:504][440]LogSlate: Updating window title bar state: overlay mode, drag disabled, window buttons hidden, title bar hidden
[2018.10.16-23.06.09:545][441]LogPlayLevel: Display: Destroying online subsystem :Context_20
[2018.10.16-23.06.12:692][561]LogEditorViewport: Clicking on Actor (LMB): test_C (test)
[2018.10.16-23.06.14:467][610]LogEditorViewport: Clicking on Actor (LMB): StaticMeshActor (Cube6)
[2018.10.16-23.06.15:139][633]LogEditorViewport: Clicking on Actor (LMB): test_C (test)
[2018.10.16-23.06.15:830][649]LogEditorViewport: Clicking on Actor (context menu): test_C (test)
[2018.10.16-23.06.15:864][649]LogSlate: FSceneViewport::OnFocusLost() reason 2
[2018.10.16-23.06.17:566][697]LogSlate: Took 0.002977 seconds to synchronously load lazily loaded font '../../../Engine/Content/Slate/Fonts/Roboto-BoldCondensed.ttf' (158K)
[2018.10.16-23.06.19:789][781]LogEditorViewport: Clicking on Actor (LMB): StaticMeshActor (Cube6)
[2018.10.16-23.06.23:118][918]Cmd: SELECT NONE
[2018.10.16-23.06.24:311][970]LogSlate: FSceneViewport::OnFocusLost() reason 0
[2018.10.16-23.06.24:402][974]LogTemp: Repeating last play command: Selected Viewport
[2018.10.16-23.06.24:414][974]LogBlueprintUserMessages: Early PlayInEditor Detection: Level '/Game/ThirdPersonBP/Maps/ThirdPersonExampleMap.ThirdPersonExampleMap:PersistentLevel' has LevelScriptBlueprint '/Game/ThirdPersonBP/Maps/ThirdPersonExampleMap.ThirdPersonExampleMap:PersistentLevel.ThirdPersonExampleMap' with GeneratedClass '/Game/ThirdPersonBP/Maps/ThirdPersonExampleMap.ThirdPersonExampleMap_C' with ClassGeneratedBy '/Game/ThirdPersonBP/Maps/ThirdPersonExampleMap.ThirdPersonExampleMap:PersistentLevel.ThirdPersonExampleMap'
[2018.10.16-23.06.24:414][974]LogPlayLevel: PlayLevel: No blueprints needed recompiling
[2018.10.16-23.06.24:414][974]PIE: New page: PIE session: ThirdPersonExampleMap (Oct 16, 2018, 9:06:24 AM)
[2018.10.16-23.06.24:414][974]LogPlayLevel: Creating play world package: /Game/ThirdPersonBP/Maps/UEDPIE_0_ThirdPersonExampleMap
[2018.10.16-23.06.24:434][974]LogPlayLevel: PIE: StaticDuplicateObject took: (0.020128s)
[2018.10.16-23.06.24:435][974]LogAIModule: Creating AISystem for world ThirdPersonExampleMap
[2018.10.16-23.06.24:435][974]LogPlayLevel: PIE: World Init took: (0.000792s)
[2018.10.16-23.06.24:435][974]LogPlayLevel: PIE: Created PIE world by copying editor world from /Game/ThirdPersonBP/Maps/ThirdPersonExampleMap.ThirdPersonExampleMap to /Game/ThirdPersonBP/Maps/UEDPIE_0_ThirdPersonExampleMap.ThirdPersonExampleMap (0.021045s)
[2018.10.16-23.06.24:460][974]LogInit: XAudio2 using 'Speakers / Headphones (Realtek Audio)' : 2 channels at 48 kHz using 32 bits per sample (channel mask 0x3)
[2018.10.16-23.06.24:473][974]LogInit: FAudioDevice initialized.
[2018.10.16-23.06.24:503][974]LogLoad: Game class is 'GameModeBase'
[2018.10.16-23.06.24:507][974]LogWorld: Bringing World /Game/ThirdPersonBP/Maps/UEDPIE_0_ThirdPersonExampleMap.ThirdPersonExampleMap up for play (max tick rate 0) at 2018.10.16-16.06.24
[2018.10.16-23.06.24:507][974]LogWorld: Bringing up level for play took: 0.002684
[2018.10.16-23.06.24:519][974]PIE: Play in editor start time for /Game/ThirdPersonBP/Maps/UEDPIE_0_ThirdPersonExampleMap 0.314
[2018.10.16-23.06.24:519][974]LogBlueprintUserMessages: Late PlayInEditor Detection: Level '/Game/ThirdPersonBP/Maps/ThirdPersonExampleMap.ThirdPersonExampleMap:PersistentLevel' has LevelScriptBlueprint '/Game/ThirdPersonBP/Maps/ThirdPersonExampleMap.ThirdPersonExampleMap:PersistentLevel.ThirdPersonExampleMap' with GeneratedClass '/Game/ThirdPersonBP/Maps/ThirdPersonExampleMap.ThirdPersonExampleMap_C' with ClassGeneratedBy '/Game/ThirdPersonBP/Maps/ThirdPersonExampleMap.ThirdPersonExampleMap:PersistentLevel.ThirdPersonExampleMap'
[2018.10.16-23.06.26:722][ 62]LogBlueprintUserMessages: [Cube5_Blueprint] Hello
[2018.10.16-23.06.26:749][ 63]LogNet: Browse: /Game/ThirdPersonBP/Maps/Boi
[2018.10.16-23.06.26:773][ 63]LogLoad: LoadMap: /Game/ThirdPersonBP/Maps/Boi
[2018.10.16-23.06.28:242][ 63]LogAIModule: Creating AISystem for world Boi
[2018.10.16-23.06.28:242][ 63]LogLoad: Game class is 'GameModeBase'
[2018.10.16-23.06.28:246][ 63]LogWorld: Bringing World /Game/ThirdPersonBP/Maps/UEDPIE_0_Boi.Boi up for play (max tick rate 0) at 2018.10.16-16.06.28
[2018.10.16-23.06.28:247][ 63]LogWorld: Bringing up level for play took: 0.003169
[2018.10.16-23.06.28:247][ 63]LogGameMode: FindPlayerStart: PATHS NOT DEFINED or NO PLAYERSTART with positive rating
[2018.10.16-23.06.28:248][ 63]LogLoad: Took 1.474125 seconds to LoadMap(/Game/ThirdPersonBP/Maps/Boi)
[2018.10.16-23.06.41:155][589]LogBlueprintUserMessages: Early EndPlayMap Detection: Level '/Game/ThirdPersonBP/Maps/ThirdPersonExampleMap.ThirdPersonExampleMap:PersistentLevel' has LevelScriptBlueprint '/Game/ThirdPersonBP/Maps/ThirdPersonExampleMap.ThirdPersonExampleMap:PersistentLevel.ThirdPersonExampleMap' with GeneratedClass '/Game/ThirdPersonBP/Maps/ThirdPersonExampleMap.ThirdPersonExampleMap_C' with ClassGeneratedBy '/Game/ThirdPersonBP/Maps/ThirdPersonExampleMap.ThirdPersonExampleMap:PersistentLevel.ThirdPersonExampleMap'
[2018.10.16-23.06.41:155][589]LogSlate: Updating window title bar state: overlay mode, drag disabled, window buttons hidden, title bar hidden
[2018.10.16-23.06.41:204][589]LogPlayLevel: Display: Shutting down PIE online subsystems
[2018.10.16-23.06.41:204][589]LogBlueprintUserMessages: Late EndPlayMap Detection: Level '/Game/ThirdPersonBP/Maps/ThirdPersonExampleMap.ThirdPersonExampleMap:PersistentLevel' has LevelScriptBlueprint '/Game/ThirdPersonBP/Maps/ThirdPersonExampleMap.ThirdPersonExampleMap:PersistentLevel.ThirdPersonExampleMap' with GeneratedClass '/Game/ThirdPersonBP/Maps/ThirdPersonExampleMap.ThirdPersonExampleMap_C' with ClassGeneratedBy '/Game/ThirdPersonBP/Maps/ThirdPersonExampleMap.ThirdPersonExampleMap:PersistentLevel.ThirdPersonExampleMap'
[2018.10.16-23.06.41:228][589]LogSlate: Updating window title bar state: overlay mode, drag disabled, window buttons hidden, title bar hidden
[2018.10.16-23.06.41:261][590]LogPlayLevel: Display: Destroying online subsystem :Context_21
[2018.10.16-23.06.50:426][992]LogSlate: FSceneViewport::OnFocusLost() reason 0
[2018.10.16-23.08.10:976][576]LogSlate: FSceneViewport::OnFocusLost() reason 2
[2018.10.16-23.08.12:034][576]LogSlate: Window 'Save Content' being destroyed
[2018.10.16-23.08.12:085][576]LogSlate: Window 'Kermitthebigadventur - Unreal Editor' being destroyed
[2018.10.16-23.08.12:249][577]Cmd: QUIT_EDITOR
[2018.10.16-23.08.13:208][577]LogWindowsTextInputMethodSystem: Display: IME system now deactivated.
[2018.10.16-23.08.13:218][577]LogExit: Preparing to exit.
[2018.10.16-23.08.13:428][577]LogExit: Editor shut down
[2018.10.16-23.08.13:428][577]LogExit: Transaction tracking system shut down
[2018.10.16-23.08.14:101][577]LogExit: Object subsystem successfully closed.
[2018.10.16-23.08.14:112][577]LogShaderCompilers: Display: Shaders left to compile 0
[2018.10.16-23.08.14:115][577]LogD3D11RHI: Shutdown
[2018.10.16-23.08.14:115][577]LogD3D11RHI: CleanupD3DDevice
[2018.10.16-23.08.14:118][577]LogD3D11RHI: ~FD3D11DynamicRHI
[2018.10.16-23.08.14:132][577]LogModuleManager: Shutting down and abandoning module BlueprintGraph (616)
[2018.10.16-23.08.14:132][577]LogModuleManager: Shutting down and abandoning module MovieSceneCapture (614)
[2018.10.16-23.08.14:132][577]LogModuleManager: Shutting down and abandoning module Voice (612)
[2018.10.16-23.08.14:132][577]LogModuleManager: Shutting down and abandoning module HierarchicalLODOutliner (610)
[2018.10.16-23.08.14:132][577]LogModuleManager: Shutting down and abandoning module SceneOutliner (608)
[2018.10.16-23.08.14:133][577]LogModuleManager: Shutting down and abandoning module AddContentDialog (606)
[2018.10.16-23.08.14:133][577]LogModuleManager: Shutting down and abandoning module WidgetCarousel (605)
[2018.10.16-23.08.14:133][577]LogModuleManager: Shutting down and abandoning module EditorWidgets (602)
[2018.10.16-23.08.14:133][577]LogModuleManager: Shutting down and abandoning module CollectionManager (600)
[2018.10.16-23.08.14:133][577]LogModuleManager: Shutting down and abandoning module StatsViewer (598)
[2018.10.16-23.08.14:133][577]LogModuleManager: Shutting down and abandoning module FoliageEdit (596)
[2018.10.16-23.08.14:133][577]LogModuleManager: Shutting down and abandoning module LandscapeEditor (594)
[2018.10.16-23.08.14:133][577]LogModuleManager: Shutting down and abandoning module MeshPaintMode (592)
[2018.10.16-23.08.14:133][577]LogModuleManager: Shutting down and abandoning module SceneDepthPickerMode (590)
[2018.10.16-23.08.14:133][577]LogModuleManager: Shutting down and abandoning module ActorPickerMode (588)
[2018.10.16-23.08.14:133][577]LogModuleManager: Shutting down and abandoning module GeometryMode (586)
[2018.10.16-23.08.14:133][577]LogModuleManager: Shutting down and abandoning module TextureAlignMode (584)
[2018.10.16-23.08.14:133][577]LogModuleManager: Shutting down and abandoning module BspMode (582)
[2018.10.16-23.08.14:133][577]LogModuleManager: Shutting down and abandoning module PIEPreviewDeviceProfileSelector (580)
[2018.10.16-23.08.14:133][577]LogModuleManager: Shutting down and abandoning module SequenceRecorderSections (578)
[2018.10.16-23.08.14:133][577]LogModuleManager: Shutting down and abandoning module AutomationWorker (576)
[2018.10.16-23.08.14:133][577]LogModuleManager: Shutting down and abandoning module AudioCaptureEditor (574)
[2018.10.16-23.08.14:133][577]LogModuleManager: Shutting down and abandoning module SequenceRecorder (573)
[2018.10.16-23.08.14:133][577]LogModuleManager: Shutting down and abandoning module MatineeToLevelSequence (570)
[2018.10.16-23.08.14:133][577]LogModuleManager: Shutting down and abandoning module LevelSequenceEditor (568)
[2018.10.16-23.08.14:133][577]LogModuleManager: Shutting down and abandoning module PlacementMode (567)
[2018.10.16-23.08.14:133][577]LogModuleManager: Shutting down and abandoning module MaterialEditor (566)
[2018.10.16-23.08.14:134][577]LogModuleManager: Shutting down and abandoning module WmfMediaFactory (562)
[2018.10.16-23.08.14:134][577]LogModuleManager: Shutting down and abandoning module WmfMediaEditor (560)
[2018.10.16-23.08.14:134][577]LogModuleManager: Shutting down and abandoning module MediaPlayerEditor (558)
[2018.10.16-23.08.14:134][577]LogModuleManager: Shutting down and abandoning module OpenExrWrapper (556)
[2018.10.16-23.08.14:134][577]LogModuleManager: Shutting down and abandoning module ImgMediaFactory (554)
[2018.10.16-23.08.14:134][577]LogModuleManager: Shutting down and abandoning module ImgMediaEditor (552)
[2018.10.16-23.08.14:134][577]LogModuleManager: Shutting down and abandoning module AvfMediaFactory (550)
[2018.10.16-23.08.14:134][577]LogModuleManager: Shutting down and abandoning module AvfMediaEditor (548)
[2018.10.16-23.08.14:134][577]LogModuleManager: Shutting down and abandoning module AndroidMediaFactory (546)
[2018.10.16-23.08.14:134][577]LogModuleManager: Shutting down and abandoning module AndroidMediaEditor (544)
[2018.10.16-23.08.14:134][577]LogModuleManager: Shutting down and abandoning module MagicLeapCameraPreviewFactory (542)
[2018.10.16-23.08.14:134][577]LogModuleManager: Shutting down and abandoning module MagicLeapMediaFactory (540)
[2018.10.16-23.08.14:134][577]LogModuleManager: Shutting down and abandoning module MagicLeapMediaEditor (538)
[2018.10.16-23.08.14:134][577]LogModuleManager: Shutting down and abandoning module CharacterAI (536)
[2018.10.16-23.08.14:134][577]LogModuleManager: Shutting down and abandoning module SmartSnapping (534)
[2018.10.16-23.08.14:134][577]LogModuleManager: Shutting down and abandoning module SessionServices (532)
[2018.10.16-23.08.14:134][577]LogModuleManager: Shutting down and abandoning module ViewportSnapping (530)
[2018.10.16-23.08.14:134][577]LogModuleManager: Shutting down and abandoning module ViewportInteraction (528)
[2018.10.16-23.08.14:134][577]LogModuleManager: Shutting down and abandoning module ClothPainter (526)
[2018.10.16-23.08.14:134][577]LogModuleManager: Shutting down and abandoning module SkeletalMeshEditor (525)
[2018.10.16-23.08.14:134][577]LogModuleManager: Shutting down and abandoning module LogVisualizer (522)
[2018.10.16-23.08.14:134][577]LogModuleManager: Shutting down and abandoning module IntroTutorials (520)
[2018.10.16-23.08.14:134][577]LogModuleManager: Shutting down and abandoning module GameProjectGeneration (519)
[2018.10.16-23.08.14:134][577]LogModuleManager: Shutting down and abandoning module LuminPlatformEditor (516)
[2018.10.16-23.08.14:134][577]LogModuleManager: Shutting down and abandoning module IOSPlatformEditor (514)
[2018.10.16-23.08.14:134][577]LogModuleManager: Shutting down and abandoning module HTML5PlatformEditor (512)
[2018.10.16-23.08.14:134][577]LogModuleManager: Shutting down and abandoning module AndroidPlatformEditor (510)
[2018.10.16-23.08.14:134][577]LogModuleManager: Shutting down and abandoning module AndroidDeviceDetection (509)
[2018.10.16-23.08.14:620][577]LogModuleManager: Shutting down and abandoning module WindowsPlatformEditor (506)
[2018.10.16-23.08.14:620][577]LogModuleManager: Shutting down and abandoning module LuminRuntimeSettings (504)
[2018.10.16-23.08.14:620][577]LogModuleManager: Shutting down and abandoning module IOSRuntimeSettings (502)
[2018.10.16-23.08.14:620][577]LogModuleManager: Shutting down and abandoning module AndroidRuntimeSettings (500)
[2018.10.16-23.08.14:620][577]LogModuleManager: Shutting down and abandoning module InputBindingEditor (498)
[2018.10.16-23.08.14:620][577]LogModuleManager: Shutting down and abandoning module MergeActors (496)
[2018.10.16-23.08.14:620][577]LogModuleManager: Shutting down and abandoning module LocalizationDashboard (494)
[2018.10.16-23.08.14:620][577]LogModuleManager: Shutting down and abandoning module LocalizationService (493)
[2018.10.16-23.08.14:620][577]LogModuleManager: Shutting down and abandoning module HardwareTargeting (490)
[2018.10.16-23.08.14:620][577]LogModuleManager: Shutting down and abandoning module DeviceProfileEditor (488)
[2018.10.16-23.08.14:620][577]LogModuleManager: Shutting down and abandoning module UndoHistory (486)
[2018.10.16-23.08.14:620][577]LogModuleManager: Shutting down and abandoning module XmlParser (484)
[2018.10.16-23.08.14:620][577]LogModuleManager: Shutting down and abandoning module Blutility (482)
[2018.10.16-23.08.14:620][577]LogModuleManager: Shutting down and abandoning module ProjectSettingsViewer (480)
[2018.10.16-23.08.14:620][577]LogModuleManager: Shutting down and abandoning module ProjectTargetPlatformEditor (479)
[2018.10.16-23.08.14:621][577]LogModuleManager: Shutting down and abandoning module EditorSettingsViewer (476)
[2018.10.16-23.08.14:621][577]LogModuleManager: Shutting down and abandoning module SettingsEditor (474)
[2018.10.16-23.08.14:621][577]LogModuleManager: Shutting down and abandoning module ProjectLauncher (472)
[2018.10.16-23.08.14:621][577]LogModuleManager: Shutting down and abandoning module SessionFrontend (470)
[2018.10.16-23.08.14:621][577]LogModuleManager: Shutting down and abandoning module ProfilerClient (468)
[2018.10.16-23.08.14:621][577]LogModuleManager: Shutting down and abandoning module DeviceManager (466)
[2018.10.16-23.08.14:621][577]LogModuleManager: Shutting down and abandoning module TargetDeviceServices (465)
[2018.10.16-23.08.14:688][577]LogModuleManager: Shutting down and abandoning module AutomationController (462)
[2018.10.16-23.08.14:688][577]LogModuleManager: Shutting down and abandoning module AutomationWindow (460)
[2018.10.16-23.08.14:688][577]LogModuleManager: Shutting down and abandoning module Layers (458)
[2018.10.16-23.08.14:688][577]LogModuleManager: Shutting down and abandoning module ComponentVisualizers (456)
[2018.10.16-23.08.14:688][577]LogModuleManager: Shutting down and abandoning module DetailCustomizations (454)
[2018.10.16-23.08.14:688][577]LogModuleManager: Shutting down and abandoning module PackagesDialog (452)
[2018.10.16-23.08.14:688][577]LogModuleManager: Shutting down and abandoning module Persona (450)
[2018.10.16-23.08.14:688][577]LogModuleManager: Shutting down and abandoning module AdvancedPreviewScene (449)
[2018.10.16-23.08.14:688][577]LogModuleManager: Shutting down and abandoning module AnimGraph (447)
[2018.10.16-23.08.14:688][577]LogModuleManager: Shutting down and abandoning module Kismet (444)
[2018.10.16-23.08.14:692][577]LogModuleManager: Shutting down and abandoning module GraphEditor (442)
[2018.10.16-23.08.14:692][577]LogModuleManager: Shutting down and abandoning module ClassViewer (440)
[2018.10.16-23.08.14:693][577]LogModuleManager: Shutting down and abandoning module Toolbox (438)
[2018.10.16-23.08.14:693][577]LogModuleManager: Shutting down and abandoning module ModuleUI (436)
[2018.10.16-23.08.14:693][577]LogModuleManager: Shutting down and abandoning module MovieSceneTools (434)
[2018.10.16-23.08.14:693][577]LogModuleManager: Shutting down and abandoning module OutputLog (432)
[2018.10.16-23.08.14:693][577]LogModuleManager: Shutting down and abandoning module GammaUI (430)
[2018.10.16-23.08.14:693][577]LogModuleManager: Shutting down and abandoning module Documentation (428)
[2018.10.16-23.08.14:693][577]LogModuleManager: Shutting down and abandoning module MovieSceneTracks (426)
[2018.10.16-23.08.14:693][577]LogModuleManager: Shutting down and abandoning module MovieScene (424)
[2018.10.16-23.08.14:693][577]LogModuleManager: Shutting down and abandoning module StreamingPauseRendering (422)
[2018.10.16-23.08.14:693][577]LogModuleManager: Shutting down and abandoning module LauncherPlatform (420)
[2018.10.16-23.08.14:693][577]LogModuleManager: Shutting down and abandoning module AnalyticsET (418)
[2018.10.16-23.08.14:693][577]LogModuleManager: Shutting down and abandoning module PortalServices (416)
[2018.10.16-23.08.14:693][577]LogModuleManager: Shutting down and abandoning module PortalRpc (414)
[2018.10.16-23.08.14:693][577]LogModuleManager: Shutting down and abandoning module MessagingRpc (412)
[2018.10.16-23.08.14:693][577]LogModuleManager: Shutting down and abandoning module AIModule (410)
[2018.10.16-23.08.14:693][577]LogModuleManager: Shutting down and abandoning module GameplayDebugger (409)
[2018.10.16-23.08.14:693][577]LogModuleManager: Shutting down and abandoning module AITestSuite (407)
[2018.10.16-23.08.14:693][577]LogModuleManager: Shutting down and abandoning module NavigationSystem (405)
[2018.10.16-23.08.14:693][577]LogModuleManager: Shutting down and abandoning module DesktopPlatform (402)
[2018.10.16-23.08.14:693][577]LogModuleManager: Shutting down and abandoning module ProfilerService (400)
[2018.10.16-23.08.14:776][577]LogModuleManager: Shutting down and abandoning module TaskGraph (398)
[2018.10.16-23.08.14:776][577]LogModuleManager: Shutting down and abandoning module SteamVRController (396)
[2018.10.16-23.08.14:776][577]LogModuleManager: Shutting down and abandoning module ProceduralMeshComponentEditor (394)
[2018.10.16-23.08.14:776][577]LogModuleManager: Shutting down and abandoning module ProceduralMeshComponent (392)
[2018.10.16-23.08.14:776][577]LogModuleManager: Shutting down and abandoning module OculusInput (390)
[2018.10.16-23.08.14:776][577]LogModuleManager: Shutting down and abandoning module MobilePatchingUtils (388)
[2018.10.16-23.08.14:776][577]LogModuleManager: Shutting down and abandoning module EditableMesh (386)
[2018.10.16-23.08.14:776][577]LogModuleManager: Shutting down and abandoning module CustomMeshComponent (384)
[2018.10.16-23.08.14:776][577]LogModuleManager: Shutting down and abandoning module CableComponent (382)
[2018.10.16-23.08.14:776][577]LogModuleManager: Shutting down and abandoning module AudioCapture (380)
[2018.10.16-23.08.14:776][577]LogModuleManager: Shutting down and abandoning module ArchVisCharacter (378)
[2018.10.16-23.08.14:776][577]LogModuleManager: Shutting down and abandoning module AndroidPermission (376)
[2018.10.16-23.08.14:776][577]LogModuleManager: Shutting down and abandoning module NUTUnrealEngine4 (374)
[2018.10.16-23.08.14:776][577]LogModuleManager: Shutting down and abandoning module NetcodeUnitTest (372)
[2018.10.16-23.08.14:776][577]LogModuleManager: Shutting down and abandoning module MediaCompositingEditor (370)
[2018.10.16-23.08.14:776][577]LogModuleManager: Shutting down and abandoning module MediaCompositing (368)
[2018.10.16-23.08.14:776][577]LogModuleManager: Shutting down and abandoning module LinearTimecode (366)
[2018.10.16-23.08.14:776][577]LogModuleManager: Shutting down and abandoning module ImgMedia (364)
[2018.10.16-23.08.14:779][577]LogModuleManager: Shutting down and abandoning module HTML5Networking (362)
[2018.10.16-23.08.14:779][577]LogModuleManager: Shutting down and abandoning module GeometryCacheTracks (360)
[2018.10.16-23.08.14:779][577]LogModuleManager: Shutting down and abandoning module GeometryCacheSequencer (358)
[2018.10.16-23.08.14:779][577]LogModuleManager: Shutting down and abandoning module BackChannel (356)
[2018.10.16-23.08.14:779][577]LogModuleManager: Shutting down and abandoning module AppleVision (354)
[2018.10.16-23.08.14:779][577]LogModuleManager: Shutting down and abandoning module AppleImageUtils (352)
[2018.10.16-23.08.14:779][577]LogModuleManager: Shutting down and abandoning module AlembicImporter (350)
[2018.10.16-23.08.14:779][577]LogModuleManager: Shutting down and abandoning module AlembicLibrary (349)
[2018.10.16-23.08.14:779][577]LogModuleManager: Shutting down and abandoning module GeometryCache (348)
[2018.10.16-23.08.14:779][577]LogModuleManager: Shutting down and abandoning module GeometryCacheEd (347)
[2018.10.16-23.08.14:779][577]LogModuleManager: Shutting down and abandoning module DatasmithContentEditor (342)
[2018.10.16-23.08.14:779][577]LogModuleManager: Shutting down and abandoning module DatasmithContent (340)
[2018.10.16-23.08.14:780][577]LogModuleManager: Shutting down and abandoning module SpeedTreeImporter (338)
[2018.10.16-23.08.14:780][577]LogModuleManager: Shutting down and abandoning module PluginBrowser (336)
[2018.10.16-23.08.14:780][577]LogModuleManager: Shutting down and abandoning module MobileLauncherProfileWizard (334)
[2018.10.16-23.08.14:780][577]LogModuleManager: Shutting down and abandoning module PolygonModeling (332)
[2018.10.16-23.08.14:780][577]LogModuleManager: Shutting down and abandoning module MeshEditor (330)
[2018.10.16-23.08.14:780][577]LogModuleManager: Shutting down and abandoning module CryptoKeysOpenSSL (328)
[2018.10.16-23.08.14:780][577]LogModuleManager: Shutting down and abandoning module CryptoKeys (326)
[2018.10.16-23.08.14:780][577]LogModuleManager: Shutting down and abandoning module VisualStudioSourceCodeAccess (324)
[2018.10.16-23.08.14:780][577]LogModuleManager: Shutting down and abandoning module VisualStudioCodeSourceCodeAccess (322)
[2018.10.16-23.08.14:780][577]LogModuleManager: Shutting down and abandoning module UObjectPlugin (320)
[2018.10.16-23.08.14:780][577]LogModuleManager: Shutting down and abandoning module SubversionSourceControl (318)
[2018.10.16-23.08.14:780][577]LogModuleManager: Shutting down and abandoning module PerforceSourceControl (316)
[2018.10.16-23.08.14:780][577]LogModuleManager: Shutting down and abandoning module GitSourceControl (314)
[2018.10.16-23.08.14:780][577]LogModuleManager: Shutting down and abandoning module SourceControl (313)
[2018.10.16-23.08.14:780][577]LogModuleManager: Shutting down and abandoning module CLionSourceCodeAccess (310)
[2018.10.16-23.08.14:780][577]LogModuleManager: Shutting down and abandoning module LightPropagationVolumeEditor (308)
[2018.10.16-23.08.14:780][577]LogModuleManager: Shutting down and abandoning module PaperTiledImporter (306)
[2018.10.16-23.08.14:780][577]LogModuleManager: Shutting down and abandoning module PaperSpriteSheetImporter (304)
[2018.10.16-23.08.14:780][577]LogModuleManager: Shutting down and abandoning module Paper2DEditor (302)
[2018.10.16-23.08.14:780][577]LogModuleManager: Shutting down and abandoning module MeshPaint (301)
[2018.10.16-23.08.14:780][577]LogModuleManager: Shutting down and abandoning module RuntimePhysXCooking (298)
[2018.10.16-23.08.14:780][577]LogModuleManager: Shutting down and abandoning module PhysXVehiclesEditor (296)
[2018.10.16-23.08.14:780][577]LogModuleManager: Shutting down and abandoning module PhysXVehicles (294)
[2018.10.16-23.08.14:780][577]LogModuleManager: Shutting down and abandoning module OculusEditor (292)
[2018.10.16-23.08.14:780][577]LogModuleManager: Shutting down and abandoning module LocationServicesBPLibrary (290)
[2018.10.16-23.08.14:780][577]LogModuleManager: Shutting down and abandoning module ImmediatePhysicsEditor (288)
[2018.10.16-23.08.14:780][577]LogModuleManager: Shutting down and abandoning module ImmediatePhysics (286)
[2018.10.16-23.08.14:780][577]LogModuleManager: Shutting down and abandoning module ActorSequence (284)
[2018.10.16-23.08.14:780][577]LogModuleManager: Shutting down and abandoning module UdpMessaging (282)
[2018.10.16-23.08.14:881][577]LogModuleManager: Shutting down and abandoning module TcpMessaging (280)
[2018.10.16-23.08.14:981][577]LogModuleManager: Shutting down and abandoning module MagicLeapAudio (278)
[2018.10.16-23.08.14:981][577]LogModuleManager: Shutting down and abandoning module GameplayTagsEditor (276)
[2018.10.16-23.08.14:981][577]LogModuleManager: Shutting down and abandoning module FacialAnimationEditor (274)
[2018.10.16-23.08.14:981][577]LogModuleManager: Shutting down and abandoning module FacialAnimation (272)
[2018.10.16-23.08.14:981][577]LogModuleManager: Shutting down and abandoning module DataValidation (270)
[2018.10.16-23.08.14:981][577]LogModuleManager: Shutting down and abandoning module AssetManagerEditor (268)
[2018.10.16-23.08.14:981][577]LogModuleManager: Shutting down and abandoning module LevelEditor (267)
[2018.10.16-23.08.14:981][577]LogModuleManager: Shutting down and abandoning module PixelInspectorModule (266)
[2018.10.16-23.08.14:981][577]LogModuleManager: Shutting down and abandoning module CommonMenuExtensions (264)
[2018.10.16-23.08.14:981][577]LogModuleManager: Shutting down and abandoning module MainFrame (262)
[2018.10.16-23.08.14:982][577]LogModuleManager: Shutting down and abandoning module HotReload (261)
[2018.10.16-23.08.14:982][577]LogModuleManager: Shutting down and abandoning module ContentBrowser (257)
[2018.10.16-23.08.14:982][577]LogModuleManager: Shutting down and abandoning module TreeMap (255)
[2018.10.16-23.08.14:982][577]LogModuleManager: Shutting down and abandoning module LightPropagationVolumeRuntime (252)
[2018.10.16-23.08.14:982][577]LogModuleManager: Shutting down and abandoning module AISupportModule (250)
[2018.10.16-23.08.14:982][577]LogModuleManager: Shutting down and abandoning module Paper2D (248)
[2018.10.16-23.08.14:982][577]LogModuleManager: Shutting down and abandoning module WindowsMoviePlayer (246)
[2018.10.16-23.08.14:982][577]LogModuleManager: Shutting down and abandoning module WmfMedia (244)
[2018.10.16-23.08.14:983][577]LogModuleManager: Shutting down and abandoning module Media (243)
[2018.10.16-23.08.14:989][577]LogModuleManager: Shutting down and abandoning module PacketHandler (240)
[2018.10.16-23.08.14:989][577]LogModuleManager: Shutting down and abandoning module ClothingSystemEditor (238)
[2018.10.16-23.08.14:989][577]LogModuleManager: Shutting down and abandoning module ClothingSystemRuntime (236)
[2018.10.16-23.08.14:989][577]LogModuleManager: Shutting down and abandoning module MediaAssets (234)
[2018.10.16-23.08.14:989][577]LogModuleManager: Shutting down and abandoning module Overlay (232)
[2018.10.16-23.08.14:989][577]LogModuleManager: Shutting down and abandoning module OverlayEditor (231)
[2018.10.16-23.08.14:989][577]LogModuleManager: Shutting down and abandoning module VREditor (228)
[2018.10.16-23.08.14:990][577]LogModuleManager: Shutting down and abandoning module StringTableEditor (226)
[2018.10.16-23.08.14:990][577]LogModuleManager: Shutting down and abandoning module GameplayTasksEditor (224)
[2018.10.16-23.08.14:990][577]LogModuleManager: Shutting down and abandoning module BehaviorTreeEditor (222)
[2018.10.16-23.08.14:990][577]LogModuleManager: Shutting down and abandoning module FunctionalTesting (220)
[2018.10.16-23.08.14:990][577]LogModuleManager: Shutting down and abandoning module CollisionAnalyzer (218)
[2018.10.16-23.08.14:990][577]LogModuleManager: Shutting down and abandoning module WorkspaceMenuStructure (217)
[2018.10.16-23.08.14:990][577]LogModuleManager: Shutting down and abandoning module UMG (214)
[2018.10.16-23.08.14:990][577]LogModuleManager: Shutting down and abandoning module UMGEditor (213)
[2018.10.16-23.08.14:990][577]LogModuleManager: Shutting down and abandoning module Sequencer (212)
[2018.10.16-23.08.14:990][577]LogModuleManager: Shutting down and abandoning module MessageLog (209)
[2018.10.16-23.08.14:990][577]LogModuleManager: Shutting down and abandoning module SlateReflector (204)
[2018.10.16-23.08.14:990][577]LogModuleManager: Shutting down and abandoning module Slate (202)
[2018.10.16-23.08.14:990][577]LogModuleManager: Shutting down and abandoning module EditorStyle (200)
[2018.10.16-23.08.14:991][577]LogModuleManager: Shutting down and abandoning module MRMesh (198)
[2018.10.16-23.08.14:991][577]LogModuleManager: Shutting down and abandoning module SourceCodeAccess (196)
[2018.10.16-23.08.14:991][577]LogModuleManager: Shutting down and abandoning module HeadMountedDisplay (194)
[2018.10.16-23.08.14:991][577]LogModuleManager: Shutting down and abandoning module XAudio2 (192)
[2018.10.16-23.08.14:991][577]LogModuleManager: Shutting down and abandoning module Networking (190)
[2018.10.16-23.08.14:991][577]LogModuleManager: Shutting down and abandoning module Core (188)
[2018.10.16-23.08.14:991][577]LogModuleManager: Shutting down and abandoning module LevelSequence (186)
[2018.10.16-23.08.14:991][577]LogModuleManager: Shutting down and abandoning module KismetCompiler (184)
[2018.10.16-23.08.14:991][577]LogModuleManager: Shutting down and abandoning module MeshUtilities (182)
[2018.10.16-23.08.14:991][577]LogModuleManager: Shutting down and abandoning module MeshMergeUtilities (181)
[2018.10.16-23.08.14:991][577]LogModuleManager: Shutting down and abandoning module MeshReductionInterface (180)
[2018.10.16-23.08.14:991][577]LogModuleManager: Shutting down and abandoning module SimplygonSwarm (179)
[2018.10.16-23.08.14:991][577]LogModuleManager: Shutting down and abandoning module ProxyLODMeshReduction (177)
[2018.10.16-23.08.14:991][577]LogModuleManager: Shutting down and abandoning module SimplygonMeshReduction (175)
[2018.10.16-23.08.14:991][577]LogModuleManager: Shutting down and abandoning module QuadricMeshReduction (173)
[2018.10.16-23.08.14:991][577]LogModuleManager: Shutting down and abandoning module MaterialBaking (169)
[2018.10.16-23.08.14:991][577]LogModuleManager: Shutting down and abandoning module DirectoryWatcher (165)
[2018.10.16-23.08.14:991][577]LogModuleManager: Shutting down and abandoning module DerivedDataCache (162)
[2018.10.16-23.08.15:030][577]LogDerivedDataCache: Shutdown
[2018.10.16-23.08.15:030][577]LogModuleManager: Shutting down and abandoning module XGEController (160)
[2018.10.16-23.08.15:030][577]LogXGEController: Cleaning working directory: C:/Users/User/AppData/Local/Temp/UnrealXGEWorkingDir/
[2018.10.16-23.08.15:030][577]LogModuleManager: Shutting down and abandoning module TargetPlatform (158)
[2018.10.16-23.08.15:030][577]LogModuleManager: Shutting down and abandoning module VulkanShaderFormat (157)
[2018.10.16-23.08.15:030][577]LogModuleManager: Shutting down and abandoning module ShaderFormatVectorVM (155)
[2018.10.16-23.08.15:030][577]LogModuleManager: Shutting down and abandoning module ShaderFormatOpenGL (153)
[2018.10.16-23.08.15:030][577]LogModuleManager: Shutting down and abandoning module ShaderFormatD3D (151)
[2018.10.16-23.08.15:030][577]LogModuleManager: Shutting down and abandoning module MetalShaderFormat (149)
[2018.10.16-23.08.15:030][577]LogModuleManager: Shutting down and abandoning module TextureFormatUncompressed (147)
[2018.10.16-23.08.15:030][577]LogModuleManager: Shutting down and abandoning module TextureFormatPVR (145)
[2018.10.16-23.08.15:030][577]LogModuleManager: Shutting down and abandoning module TextureFormatDXT (143)
[2018.10.16-23.08.15:030][577]LogModuleManager: Shutting down and abandoning module TextureFormatIntelISPCTexComp (141)
[2018.10.16-23.08.15:030][577]LogModuleManager: Shutting down and abandoning module TextureFormatASTC (139)
[2018.10.16-23.08.15:030][577]LogModuleManager: Shutting down and abandoning module ImageWrapper (138)
[2018.10.16-23.08.15:030][577]LogModuleManager: Shutting down and abandoning module TextureFormatAndroid (135)
[2018.10.16-23.08.15:030][577]LogModuleManager: Shutting down and abandoning module AudioFormatOpus (133)
[2018.10.16-23.08.15:030][577]LogModuleManager: Shutting down and abandoning module AudioFormatOgg (131)
[2018.10.16-23.08.15:030][577]LogModuleManager: Shutting down and abandoning module AudioFormatADPCM (129)
[2018.10.16-23.08.15:031][577]LogModuleManager: Shutting down and abandoning module LuminTargetPlatform (127)
[2018.10.16-23.08.15:031][577]LogModuleManager: Shutting down and abandoning module LinuxTargetPlatform (125)
[2018.10.16-23.08.15:031][577]LogModuleManager: Shutting down and abandoning module LinuxServerTargetPlatform (123)
[2018.10.16-23.08.15:031][577]LogModuleManager: Shutting down and abandoning module LinuxNoEditorTargetPlatform (121)
[2018.10.16-23.08.15:031][577]LogModuleManager: Shutting down and abandoning module LinuxClientTargetPlatform (119)
[2018.10.16-23.08.15:031][577]LogModuleManager: Shutting down and abandoning module TVOSTargetPlatform (117)
[2018.10.16-23.08.15:031][577]LogModuleManager: Shutting down and abandoning module Messaging (115)
[2018.10.16-23.08.15:031][577]LogModuleManager: Shutting down and abandoning module IOSTargetPlatform (113)
[2018.10.16-23.08.15:032][577]LogModuleManager: Shutting down and abandoning module HTML5TargetPlatform (111)
[2018.10.16-23.08.15:032][577]LogModuleManager: Shutting down and abandoning module AndroidTargetPlatform (109)
[2018.10.16-23.08.15:036][577]LogModuleManager: Shutting down and abandoning module WindowsTargetPlatform (107)
[2018.10.16-23.08.15:036][577]LogModuleManager: Shutting down and abandoning module WindowsServerTargetPlatform (105)
[2018.10.16-23.08.15:037][577]LogModuleManager: Shutting down and abandoning module WindowsNoEditorTargetPlatform (103)
[2018.10.16-23.08.15:037][577]LogModuleManager: Shutting down and abandoning module WindowsClientTargetPlatform (101)
[2018.10.16-23.08.15:037][577]LogModuleManager: Shutting down and abandoning module MacTargetPlatform (99)
[2018.10.16-23.08.15:037][577]LogModuleManager: Shutting down and abandoning module MacServerTargetPlatform (97)
[2018.10.16-23.08.15:037][577]LogModuleManager: Shutting down and abandoning module MacNoEditorTargetPlatform (95)
[2018.10.16-23.08.15:037][577]LogModuleManager: Shutting down and abandoning module MacClientTargetPlatform (93)
[2018.10.16-23.08.15:037][577]LogModuleManager: Shutting down and abandoning module AllDesktopTargetPlatform (91)
[2018.10.16-23.08.15:037][577]LogModuleManager: Shutting down and abandoning module InputCore (88)
[2018.10.16-23.08.15:037][577]LogModuleManager: Shutting down and abandoning module Settings (86)
[2018.10.16-23.08.15:037][577]LogModuleManager: Shutting down and abandoning module PhysXCooking (84)
[2018.10.16-23.08.15:037][577]LogModuleManager: Shutting down and abandoning module SteamVR (82)
[2018.10.16-23.08.15:037][577]LogModuleManager: Shutting down and abandoning module OculusHMD (80)
[2018.10.16-23.08.15:037][577]LogModuleManager: Shutting down and abandoning module ExampleDeviceProfileSelector (78)
[2018.10.16-23.08.15:037][577]LogModuleManager: Shutting down and abandoning module LauncherChunkInstaller (76)
[2018.10.16-23.08.15:037][577]LogModuleManager: Shutting down and abandoning module OnlineBlueprintSupport (74)
[2018.10.16-23.08.15:037][577]LogModuleManager: Shutting down and abandoning module OnlineSubsystem (70)
[2018.10.16-23.08.15:037][577]LogModuleManager: Shutting down and abandoning module XMPP (65)
[2018.10.16-23.08.15:037][577]LogModuleManager: Shutting down and abandoning module WebSockets (64)
[2018.10.16-23.08.15:069][577]LogModuleManager: Shutting down and abandoning module HTTP (61)
[2018.10.16-23.08.15:069][577]LogHttp: Display: Http module shutting down, but needs to wait on 1 outstanding Http requests:
[2018.10.16-23.08.15:069][577]LogHttp: Display: 	verb=[POST] url=[https://datarouter.ol.epicgames.com/datarouter/api/v1/public/data?SessionID=%7B667094AD-4C6F-0006-D685-3C860775A417%7D&AppID=UEEditor.Rocket.Release&AppVersion=4.20.1-4233996%2B%2B%2BUE4%2BRelease-4.20&UserID=3f15ae8f48bf0e40c945ecb95664f0c0%7C%7C29289413-a27f-4396-a394-b78bf1860e19&AppEnvironment=datacollector-binary&UploadType=eteventstream] status=Processing
[2018.10.16-23.08.15:095][577]LogModuleManager: Shutting down and abandoning module SSL (60)
[2018.10.16-23.08.15:096][577]LogModuleManager: Shutting down and abandoning module MagicLeapEmulator (56)
[2018.10.16-23.08.15:096][577]LogModuleManager: Shutting down and abandoning module MagicLeapPrivileges (54)
[2018.10.16-23.08.15:096][577]LogModuleManager: Shutting down and abandoning module MagicLeapIdentity (52)
[2018.10.16-23.08.15:096][577]LogModuleManager: Shutting down and abandoning module MagicLeapHelperVulkan (50)
[2018.10.16-23.08.15:096][577]LogModuleManager: Shutting down and abandoning module MagicLeapHelperOpenGL (48)
[2018.10.16-23.08.15:096][577]LogModuleManager: Shutting down and abandoning module MagicLeapSecureStorage (46)
[2018.10.16-23.08.15:096][577]LogModuleManager: Shutting down and abandoning module MagicLeapGestures (44)
[2018.10.16-23.08.15:096][577]LogModuleManager: Shutting down and abandoning module MagicLeapEyeTracker (42)
[2018.10.16-23.08.15:096][577]LogModuleManager: Shutting down and abandoning module MagicLeapController (40)
[2018.10.16-23.08.15:096][577]LogSlate: Slate User Destroyed.  User Index 0, Is Virtual User: 0
[2018.10.16-23.08.15:096][577]LogModuleManager: Shutting down and abandoning module MagicLeap (38)
[2018.10.16-23.08.15:096][577]LogModuleManager: Shutting down and abandoning module AnimationModifiers (36)
[2018.10.16-23.08.15:096][577]LogModuleManager: Shutting down and abandoning module PropertyEditor (35)
[2018.10.16-23.08.15:096][577]LogModuleManager: Shutting down and abandoning module AudioEditor (32)
[2018.10.16-23.08.15:097][577]LogModuleManager: Shutting down and abandoning module TextureCompressor (30)
[2018.10.16-23.08.15:097][577]LogModuleManager: Shutting down and abandoning module ShaderCore (28)
[2018.10.16-23.08.15:097][577]LogModuleManager: Shutting down and abandoning module Landscape (26)
[2018.10.16-23.08.15:097][577]LogModuleManager: Shutting down and abandoning module SlateRHIRenderer (24)
[2018.10.16-23.08.15:097][577]LogModuleManager: Shutting down and abandoning module OpenGLDrv (22)
[2018.10.16-23.08.15:097][577]LogModuleManager: Shutting down and abandoning module D3D11RHI (20)
[2018.10.16-23.08.15:097][577]LogModuleManager: Shutting down and abandoning module AnimGraphRuntime (18)
[2018.10.16-23.08.15:097][577]LogModuleManager: Shutting down and abandoning module Renderer (16)
[2018.10.16-23.08.15:097][577]LogModuleManager: Shutting down and abandoning module Engine (14)
[2018.10.16-23.08.15:097][577]LogModuleManager: Shutting down and abandoning module CoreUObject (12)
[2018.10.16-23.08.15:097][577]LogModuleManager: Shutting down and abandoning module NetworkFile (10)
[2018.10.16-23.08.15:097][577]LogModuleManager: Shutting down and abandoning module CookedIterativeFile (8)
[2018.10.16-23.08.15:097][577]LogModuleManager: Shutting down and abandoning module StreamingFile (6)
[2018.10.16-23.08.15:097][577]LogModuleManager: Shutting down and abandoning module SandboxFile (4)
[2018.10.16-23.08.15:097][577]LogModuleManager: Shutting down and abandoning module PakFile (2)
[2018.10.16-23.08.15:103][577]LogExit: Exiting.
[2018.10.16-23.08.15:110][577]Log file closed, 10/16/18 16:08:15
