Log file open, 10/23/18 16:10:28
LogWindows: Failed to load 'aqProf.dll' (GetLastError=126)
LogWindows: File 'aqProf.dll' does not exist
LogWindows: Failed to load 'VtuneApi.dll' (GetLastError=126)
LogWindows: File 'VtuneApi.dll' does not exist
LogWindows: Failed to load 'VtuneApi32e.dll' (GetLastError=126)
LogWindows: File 'VtuneApi32e.dll' does not exist
LogInit: Display: Running engine for game: Kermitthebigadventur
LogPlatformFile: Not using cached read wrapper
LogTaskGraph: Started task graph with 5 named threads and 23 total threads with 3 sets of task threads.
LogStats: Stats thread started at 0.268383
LogD3D11RHI: Loaded GFSDK_Aftermath_Lib.x64.dll
LogICUInternationalization: Display: ICU TimeZone Detection - Raw Offset: -8:00, Platform Override: ''
LogPluginManager: Mounting plugin Paper2D
LogPluginManager: Mounting plugin AISupport
LogPluginManager: Mounting plugin LightPropagationVolume
LogPluginManager: Mounting plugin CLionSourceCodeAccess
LogPluginManager: Mounting plugin CodeLiteSourceCodeAccess
LogPluginManager: Mounting plugin GitSourceControl
LogPluginManager: Mounting plugin KDevelopSourceCodeAccess
LogPluginManager: Mounting plugin NullSourceCodeAccess
LogPluginManager: Mounting plugin PerforceSourceControl
LogPluginManager: Mounting plugin SubversionSourceControl
LogPluginManager: Mounting plugin UObjectPlugin
LogPluginManager: Mounting plugin VisualStudioCodeSourceCodeAccess
LogPluginManager: Mounting plugin VisualStudioSourceCodeAccess
LogPluginManager: Mounting plugin XCodeSourceCodeAccess
LogPluginManager: Mounting plugin AssetManagerEditor
LogPluginManager: Mounting plugin CryptoKeys
LogPluginManager: Mounting plugin DataValidation
LogPluginManager: Mounting plugin FacialAnimation
LogPluginManager: Mounting plugin GameplayTagsEditor
LogPluginManager: Mounting plugin MacGraphicsSwitching
LogPluginManager: Mounting plugin MeshEditor
LogPluginManager: Mounting plugin MobileLauncherProfileWizard
LogPluginManager: Mounting plugin PluginBrowser
LogPluginManager: Mounting plugin SpeedTreeImporter
LogPluginManager: Mounting plugin DatasmithContent
LogPluginManager: Mounting plugin AlembicImporter
LogPluginManager: Mounting plugin AppleImageUtils
LogPluginManager: Mounting plugin AppleVision
LogPluginManager: Mounting plugin BackChannel
LogPluginManager: Mounting plugin CharacterAI
LogPluginManager: Mounting plugin GeometryCache
LogPluginManager: Mounting plugin HTML5Networking
LogPluginManager: Mounting plugin ProxyLODPlugin
LogPluginManager: Mounting plugin MagicLeap
LogPluginManager: Mounting plugin MagicLeapEmulator
LogPluginManager: Mounting plugin MagicLeapMedia
LogPluginManager: Mounting plugin AndroidMedia
LogPluginManager: Mounting plugin AvfMedia
LogPluginManager: Mounting plugin ImgMedia
LogPluginManager: Mounting plugin LinearTimecode
LogPluginManager: Mounting plugin MediaCompositing
LogPluginManager: Mounting plugin MediaPlayerEditor
LogPluginManager: Mounting plugin WmfMedia
LogPluginManager: Mounting plugin TcpMessaging
LogPluginManager: Mounting plugin UdpMessaging
LogPluginManager: Mounting plugin ActorSequence
LogPluginManager: Mounting plugin LevelSequenceEditor
LogPluginManager: Mounting plugin MatineeToLevelSequence
LogPluginManager: Mounting plugin NetcodeUnitTest
LogPluginManager: Mounting plugin NUTUnrealEngine4
LogPluginManager: Mounting plugin OnlineSubsystemGooglePlay
LogPluginManager: Mounting plugin OnlineSubsystemIOS
LogPluginManager: Mounting plugin OnlineSubsystem
LogPluginManager: Mounting plugin OnlineSubsystemNull
LogPluginManager: Mounting plugin OnlineSubsystemUtils
LogPluginManager: Mounting plugin LauncherChunkInstaller
LogPluginManager: Mounting plugin AndroidDeviceProfileSelector
LogPluginManager: Mounting plugin AndroidMoviePlayer
LogPluginManager: Mounting plugin AndroidPermission
LogPluginManager: Mounting plugin AppleMoviePlayer
LogPluginManager: Mounting plugin ArchVisCharacter
LogPluginManager: Mounting plugin AudioCapture
LogPluginManager: Mounting plugin CableComponent
LogPluginManager: Mounting plugin CustomMeshComponent
LogPluginManager: Mounting plugin EditableMesh
LogPluginManager: Mounting plugin ExampleDeviceProfileSelector
LogPluginManager: Mounting plugin GoogleCloudMessaging
LogPluginManager: Mounting plugin ImmediatePhysics
LogPluginManager: Mounting plugin IOSDeviceProfileSelector
LogPluginManager: Mounting plugin LinuxDeviceProfileSelector
LogPluginManager: Mounting plugin LocationServicesBPLibrary
LogPluginManager: Mounting plugin MobilePatchingUtils
LogPluginManager: Mounting plugin OculusVR
LogPluginManager: Plugin shader directory ../../../Engine/Plugins/Runtime/Oculus/OculusVR/Shaders found
LogPluginManager: Mapping shader source directory ../../../Engine/Plugins/Runtime/Oculus/OculusVR/Shaders to virtual directory /Plugin/OculusVR
LogPluginManager: Mounting plugin PhysXVehicles
LogPluginManager: Mounting plugin ProceduralMeshComponent
LogPluginManager: Mounting plugin RuntimePhysXCooking
LogPluginManager: Mounting plugin SteamVR
LogPluginManager: Mounting plugin WindowsMoviePlayer
LogStreaming: Display: Took  0.063s to configure plugins.
LogInit: Using libcurl 7.55.1-DEV
LogInit:  - built for x86_64-pc-win32
LogInit:  - supports SSL with OpenSSL/1.0.2h
LogInit:  - supports HTTP deflate (compression) using libz 1.2.8
LogInit:  - other features:
LogInit:      CURL_VERSION_SSL
LogInit:      CURL_VERSION_LIBZ
LogInit:      CURL_VERSION_IPV6
LogInit:      CURL_VERSION_ASYNCHDNS
LogInit:      CURL_VERSION_LARGEFILE
LogInit:      CURL_VERSION_IDN
LogInit:  CurlRequestOptions (configurable via config and command line):
LogInit:  - bVerifyPeer = false  - Libcurl will NOT verify peer certificate
LogInit:  - bUseHttpProxy = false  - Libcurl will NOT use HTTP proxy
LogInit:  - bDontReuseConnections = false  - Libcurl will reuse connections
LogInit:  - CertBundlePath = nullptr  - Libcurl will use whatever was configured at build time.
LogInit:  - MaxHostConnections = 16  - Libcurl will limit the number of connections to a host
LogInit:  - LocalHostAddr = Default
LogInit:  - BufferSize = 65536
LogInit: WinSock: version 1.1 (2.2), MaxSocks=32767, MaxUdp=65467
LogInit: Build: ++UE4+Release-4.20-CL-4233996
LogInit: Engine Version: 4.20.1-4233996+++UE4+Release-4.20
LogInit: Compatible Engine Version: 4.20.0-4212847+++UE4+Release-4.20
LogInit: Net CL: 4212847
LogInit: OS: Windows 10 (), CPU: Intel(R) Core(TM) i7-6700 CPU @ 3.40GHz, GPU: AMD FirePro W4100
LogInit: Compiled (64-bit): Jul 26 2018 10:07:30
LogInit: Compiled with Visual C++: 19.13.26129.00
LogInit: Build Configuration: Development
LogInit: Branch Name: ++UE4+Release-4.20
LogInit: Command Line: 
LogInit: Base Directory: C:/Program Files/Epic Games/UE_4.20/Engine/Binaries/Win64/
LogInit: Installed Engine Build: 1
LogDevObjectVersion: Number of dev versions registered: 20
LogDevObjectVersion:   Dev-Blueprints (B0D832E4-1F89-4F0D-ACCF-7EB736FD4AA2): 10
LogDevObjectVersion:   Dev-Build (E1C64328-A22C-4D53-A36C-8E866417BD8C): 0
LogDevObjectVersion:   Dev-Core (375EC13C-06E4-48FB-B500-84F0262A717E): 2
LogDevObjectVersion:   Dev-Editor (E4B068ED-F494-42E9-A231-DA0B2E46BB41): 24
LogDevObjectVersion:   Dev-Framework (CFFC743F-43B0-4480-9391-14DF171D2073): 34
LogDevObjectVersion:   Dev-Mobile (B02B49B5-BB20-44E9-A304-32B752E40360): 2
LogDevObjectVersion:   Dev-Networking (A4E4105C-59A1-49B5-A7C5-40C4547EDFEE): 0
LogDevObjectVersion:   Dev-Online (39C831C9-5AE6-47DC-9A44-9C173E1C8E7C): 0
LogDevObjectVersion:   Dev-Physics (78F01B33-EBEA-4F98-B9B4-84EACCB95AA2): 0
LogDevObjectVersion:   Dev-Platform (6631380F-2D4D-43E0-8009-CF276956A95A): 0
LogDevObjectVersion:   Dev-Rendering (12F88B9F-8875-4AFC-A67C-D90C383ABD29): 26
LogDevObjectVersion:   Dev-Sequencer (7B5AE74C-D270-4C10-A958-57980B212A5A): 9
LogDevObjectVersion:   Dev-VR (D7296918-1DD6-4BDD-9DE2-64A83CC13884): 2
LogDevObjectVersion:   Dev-LoadTimes (C2A15278-BFE7-4AFE-6C17-90FF531DF755): 1
LogDevObjectVersion:   Private-Geometry (6EACA3D4-40EC-4CC1-B786-8BED09428FC5): 3
LogDevObjectVersion:   Dev-AnimPhys (29E575DD-E0A3-4627-9D10-D276232CDCEA): 17
LogDevObjectVersion:   Dev-ReflectionCapture (6B266CEC-1EC7-4B8F-A30B-E4D90942FC07): 1
LogDevObjectVersion:   Dev-Automation (0DF73D61-A23F-47EA-B727-89E90C41499A): 1
LogDevObjectVersion:   FortniteMain (601D1886-AC64-4F84-AA16-D3DE0DEAC7D6): 12
LogDevObjectVersion:   Dev-Enterprise (9DFFBCD6-494F-0158-E221-12823C92A888): 1
LogStreaming: Display: Took  0.002s to delete old logs.
LogInit: Presizing for max 8388607 objects, including 0 objects not considered by GC, pre-allocating 0 bytes for permanent pool.
LogInit: Object subsystem initialized
[2018.10.23-23.10.28:996][  0]LogInit: Selected Device Profile: [Windows]
[2018.10.23-23.10.28:996][  0]LogInit: Applying CVar settings loaded from the selected device profile: [Windows]
[2018.10.23-23.10.29:003][  0]LogHAL: Display: Platform has ~ 8 GB [8510779392 / 8589934592 / 8], which maps to Default [LargestMinGB=32, LargerMinGB=12, DefaultMinGB=8, SmallerMinGB=6, SmallestMinGB=0)
[2018.10.23-23.10.29:004][  0]LogInit: Setting Device Profile CVar: [[r.Vulkan.UseRealUBs:1]]
[2018.10.23-23.10.29:004][  0]LogInit: Going up to parent DeviceProfile []
[2018.10.23-23.10.29:008][  0]LogInit: Computer: CLSYSTEM01
[2018.10.23-23.10.29:008][  0]LogInit: User: User
[2018.10.23-23.10.29:008][  0]LogInit: CPU Page size=4096, Cores=4
[2018.10.23-23.10.29:008][  0]LogInit: High frequency timer resolution =3.328132 MHz
[2018.10.23-23.10.29:009][  0]LogMemory: Memory total: Physical=7.9GB (8GB approx)
[2018.10.23-23.10.29:009][  0]LogMemory: Platform Memory Stats for Windows
[2018.10.23-23.10.29:009][  0]LogMemory: Process Physical Memory: 100.71 MB used, 100.71 MB peak
[2018.10.23-23.10.29:009][  0]LogMemory: Process Virtual Memory: 90.91 MB used, 90.91 MB peak
[2018.10.23-23.10.29:009][  0]LogMemory: Physical Memory: 3461.35 MB used,  4655.16 MB free, 8116.51 MB total
[2018.10.23-23.10.29:009][  0]LogMemory: Virtual Memory: 548.80 MB used,  4655.16 MB free, 134217728.00 MB total
[2018.10.23-23.10.29:098][  0]LogInit: Using OS detected language (en-US).
[2018.10.23-23.10.29:098][  0]LogInit: Using OS detected locale (en-US).
[2018.10.23-23.10.29:100][  0]LogTextLocalizationManager: No specific localization for 'en-US' exists, so the 'en' localization will be used.
[2018.10.23-23.10.29:459][  0]LogStreaming: Display: Took  0.361s to InitEngineTextLocalization.
[2018.10.23-23.10.29:460][  0]LogInit: Setting process to per monitor DPI aware
[2018.10.23-23.10.29:518][  0]LogSlate: New Slate User Created.  User Index 0, Is Virtual User: 0
[2018.10.23-23.10.29:518][  0]LogSlate: Slate User Registered.  User Index 0, Is Virtual User: 0
[2018.10.23-23.10.29:797][  0]LogHMD: Failed to initialize OpenVR with code 110
[2018.10.23-23.10.29:797][  0]LogD3D11RHI: D3D11 adapters:
[2018.10.23-23.10.29:817][  0]LogD3D11RHI:    0. 'AMD FirePro W4100' (Feature Level 11_0)
[2018.10.23-23.10.29:817][  0]LogD3D11RHI:       2029/0/4058 MB DedicatedVideo/DedicatedSystem/SharedSystem, Outputs:1, VendorId:0x1002
[2018.10.23-23.10.29:818][  0]LogD3D11RHI:    1. 'Microsoft Basic Render Driver' (Feature Level 11_0)
[2018.10.23-23.10.29:818][  0]LogD3D11RHI:       0/0/4058 MB DedicatedVideo/DedicatedSystem/SharedSystem, Outputs:0, VendorId:0x1414
[2018.10.23-23.10.29:818][  0]LogD3D11RHI: Chosen D3D11 Adapter: 0
[2018.10.23-23.10.29:825][  0]LogD3D11RHI: Creating new Direct3DDevice
[2018.10.23-23.10.29:826][  0]LogD3D11RHI:     GPU DeviceId: 0x682c (for the marketing name, search the web for "GPU Device Id")
[2018.10.23-23.10.29:826][  0]LogWindows: EnumDisplayDevices:
[2018.10.23-23.10.29:826][  0]LogWindows:    0. 'AMD FirePro W4100' (P:1 D:1)
[2018.10.23-23.10.29:827][  0]LogWindows:    1. 'AMD FirePro W4100' (P:0 D:0)
[2018.10.23-23.10.29:827][  0]LogWindows:    2. 'AMD FirePro W4100' (P:0 D:0)
[2018.10.23-23.10.29:827][  0]LogWindows:    3. 'AMD FirePro W4100' (P:0 D:0)
[2018.10.23-23.10.29:827][  0]LogWindows:    4. 'AMD FirePro W4100' (P:0 D:0)
[2018.10.23-23.10.29:828][  0]LogWindows:    5. 'AMD FirePro W4100' (P:0 D:0)
[2018.10.23-23.10.29:828][  0]LogWindows:    6. 'LMIMIRR' (P:0 D:0)
[2018.10.23-23.10.29:828][  0]LogWindows: DebugString: GetVideoDriverDetailsInvalid PrimaryIsNotTheChoosenAdapter FoundDriverCount:6 
[2018.10.23-23.10.29:828][  0]LogD3D11RHI:     Adapter Name: AMD FirePro W4100
[2018.10.23-23.10.29:828][  0]LogD3D11RHI:   Driver Version: Crimson ReLive 17.1.1 (internal:21.19.384.3, unified:21.19.384.3)
[2018.10.23-23.10.29:828][  0]LogD3D11RHI:      Driver Date: 1-11-2017
[2018.10.23-23.10.29:828][  0]LogRHI: Texture pool is 1420 MB (70% of 2029 MB)
[2018.10.23-23.10.29:903][  0]LogD3D11RHI: Async texture creation enabled
[2018.10.23-23.10.29:927][  0]LogD3D11RHI: GPU Timing Frequency: 27.000000 (Debug: 2 1)
[2018.10.23-23.10.29:933][  0]LogShaderCompilers: Guid format shader working directory is -1 characters bigger than the processId version (../../../../../../Frogman/Kermitthebigadventur/Intermediate/Shaders/WorkingDirectory/7400/).
[2018.10.23-23.10.29:933][  0]LogShaderCompilers: Cleaned the shader compiler working directory 'C:/Users/User/AppData/Local/Temp/UnrealShaderWorkingDir/F5C9025C455BCB32C30CEBA30D1778F8/'.
[2018.10.23-23.10.30:569][  0]LogTemp: Display: Loaded TP AllDesktopTargetPlatform
[2018.10.23-23.10.30:581][  0]LogTemp: Display: Loaded TP MacClientTargetPlatform
[2018.10.23-23.10.30:592][  0]LogTemp: Display: Loaded TP MacNoEditorTargetPlatform
[2018.10.23-23.10.30:604][  0]LogTemp: Display: Loaded TP MacServerTargetPlatform
[2018.10.23-23.10.30:616][  0]LogTemp: Display: Loaded TP MacTargetPlatform
[2018.10.23-23.10.30:628][  0]LogTemp: Display: Loaded TP WindowsClientTargetPlatform
[2018.10.23-23.10.30:639][  0]LogTemp: Display: Loaded TP WindowsNoEditorTargetPlatform
[2018.10.23-23.10.30:650][  0]LogTemp: Display: Loaded TP WindowsServerTargetPlatform
[2018.10.23-23.10.30:656][  0]LogTemp: Display: Loaded TP WindowsTargetPlatform
[2018.10.23-23.10.30:722][  0]LogTemp: Display: Loaded TP AndroidTargetPlatform
[2018.10.23-23.10.30:722][  0]LogTemp: Display: Loaded TP AndroidTargetPlatform
[2018.10.23-23.10.30:722][  0]LogTemp: Display: Loaded TP AndroidTargetPlatform
[2018.10.23-23.10.30:722][  0]LogTemp: Display: Loaded TP AndroidTargetPlatform
[2018.10.23-23.10.30:722][  0]LogTemp: Display: Loaded TP AndroidTargetPlatform
[2018.10.23-23.10.30:722][  0]LogTemp: Display: Loaded TP AndroidTargetPlatform
[2018.10.23-23.10.30:722][  0]LogTemp: Display: Loaded TP AndroidTargetPlatform
[2018.10.23-23.10.30:722][  0]LogTemp: Display: Loaded TP AndroidTargetPlatform
[2018.10.23-23.10.30:722][  0]LogTemp: Display: Loaded TP AndroidTargetPlatform
[2018.10.23-23.10.30:722][  0]LogTemp: Display: Loaded TP AndroidTargetPlatform
[2018.10.23-23.10.30:722][  0]LogTemp: Display: Loaded TP AndroidTargetPlatform
[2018.10.23-23.10.30:722][  0]LogTemp: Display: Loaded TP AndroidTargetPlatform
[2018.10.23-23.10.30:722][  0]LogTemp: Display: Loaded TP AndroidTargetPlatform
[2018.10.23-23.10.30:722][  0]LogTemp: Display: Loaded TP AndroidTargetPlatform
[2018.10.23-23.10.30:722][  0]LogTemp: Display: Loaded TP AndroidTargetPlatform
[2018.10.23-23.10.30:722][  0]LogTemp: Display: Loaded TP AndroidTargetPlatform
[2018.10.23-23.10.30:722][  0]LogTemp: Display: Loaded TP AndroidTargetPlatform
[2018.10.23-23.10.30:722][  0]LogTemp: Display: Loaded TP AndroidTargetPlatform
[2018.10.23-23.10.30:723][  0]LogTemp: Display: Loaded TP HTML5TargetPlatform
[2018.10.23-23.10.30:777][  0]LogTemp: Display: Loaded TP IOSTargetPlatform
[2018.10.23-23.10.30:777][  0]LogTemp: Display: Loaded TP IOSTargetPlatform
[2018.10.23-23.10.30:797][  0]LogTemp: Display: Loaded TP TVOSTargetPlatform
[2018.10.23-23.10.30:797][  0]LogTemp: Display: Loaded TP TVOSTargetPlatform
[2018.10.23-23.10.30:808][  0]LogTemp: Display: Loaded TP LinuxClientTargetPlatform
[2018.10.23-23.10.30:818][  0]LogTemp: Display: Loaded TP LinuxNoEditorTargetPlatform
[2018.10.23-23.10.30:828][  0]LogTemp: Display: Loaded TP LinuxServerTargetPlatform
[2018.10.23-23.10.30:838][  0]LogTemp: Display: Loaded TP LinuxTargetPlatform
[2018.10.23-23.10.30:845][  0]LogTemp: Display: Loaded TP LuminTargetPlatform
[2018.10.23-23.10.30:847][  0]LogTargetPlatformManager: Display: Building Assets For Windows
[2018.10.23-23.10.30:886][  0]LogXGEController: Cannot use XGE Controller as Incredibuild is not installed on this machine.
[2018.10.23-23.10.30:886][  0]LogShaderCompilers: Cannot use XGE Shader Compiler as Incredibuild is not installed on this machine.
[2018.10.23-23.10.30:886][  0]LogShaderCompilers: Display: Using Local Shader Compiler.
[2018.10.23-23.10.31:522][  0]LogDerivedDataCache: Display: Max Cache Size: 512 MB
[2018.10.23-23.10.31:663][  0]LogDerivedDataCache: Loaded boot cache 0.14s 87MB C:/Users/User/AppData/Local/UnrealEngine/4.20/DerivedDataCache/Boot.ddc.
[2018.10.23-23.10.31:664][  0]LogDerivedDataCache: Display: Loaded Boot cache: C:/Users/User/AppData/Local/UnrealEngine/4.20/DerivedDataCache/Boot.ddc
[2018.10.23-23.10.31:664][  0]LogDerivedDataCache: FDerivedDataBackendGraph:  Pak pak cache file ../../../../../../Frogman/Kermitthebigadventur/DerivedDataCache/DDC.ddp not found, will not use a pak cache.
[2018.10.23-23.10.31:664][  0]LogDerivedDataCache: Unable to find inner node Pak for hierarchical cache Hierarchy.
[2018.10.23-23.10.31:664][  0]LogDerivedDataCache: FDerivedDataBackendGraph:  CompressedPak pak cache file ../../../../../../Frogman/Kermitthebigadventur/DerivedDataCache/Compressed.ddp not found, will not use a pak cache.
[2018.10.23-23.10.31:664][  0]LogDerivedDataCache: Unable to find inner node CompressedPak for hierarchical cache Hierarchy.
[2018.10.23-23.10.31:680][  0]LogDerivedDataCache: Display: Pak cache opened for reading ../../../Engine/DerivedDataCache/Compressed.ddp.
[2018.10.23-23.10.31:693][  0]LogDerivedDataCache: Using Local data cache path C:/Users/User/AppData/Local/UnrealEngine/Common/DerivedDataCache: Writable
[2018.10.23-23.10.31:693][  0]LogDerivedDataCache: Shared data cache path not found in *engine.ini, will not use an Shared cache.
[2018.10.23-23.10.31:693][  0]LogDerivedDataCache: Unable to find inner node Shared for hierarchical cache Hierarchy.
[2018.10.23-23.10.31:718][  0]LogMaterial: Verifying Global Shaders for PCD3D_SM5
[2018.10.23-23.10.31:729][  0]LogSlate: Using FreeType 2.6.0
[2018.10.23-23.10.31:739][  0]LogSlate: SlateFontServices - WITH_FREETYPE: 1, WITH_HARFBUZZ: 1
[2018.10.23-23.10.31:878][  0]LogAssetRegistry: FAssetRegistry took 0.0311 seconds to start up
[2018.10.23-23.10.32:333][  0]LogAssetRegistry: Error: Failed to open file for write ../../../../../../Frogman/Kermitthebigadventur/Intermediate/CachedAssetRegistry.bin
[2018.10.23-23.10.32:333][  0]LogInit: Selected Device Profile: [Windows]
[2018.10.23-23.10.32:543][  0]LogSimplygon: Simplygon DLL not present - disabling.
[2018.10.23-23.10.32:559][  0]LogMeshReduction: Using SimplygonSwarm for distributed automatic mesh merging
[2018.10.23-23.10.32:559][  0]LogMeshReduction: Using ProxyLODMeshReduction for automatic mesh merging
[2018.10.23-23.10.32:560][  0]LogMeshReduction: Using QuadricMeshReduction for automatic static mesh reduction
[2018.10.23-23.10.32:560][  0]LogMeshReduction: No automatic skeletal mesh reduction module available
[2018.10.23-23.10.32:602][  0]LogNetVersion: Kermitthebigadventur 1.0.0, NetCL: 4212847, EngineNetVer: 5, GameNetVer: 0 (Checksum: 2514576051)
[2018.10.23-23.10.33:321][  0]LogAssetRegistry: Error: Failed to open file for write ../../../../../../Frogman/Kermitthebigadventur/Intermediate/AssetRegistryCache/5a627529.bin
[2018.10.23-23.10.33:376][  0]LogPackageLocalizationCache: Processed 11 localized package path(s) for 2 prioritized culture(s) in 0.057743 seconds
[2018.10.23-23.10.33:384][  0]LogUObjectArray: 38425 objects as part of root set at end of initial load.
[2018.10.23-23.10.33:384][  0]LogUObjectAllocator: 6690864 out of 0 bytes used by permanent object pool.
[2018.10.23-23.10.33:384][  0]LogUObjectArray: CloseDisregardForGC: 0/0 objects in disregard for GC pool
[2018.10.23-23.10.35:013][  0]LogTcpMessaging: Initializing TcpMessaging bridge
[2018.10.23-23.10.35:033][  0]LogUdpMessaging: Initializing bridge on interface 0.0.0.0:0 to multicast group 230.0.0.1:6666.
[2018.10.23-23.10.35:272][  0]SourceControl: Source control is disabled
[2018.10.23-23.10.35:272][  0]SourceControl: Source control is disabled
[2018.10.23-23.10.35:282][  0]SourceControl: Source control is disabled
[2018.10.23-23.10.35:286][  0]SourceControl: Source control is disabled
[2018.10.23-23.10.35:552][  0]LogAndroidPermission: UAndroidPermissionCallbackProxy::GetInstance
[2018.10.23-23.10.35:604][  0]LogOcInput: OculusInput pre-init called
[2018.10.23-23.10.35:723][  0]LogEngine: Initializing Engine...
[2018.10.23-23.10.35:725][  0]LogHMD: Failed to initialize OpenVR with code 110
[2018.10.23-23.10.35:729][  0]LogStats: UGameplayTagsManager::ConstructGameplayTagTree: ImportINI prefixes -  0.000 s
[2018.10.23-23.10.35:729][  0]LogStats: UGameplayTagsManager::ConstructGameplayTagTree: Construct from data asset -  0.000 s
[2018.10.23-23.10.35:730][  0]LogStats: UGameplayTagsManager::ConstructGameplayTagTree: ImportINI -  0.000 s
[2018.10.23-23.10.35:730][  0]LogStats: UGameplayTagsManager::ConstructGameplayTagTree: GameplayTagTreeChangedEvent.Broadcast -  0.000 s
[2018.10.23-23.10.35:959][  0]LogInit: Initializing FReadOnlyCVARCache
[2018.10.23-23.10.36:010][  0]LogAIModule: Creating AISystem for world Untitled
[2018.10.23-23.10.36:038][  0]LogInit: XAudio2 using 'Speakers / Headphones (Realtek Audio)' : 2 channels at 48 kHz using 32 bits per sample (channel mask 0x3)
[2018.10.23-23.10.36:252][  0]LogInit: FAudioDevice initialized.
[2018.10.23-23.10.36:253][  0]LogNetVersion: Set ProjectVersion to 1.0.0.0. Version Checksum will be recalculated on next use.
[2018.10.23-23.10.36:317][  0]LogDerivedDataCache: Saved boot cache 0.06s 87MB C:/Users/User/AppData/Local/UnrealEngine/4.20/DerivedDataCache/Boot.ddc.
[2018.10.23-23.10.36:325][  0]LogInit: Texture streaming: Enabled
[2018.10.23-23.10.36:352][  0]LogEngineSessionManager: EngineSessionManager initialized
[2018.10.23-23.10.36:378][  0]LogInit: Transaction tracking system initialized
[2018.10.23-23.10.36:429][  0]BlueprintLog: New page: Editor Load
[2018.10.23-23.10.36:594][  0]LocalizationService: Localization service is disabled
[2018.10.23-23.10.36:955][  0]LogCook: Display: Max memory allowance for cook 16384mb min free memory 0mb
[2018.10.23-23.10.36:955][  0]LogCook: Display: Mobile HDR setting 1
[2018.10.23-23.10.36:956][  0]LogFileCache: Scanning file cache for directory 'C:/Frogman/Kermitthebigadventur/Content/' took 0.01s
[2018.10.23-23.10.36:956][  0]LogGameplayTags: Display: UGameplayTagsManager::DoneAddingNativeTags. DelegateIsBound: 0
[2018.10.23-23.10.36:957][  0]LogStats: UGameplayTagsManager::ConstructGameplayTagTree: ImportINI prefixes -  0.000 s
[2018.10.23-23.10.36:957][  0]LogStats: UGameplayTagsManager::ConstructGameplayTagTree: Construct from data asset -  0.000 s
[2018.10.23-23.10.36:957][  0]LogStats: UGameplayTagsManager::ConstructGameplayTagTree: ImportINI -  0.000 s
[2018.10.23-23.10.36:957][  0]LogStats: UGameplayTagsManager::ConstructGameplayTagTree: GameplayTagTreeChangedEvent.Broadcast -  0.000 s
[2018.10.23-23.10.37:168][  0]SourceControl: Source control is disabled
[2018.10.23-23.10.37:170][  0]Cmd: MAP LOAD FILE="../../../../../../Frogman/Kermitthebigadventur/Content/ThirdPersonBP/Maps/ThirdPersonExampleMap.umap" TEMPLATE=0 SHOWPROGRESS=1 FEATURELEVEL=3
[2018.10.23-23.10.37:171][  0]LightingResults: New page: Lighting Build
[2018.10.23-23.10.37:183][  0]MapCheck: New page: Map Check
[2018.10.23-23.10.37:184][  0]LightingResults: New page: Lighting Build
[2018.10.23-23.10.37:670][  0]LogTexture: Display: Building textures: eye2 (AutoDXT, 128X128)
[2018.10.23-23.10.37:670][  0]LogTexture: Display: Building textures: kermit (AutoDXT, 512X512)
[2018.10.23-23.10.37:732][  0]LogTexture: Display: Building textures: cgang002 (AutoDXT, 64X64)
[2018.10.23-23.10.37:732][  0]LogTexture: Display: Building textures: HQ_Lightmap1_1 (AutoDXT, 1024X1024)
[2018.10.23-23.10.37:732][  0]LogTexture: Display: Building textures: LQ_Lightmap_1_1 (DXT1, 1024X1024)
[2018.10.23-23.10.37:732][  0]LogMaterial: Display: Missing cached shader map for material M_smoke_subUV, compiling. 
[2018.10.23-23.10.37:872][  0]LogShaderCompilers: Display: Shaders left to compile 99
[2018.10.23-23.10.37:872][  0]LogShaderCompilers: Display: Shaders left to compile 89
[2018.10.23-23.10.37:872][  0]LogShaderCompilers: Display: Shaders left to compile 79
[2018.10.23-23.10.37:872][  0]LogShaderCompilers: Display: Shaders left to compile 69
[2018.10.23-23.10.37:872][  0]LogShaderCompilers: Display: Shaders left to compile 59
[2018.10.23-23.10.37:872][  0]LogAnimationCompression: Building Anim DDC data for AnimSequence /Game/ThirdPersonBP/Notkermit/Idle_Anim.Idle_Anim
[2018.10.23-23.10.37:872][  0]LogAnimationCompression: Recompressing (AnimSequence /Game/ThirdPersonBP/Notkermit/Idle_Anim.Idle_Anim) using current/default (AnimCompress_BitwiseCompressOnly_0) bFirstRecompressUsingCurrentOrDefault(1) bTryAlternateCompressor(0) IsCompressedDataValid(0)
[2018.10.23-23.10.37:900][  0]LogAnimationCompression: Building Anim DDC data for AnimSequence /Game/ThirdPersonBP/Notkermit/Running.Running
[2018.10.23-23.10.37:900][  0]LogAnimationCompression: Recompressing (AnimSequence /Game/ThirdPersonBP/Notkermit/Running.Running) using current/default (AnimCompress_BitwiseCompressOnly_0) bFirstRecompressUsingCurrentOrDefault(1) bTryAlternateCompressor(0) IsCompressedDataValid(0)
[2018.10.23-23.10.37:904][  0]LogMaterial: Display: Missing cached shader map for material eyemat, compiling. 
[2018.10.23-23.10.37:947][  0]LogMaterial: Display: Missing cached shader map for material bodymat, compiling. 
[2018.10.23-23.10.37:981][  0]LogSkeletalMesh: Building Skeletal Mesh Idle__2_...
[2018.10.23-23.10.38:006][  0]LogSkeletalMesh: Built Skeletal Mesh [0.02s] /Game/ThirdPersonBP/Kermit/Kermit/Idle__2_.Idle__2_
[2018.10.23-23.10.38:011][  0]LogMaterial: Display: Missing cached shader map for material TbcHardHat12Mat, compiling. 
[2018.10.23-23.10.38:026][  0]LogStaticMesh: Building static mesh buildersclubhemlet...
[2018.10.23-23.10.38:054][  0]LogStaticMesh: Built static mesh [0.03s] /Game/ThirdPersonBP/Kermit/Kermit/buildersclubhemlet.buildersclubhemlet
[2018.10.23-23.10.38:093][  0]LogMaterial: Display: Missing cached shader map for material wood, compiling. 
[2018.10.23-23.10.38:119][  0]LogMaterial: Display: Missing cached shader map for material tree, compiling. 
[2018.10.23-23.10.38:144][  0]LogSkeletalMesh: Building Skeletal Mesh candytree...
[2018.10.23-23.10.38:145][  0]LogSkeletalMesh: Built Skeletal Mesh [0.00s] /Game/Tree/candytree.candytree
[2018.10.23-23.10.38:164][  0]LogMaterial: Display: Missing cached shader map for material M_Wood_Walnut, compiling. 
[2018.10.23-23.10.38:237][  0]LogMaterial: Display: Missing cached shader map for material M_Ground_Grass, compiling. 
[2018.10.23-23.10.38:316][  0]LogMaterial: Display: Missing cached shader map for material cgang002mat, compiling. 
[2018.10.23-23.10.38:351][  0]LogSkeletalMesh: Building Skeletal Mesh Idle...
[2018.10.23-23.10.38:515][  0]LogSkeletalMesh: Built Skeletal Mesh [0.16s] /Game/ThirdPersonBP/Notkermit/Idle.Idle
[2018.10.23-23.10.38:560][  0]LogAnimationCompression: Building Anim DDC data for AnimSequence /Game/ThirdPersonBP/Kermit/Kermit/Running__1_.Running__1_
[2018.10.23-23.10.38:560][  0]LogAnimationCompression: Recompressing (AnimSequence /Game/ThirdPersonBP/Kermit/Kermit/Running__1_.Running__1_) using current/default (AnimCompress_BitwiseCompressOnly_1) bFirstRecompressUsingCurrentOrDefault(1) bTryAlternateCompressor(0) IsCompressedDataValid(0)
[2018.10.23-23.10.38:561][  0]LogAnimationCompression: Building Anim DDC data for AnimSequence /Game/ThirdPersonBP/Kermit/Kermit/Idle__2__Anim.Idle__2__Anim
[2018.10.23-23.10.38:561][  0]LogAnimationCompression: Recompressing (AnimSequence /Game/ThirdPersonBP/Kermit/Kermit/Idle__2__Anim.Idle__2__Anim) using current/default (AnimCompress_BitwiseCompressOnly_1) bFirstRecompressUsingCurrentOrDefault(1) bTryAlternateCompressor(0) IsCompressedDataValid(0)
[2018.10.23-23.10.38:604][  0]LogAIModule: Creating AISystem for world ThirdPersonExampleMap
[2018.10.23-23.10.38:681][  0]LogEditorServer: Finished looking for orphan Actors (0.000 secs)
[2018.10.23-23.10.38:808][  0]Cmd: MAP CHECKDEP NOCLEARLOG
[2018.10.23-23.10.38:891][  0]MapCheck: Map check complete: 0 Error(s), 0 Warning(s), took 82.296ms to complete.
[2018.10.23-23.10.38:891][  0]LogFileHelpers: Loading map 'ThirdPersonExampleMap' took 1.723
[2018.10.23-23.10.39:068][  0]LogSlate: Updating window title bar state: overlay mode, drag disabled, window buttons hidden, title bar hidden
[2018.10.23-23.10.39:081][  0]LogSlate: Updating window title bar state: overlay mode, drag disabled, window buttons hidden, title bar hidden
[2018.10.23-23.10.39:091][  0]LogSlate: Updating window title bar state: overlay mode, drag disabled, window buttons hidden, title bar hidden
[2018.10.23-23.10.39:102][  0]LogSlate: Updating window title bar state: overlay mode, drag disabled, window buttons hidden, title bar hidden
[2018.10.23-23.10.39:123][  0]LogCollectionManager: Loaded 0 collections in 0.002248 seconds
[2018.10.23-23.10.39:204][  0]LogFileCache: Scanning file cache for directory 'C:/Frogman/Kermitthebigadventur/Saved/Collections/' took 0.01s
[2018.10.23-23.10.39:204][  0]LogFileCache: Scanning file cache for directory 'C:/Frogman/Kermitthebigadventur/Content/Developers/User/Collections/' took 0.01s
[2018.10.23-23.10.39:204][  0]LogFileCache: Scanning file cache for directory 'C:/Frogman/Kermitthebigadventur/Content/Collections/' took 0.01s
[2018.10.23-23.10.39:204][  0]LogCollectionManager: Rebuilt the GUID cache for 0 collections in 0.000001 seconds
[2018.10.23-23.10.39:221][  0]LogContentBrowser: Native class hierarchy populated in 0.0145 seconds. Added 2572 classes and 603 folders.
[2018.10.23-23.10.39:240][  0]LogContentBrowser: Native class hierarchy updated for 'WidgetCarousel' in 0.0004 seconds. Added 0 classes and 0 folders.
[2018.10.23-23.10.39:364][  0]LogContentBrowser: Native class hierarchy updated for 'AddContentDialog' in 0.0003 seconds. Added 0 classes and 0 folders.
[2018.10.23-23.10.39:379][  0]LogContentBrowser: Native class hierarchy updated for 'SceneOutliner' in 0.0004 seconds. Added 1 classes and 2 folders.
[2018.10.23-23.10.39:459][  0]LogSlate: Took 0.001239 seconds to synchronously load lazily loaded font '../../../Engine/Content/Slate/Fonts/Roboto-Regular.ttf' (155K)
[2018.10.23-23.10.39:464][  0]LogSlate: Took 0.001261 seconds to synchronously load lazily loaded font '../../../Engine/Content/Slate/Fonts/Roboto-Bold.ttf' (160K)
[2018.10.23-23.10.39:477][  0]LogSlate: Took 0.001168 seconds to synchronously load lazily loaded font '../../../Engine/Content/Editor/Slate/Fonts/FontAwesome.ttf' (139K)
[2018.10.23-23.10.39:649][  0]LogRenderer: Reallocating scene render targets to support 1208x576 Format 10 NumSamples 1 (Frame:1).
[2018.10.23-23.10.39:999][  0]LogSlate: Took 0.001172 seconds to synchronously load lazily loaded font '../../../Engine/Content/Slate/Fonts/Roboto-Light.ttf' (167K)
[2018.10.23-23.10.40:089][  0]LogSlate: FSceneViewport::OnFocusLost() reason 2
[2018.10.23-23.10.40:118][  0]LogSlate: Window 'Tutorials' being destroyed
[2018.10.23-23.10.40:157][  0]LogContentBrowser: Native class hierarchy updated for 'HierarchicalLODOutliner' in 0.0004 seconds. Added 0 classes and 0 folders.
[2018.10.23-23.10.40:157][  0]LogLoad: (Engine Initialization) Total time: 12.86 seconds
[2018.10.23-23.10.40:157][  0]LogLoad: (Engine Initialization) Total Blueprint compile time: 0.00 seconds
[2018.10.23-23.10.40:171][  0]LogWindowsTextInputMethodSystem: Display: IME system now deactivated.
[2018.10.23-23.10.40:233][  0]LogContentStreaming: Texture pool size now 3000 MB
[2018.10.23-23.10.40:407][  2]LogAssetRegistry: Asset discovery search completed in 8.5531 seconds
[2018.10.23-23.10.40:412][  2]LogCollectionManager: Rebuilt the object cache for 0 collections in 0.000001 seconds (found 0 objects)
[2018.10.23-23.10.40:412][  2]LogCollectionManager: Fixed up redirectors for 0 collections in 0.001474 seconds (updated 0 objects)
[2018.10.23-23.10.41:300][ 20]LogSlate: Took 0.000176 seconds to synchronously load lazily loaded font '../../../Engine/Content/Slate/Fonts/Roboto-Light.ttf' (167K)
[2018.10.23-23.10.42:982][134]LogShaderCompilers: Display: Shaders left to compile 518
[2018.10.23-23.10.44:266][178]LogShaderCompilers: Display: Shaders left to compile 508
[2018.10.23-23.10.44:546][187]LogShaderCompilers: Display: Shaders left to compile 498
[2018.10.23-23.10.44:854][198]LogShaderCompilers: Display: Shaders left to compile 488
[2018.10.23-23.10.46:864][266]LogSlate: FSceneViewport::OnFocusLost() reason 0
[2018.10.23-23.10.46:953][273]LogTemp: Repeating last play command: Selected Viewport
[2018.10.23-23.10.46:975][273]LogBlueprintUserMessages: Early PlayInEditor Detection: Level '/Game/ThirdPersonBP/Maps/ThirdPersonExampleMap.ThirdPersonExampleMap:PersistentLevel' has LevelScriptBlueprint '/Game/ThirdPersonBP/Maps/ThirdPersonExampleMap.ThirdPersonExampleMap:PersistentLevel.ThirdPersonExampleMap' with GeneratedClass '/Game/ThirdPersonBP/Maps/ThirdPersonExampleMap.ThirdPersonExampleMap_C' with ClassGeneratedBy '/Game/ThirdPersonBP/Maps/ThirdPersonExampleMap.ThirdPersonExampleMap:PersistentLevel.ThirdPersonExampleMap'
[2018.10.23-23.10.46:977][273]LogPlayLevel: PlayLevel: No blueprints needed recompiling
[2018.10.23-23.10.46:999][273]PIE: New page: PIE session: ThirdPersonExampleMap (Oct 23, 2018, 9:10:46 AM)
[2018.10.23-23.10.46:999][273]LogPlayLevel: Creating play world package: /Game/ThirdPersonBP/Maps/UEDPIE_0_ThirdPersonExampleMap
[2018.10.23-23.10.47:040][273]LogPlayLevel: PIE: StaticDuplicateObject took: (0.039986s)
[2018.10.23-23.10.47:041][273]LogAIModule: Creating AISystem for world ThirdPersonExampleMap
[2018.10.23-23.10.47:042][273]LogPlayLevel: PIE: World Init took: (0.001881s)
[2018.10.23-23.10.47:043][273]LogPlayLevel: PIE: Created PIE world by copying editor world from /Game/ThirdPersonBP/Maps/ThirdPersonExampleMap.ThirdPersonExampleMap to /Game/ThirdPersonBP/Maps/UEDPIE_0_ThirdPersonExampleMap.ThirdPersonExampleMap (0.043031s)
[2018.10.23-23.10.47:071][273]LogInit: XAudio2 using 'Speakers / Headphones (Realtek Audio)' : 2 channels at 48 kHz using 32 bits per sample (channel mask 0x3)
[2018.10.23-23.10.47:087][273]LogInit: FAudioDevice initialized.
[2018.10.23-23.10.47:138][273]LogLinker: Warning: Can't find file '/Game/ThirdPersonBP/Blueprints/ThirdPersonGameMode'
[2018.10.23-23.10.47:138][273]LogLinker: Warning: Can't find file '/Game/ThirdPersonBP/Blueprints/ThirdPersonGameMode'
[2018.10.23-23.10.47:138][273]LogUObjectGlobals: Warning: Failed to find object 'Class /Game/ThirdPersonBP/Blueprints/ThirdPersonGameMode.ThirdPersonGameMode_C'
[2018.10.23-23.10.47:138][273]LogLoad: Game class is 'GameModeBase'
[2018.10.23-23.10.47:150][273]LogWorld: Bringing World /Game/ThirdPersonBP/Maps/UEDPIE_0_ThirdPersonExampleMap.ThirdPersonExampleMap up for play (max tick rate 0) at 2018.10.23-16.10.47
[2018.10.23-23.10.47:163][273]LogWorld: Bringing up level for play took: 0.018092
[2018.10.23-23.10.47:191][273]LogContentBrowser: Native class hierarchy updated for 'MovieSceneCapture' in 0.0008 seconds. Added 10 classes and 0 folders.
[2018.10.23-23.10.47:195][273]PIE: Play in editor start time for /Game/ThirdPersonBP/Maps/UEDPIE_0_ThirdPersonExampleMap -0.003
[2018.10.23-23.10.47:195][273]LogBlueprintUserMessages: Late PlayInEditor Detection: Level '/Game/ThirdPersonBP/Maps/ThirdPersonExampleMap.ThirdPersonExampleMap:PersistentLevel' has LevelScriptBlueprint '/Game/ThirdPersonBP/Maps/ThirdPersonExampleMap.ThirdPersonExampleMap:PersistentLevel.ThirdPersonExampleMap' with GeneratedClass '/Game/ThirdPersonBP/Maps/ThirdPersonExampleMap.ThirdPersonExampleMap_C' with ClassGeneratedBy '/Game/ThirdPersonBP/Maps/ThirdPersonExampleMap.ThirdPersonExampleMap:PersistentLevel.ThirdPersonExampleMap'
[2018.10.23-23.10.50:384][370]LogShaderCompilers: Display: Shaders left to compile 478
[2018.10.23-23.10.51:819][417]LogShaderCompilers: Display: Shaders left to compile 468
[2018.10.23-23.10.51:980][423]LogShaderCompilers: Display: Shaders left to compile 458
[2018.10.23-23.10.52:907][452]LogShaderCompilers: Display: Shaders left to compile 448
[2018.10.23-23.10.55:764][539]LogShaderCompilers: Display: Shaders left to compile 438
[2018.10.23-23.10.56:378][558]LogShaderCompilers: Display: Shaders left to compile 428
[2018.10.23-23.10.56:478][561]LogShaderCompilers: Display: Shaders left to compile 418
[2018.10.23-23.10.57:815][601]LogShaderCompilers: Display: Shaders left to compile 408
[2018.10.23-23.11.00:050][669]LogShaderCompilers: Display: Shaders left to compile 398
[2018.10.23-23.11.00:942][696]LogShaderCompilers: Display: Shaders left to compile 388
[2018.10.23-23.11.01:746][721]LogShaderCompilers: Display: Shaders left to compile 378
[2018.10.23-23.11.01:908][725]LogShaderCompilers: Display: Shaders left to compile 368
[2018.10.23-23.11.04:657][809]LogShaderCompilers: Display: Shaders left to compile 358
[2018.10.23-23.11.05:653][838]LogShaderCompilers: Display: Shaders left to compile 348
[2018.10.23-23.11.06:338][858]LogShaderCompilers: Display: Shaders left to compile 338
[2018.10.23-23.11.07:438][890]LogShaderCompilers: Display: Shaders left to compile 328
[2018.10.23-23.11.08:584][923]LogShaderCompilers: Display: Shaders left to compile 318
[2018.10.23-23.11.09:703][955]LogShaderCompilers: Display: Shaders left to compile 308
[2018.10.23-23.11.09:928][961]LogShaderCompilers: Display: Shaders left to compile 298
[2018.10.23-23.11.11:358][  1]LogShaderCompilers: Display: Shaders left to compile 288
[2018.10.23-23.11.12:595][ 36]LogShaderCompilers: Display: Shaders left to compile 278
[2018.10.23-23.11.13:920][ 73]LogShaderCompilers: Display: Shaders left to compile 268
[2018.10.23-23.11.14:334][ 85]LogShaderCompilers: Display: Shaders left to compile 258
[2018.10.23-23.11.15:839][130]LogShaderCompilers: Display: Shaders left to compile 248
[2018.10.23-23.11.16:395][146]LogShaderCompilers: Display: Shaders left to compile 238
[2018.10.23-23.11.17:040][164]LogShaderCompilers: Display: Shaders left to compile 228
[2018.10.23-23.11.18:543][207]LogShaderCompilers: Display: Shaders left to compile 218
[2018.10.23-23.11.20:649][267]LogShaderCompilers: Display: Shaders left to compile 208
[2018.10.23-23.11.21:134][281]LogShaderCompilers: Display: Shaders left to compile 198
[2018.10.23-23.11.21:742][299]LogShaderCompilers: Display: Shaders left to compile 188
[2018.10.23-23.11.22:418][319]LogShaderCompilers: Display: Shaders left to compile 178
[2018.10.23-23.11.24:194][372]LogShaderCompilers: Display: Shaders left to compile 168
[2018.10.23-23.11.25:748][420]LogShaderCompilers: Display: Shaders left to compile 158
[2018.10.23-23.11.27:344][468]LogShaderCompilers: Display: Shaders left to compile 148
[2018.10.23-23.11.27:797][481]LogShaderCompilers: Display: Shaders left to compile 138
[2018.10.23-23.11.27:844][483]LogShaderCompilers: Display: Shaders left to compile 128
[2018.10.23-23.11.30:937][576]LogShaderCompilers: Display: Shaders left to compile 118
[2018.10.23-23.11.31:071][581]LogShaderCompilers: Display: Shaders left to compile 108
[2018.10.23-23.11.31:602][597]LogShaderCompilers: Display: Shaders left to compile 98
[2018.10.23-23.11.33:157][644]LogShaderCompilers: Display: Shaders left to compile 88
[2018.10.23-23.11.35:177][703]LogShaderCompilers: Display: Shaders left to compile 78
[2018.10.23-23.11.35:223][705]LogShaderCompilers: Display: Shaders left to compile 68
[2018.10.23-23.11.36:517][744]LogShaderCompilers: Display: Shaders left to compile 58
[2018.10.23-23.11.39:099][818]LogShaderCompilers: Display: Shaders left to compile 48
[2018.10.23-23.11.39:204][821]LogShaderCompilers: Display: Shaders left to compile 38
[2018.10.23-23.11.39:463][828]LogShaderCompilers: Display: Shaders left to compile 28
[2018.10.23-23.11.40:186][846]LogShaderCompilers: Display: Shaders left to compile 18
[2018.10.23-23.11.42:889][917]LogShaderCompilers: Display: Shaders left to compile 8
[2018.10.23-23.12.32:466][723]LogNet: Browse: /Game/StarterContent/Maps/Dungeon1
[2018.10.23-23.12.32:493][723]LogLoad: LoadMap: /Game/StarterContent/Maps/Dungeon1
[2018.10.23-23.12.33:271][723]LogAIModule: Creating AISystem for world Dungeon1
[2018.10.23-23.12.33:271][723]LogLoad: Game class is 'GameModeBase'
[2018.10.23-23.12.33:276][723]LogWorld: Bringing World /Game/StarterContent/Maps/UEDPIE_0_Dungeon1.Dungeon1 up for play (max tick rate 0) at 2018.10.23-16.12.33
[2018.10.23-23.12.33:277][723]LogWorld: Bringing up level for play took: 0.004224
[2018.10.23-23.12.33:277][723]LogLoad: Took 0.783856 seconds to LoadMap(/Game/StarterContent/Maps/Dungeon1)
[2018.10.23-23.12.35:604][814]LogBlueprintUserMessages: Early EndPlayMap Detection: Level '/Game/ThirdPersonBP/Maps/ThirdPersonExampleMap.ThirdPersonExampleMap:PersistentLevel' has LevelScriptBlueprint '/Game/ThirdPersonBP/Maps/ThirdPersonExampleMap.ThirdPersonExampleMap:PersistentLevel.ThirdPersonExampleMap' with GeneratedClass '/Game/ThirdPersonBP/Maps/ThirdPersonExampleMap.ThirdPersonExampleMap_C' with ClassGeneratedBy '/Game/ThirdPersonBP/Maps/ThirdPersonExampleMap.ThirdPersonExampleMap:PersistentLevel.ThirdPersonExampleMap'
[2018.10.23-23.12.35:605][814]LogSlate: Updating window title bar state: overlay mode, drag disabled, window buttons hidden, title bar hidden
[2018.10.23-23.12.35:663][814]LogPlayLevel: Display: Shutting down PIE online subsystems
[2018.10.23-23.12.35:664][814]LogBlueprintUserMessages: Late EndPlayMap Detection: Level '/Game/ThirdPersonBP/Maps/ThirdPersonExampleMap.ThirdPersonExampleMap:PersistentLevel' has LevelScriptBlueprint '/Game/ThirdPersonBP/Maps/ThirdPersonExampleMap.ThirdPersonExampleMap:PersistentLevel.ThirdPersonExampleMap' with GeneratedClass '/Game/ThirdPersonBP/Maps/ThirdPersonExampleMap.ThirdPersonExampleMap_C' with ClassGeneratedBy '/Game/ThirdPersonBP/Maps/ThirdPersonExampleMap.ThirdPersonExampleMap:PersistentLevel.ThirdPersonExampleMap'
[2018.10.23-23.12.35:693][814]LogSlate: Updating window title bar state: overlay mode, drag disabled, window buttons hidden, title bar hidden
[2018.10.23-23.12.35:725][815]LogPlayLevel: Display: Destroying online subsystem :Context_7
[2018.10.23-23.12.47:902][151]LogSlate: FSceneViewport::OnFocusLost() reason 0
[2018.10.23-23.13.01:243][617]LogEditorViewport: Clicking on Actor (LMB): Cube10_Blueprint_C (Cube10_Blueprint)
[2018.10.23-23.13.02:514][657]LogEditorViewport: Clicking on Actor (LMB): SM_Rock_Blueprint_C (SM_Rock_Blueprint)
[2018.10.23-23.13.15:046][108]LogSlate: FSceneViewport::OnFocusLost() reason 0
[2018.10.23-23.13.15:101][110]LogTemp: Repeating last play command: Selected Viewport
[2018.10.23-23.13.15:114][110]LogBlueprintUserMessages: Early PlayInEditor Detection: Level '/Game/ThirdPersonBP/Maps/ThirdPersonExampleMap.ThirdPersonExampleMap:PersistentLevel' has LevelScriptBlueprint '/Game/ThirdPersonBP/Maps/ThirdPersonExampleMap.ThirdPersonExampleMap:PersistentLevel.ThirdPersonExampleMap' with GeneratedClass '/Game/ThirdPersonBP/Maps/ThirdPersonExampleMap.ThirdPersonExampleMap_C' with ClassGeneratedBy '/Game/ThirdPersonBP/Maps/ThirdPersonExampleMap.ThirdPersonExampleMap:PersistentLevel.ThirdPersonExampleMap'
[2018.10.23-23.13.15:114][110]LogPlayLevel: PlayLevel: No blueprints needed recompiling
[2018.10.23-23.13.15:114][110]PIE: New page: PIE session: ThirdPersonExampleMap (Oct 23, 2018, 9:13:15 AM)
[2018.10.23-23.13.15:114][110]LogPlayLevel: Creating play world package: /Game/ThirdPersonBP/Maps/UEDPIE_0_ThirdPersonExampleMap
[2018.10.23-23.13.15:125][110]LogPlayLevel: PIE: StaticDuplicateObject took: (0.010695s)
[2018.10.23-23.13.15:125][110]LogAIModule: Creating AISystem for world ThirdPersonExampleMap
[2018.10.23-23.13.15:126][110]LogPlayLevel: PIE: World Init took: (0.000654s)
[2018.10.23-23.13.15:126][110]LogPlayLevel: PIE: Created PIE world by copying editor world from /Game/ThirdPersonBP/Maps/ThirdPersonExampleMap.ThirdPersonExampleMap to /Game/ThirdPersonBP/Maps/UEDPIE_0_ThirdPersonExampleMap.ThirdPersonExampleMap (0.011500s)
[2018.10.23-23.13.15:149][110]LogInit: XAudio2 using 'Speakers / Headphones (Realtek Audio)' : 2 channels at 48 kHz using 32 bits per sample (channel mask 0x3)
[2018.10.23-23.13.15:159][110]LogInit: FAudioDevice initialized.
[2018.10.23-23.13.15:189][110]LogLoad: Game class is 'GameModeBase'
[2018.10.23-23.13.15:192][110]LogWorld: Bringing World /Game/ThirdPersonBP/Maps/UEDPIE_0_ThirdPersonExampleMap.ThirdPersonExampleMap up for play (max tick rate 0) at 2018.10.23-16.13.15
[2018.10.23-23.13.15:193][110]LogWorld: Bringing up level for play took: 0.002224
[2018.10.23-23.13.15:205][110]PIE: Play in editor start time for /Game/ThirdPersonBP/Maps/UEDPIE_0_ThirdPersonExampleMap 0.007
[2018.10.23-23.13.15:205][110]LogBlueprintUserMessages: Late PlayInEditor Detection: Level '/Game/ThirdPersonBP/Maps/ThirdPersonExampleMap.ThirdPersonExampleMap:PersistentLevel' has LevelScriptBlueprint '/Game/ThirdPersonBP/Maps/ThirdPersonExampleMap.ThirdPersonExampleMap:PersistentLevel.ThirdPersonExampleMap' with GeneratedClass '/Game/ThirdPersonBP/Maps/ThirdPersonExampleMap.ThirdPersonExampleMap_C' with ClassGeneratedBy '/Game/ThirdPersonBP/Maps/ThirdPersonExampleMap.ThirdPersonExampleMap:PersistentLevel.ThirdPersonExampleMap'
[2018.10.23-23.13.20:303][302]LogBlueprintUserMessages: Early EndPlayMap Detection: Level '/Game/ThirdPersonBP/Maps/ThirdPersonExampleMap.ThirdPersonExampleMap:PersistentLevel' has LevelScriptBlueprint '/Game/ThirdPersonBP/Maps/ThirdPersonExampleMap.ThirdPersonExampleMap:PersistentLevel.ThirdPersonExampleMap' with GeneratedClass '/Game/ThirdPersonBP/Maps/ThirdPersonExampleMap.ThirdPersonExampleMap_C' with ClassGeneratedBy '/Game/ThirdPersonBP/Maps/ThirdPersonExampleMap.ThirdPersonExampleMap:PersistentLevel.ThirdPersonExampleMap'
[2018.10.23-23.13.20:303][302]LogSlate: Updating window title bar state: overlay mode, drag disabled, window buttons hidden, title bar hidden
[2018.10.23-23.13.20:357][302]LogPlayLevel: Display: Shutting down PIE online subsystems
[2018.10.23-23.13.20:357][302]LogBlueprintUserMessages: Late EndPlayMap Detection: Level '/Game/ThirdPersonBP/Maps/ThirdPersonExampleMap.ThirdPersonExampleMap:PersistentLevel' has LevelScriptBlueprint '/Game/ThirdPersonBP/Maps/ThirdPersonExampleMap.ThirdPersonExampleMap:PersistentLevel.ThirdPersonExampleMap' with GeneratedClass '/Game/ThirdPersonBP/Maps/ThirdPersonExampleMap.ThirdPersonExampleMap_C' with ClassGeneratedBy '/Game/ThirdPersonBP/Maps/ThirdPersonExampleMap.ThirdPersonExampleMap:PersistentLevel.ThirdPersonExampleMap'
[2018.10.23-23.13.20:386][302]LogSlate: Updating window title bar state: overlay mode, drag disabled, window buttons hidden, title bar hidden
[2018.10.23-23.13.20:421][303]LogPlayLevel: Display: Destroying online subsystem :Context_12
[2018.10.23-23.13.37:557][937]LogSlate: FSceneViewport::OnFocusLost() reason 0
[2018.10.23-23.13.39:953][ 22]LogEditorViewport: Clicking on Actor (LMB): SM_Rock_Blueprint_C (SM_Rock_Blueprint)
[2018.10.23-23.13.40:919][ 56]LogEditorViewport: Clicking on Actor (LMB): SM_Rock_Blueprint_C (SM_Rock_Blueprint2)
[2018.10.23-23.13.58:813][696]LogSlate: FSceneViewport::OnFocusLost() reason 0
[2018.10.23-23.13.58:872][698]LogTemp: Repeating last play command: Selected Viewport
[2018.10.23-23.13.58:885][698]LogBlueprintUserMessages: Early PlayInEditor Detection: Level '/Game/ThirdPersonBP/Maps/ThirdPersonExampleMap.ThirdPersonExampleMap:PersistentLevel' has LevelScriptBlueprint '/Game/ThirdPersonBP/Maps/ThirdPersonExampleMap.ThirdPersonExampleMap:PersistentLevel.ThirdPersonExampleMap' with GeneratedClass '/Game/ThirdPersonBP/Maps/ThirdPersonExampleMap.ThirdPersonExampleMap_C' with ClassGeneratedBy '/Game/ThirdPersonBP/Maps/ThirdPersonExampleMap.ThirdPersonExampleMap:PersistentLevel.ThirdPersonExampleMap'
[2018.10.23-23.13.58:885][698]LogPlayLevel: PlayLevel: No blueprints needed recompiling
[2018.10.23-23.13.58:885][698]PIE: New page: PIE session: ThirdPersonExampleMap (Oct 23, 2018, 9:13:58 AM)
[2018.10.23-23.13.58:885][698]LogPlayLevel: Creating play world package: /Game/ThirdPersonBP/Maps/UEDPIE_0_ThirdPersonExampleMap
[2018.10.23-23.13.58:895][698]LogPlayLevel: PIE: StaticDuplicateObject took: (0.010004s)
[2018.10.23-23.13.58:895][698]LogAIModule: Creating AISystem for world ThirdPersonExampleMap
[2018.10.23-23.13.58:896][698]LogPlayLevel: PIE: World Init took: (0.000681s)
[2018.10.23-23.13.58:896][698]LogPlayLevel: PIE: Created PIE world by copying editor world from /Game/ThirdPersonBP/Maps/ThirdPersonExampleMap.ThirdPersonExampleMap to /Game/ThirdPersonBP/Maps/UEDPIE_0_ThirdPersonExampleMap.ThirdPersonExampleMap (0.010863s)
[2018.10.23-23.13.58:918][698]LogInit: XAudio2 using 'Speakers / Headphones (Realtek Audio)' : 2 channels at 48 kHz using 32 bits per sample (channel mask 0x3)
[2018.10.23-23.13.58:928][698]LogInit: FAudioDevice initialized.
[2018.10.23-23.13.58:962][698]LogLoad: Game class is 'GameModeBase'
[2018.10.23-23.13.58:965][698]LogWorld: Bringing World /Game/ThirdPersonBP/Maps/UEDPIE_0_ThirdPersonExampleMap.ThirdPersonExampleMap up for play (max tick rate 0) at 2018.10.23-16.13.58
[2018.10.23-23.13.58:965][698]LogWorld: Bringing up level for play took: 0.002361
[2018.10.23-23.13.58:978][698]PIE: Play in editor start time for /Game/ThirdPersonBP/Maps/UEDPIE_0_ThirdPersonExampleMap -0.22
[2018.10.23-23.13.58:978][698]LogBlueprintUserMessages: Late PlayInEditor Detection: Level '/Game/ThirdPersonBP/Maps/ThirdPersonExampleMap.ThirdPersonExampleMap:PersistentLevel' has LevelScriptBlueprint '/Game/ThirdPersonBP/Maps/ThirdPersonExampleMap.ThirdPersonExampleMap:PersistentLevel.ThirdPersonExampleMap' with GeneratedClass '/Game/ThirdPersonBP/Maps/ThirdPersonExampleMap.ThirdPersonExampleMap_C' with ClassGeneratedBy '/Game/ThirdPersonBP/Maps/ThirdPersonExampleMap.ThirdPersonExampleMap:PersistentLevel.ThirdPersonExampleMap'
[2018.10.23-23.14.00:973][772]LogBlueprintUserMessages: Early EndPlayMap Detection: Level '/Game/ThirdPersonBP/Maps/ThirdPersonExampleMap.ThirdPersonExampleMap:PersistentLevel' has LevelScriptBlueprint '/Game/ThirdPersonBP/Maps/ThirdPersonExampleMap.ThirdPersonExampleMap:PersistentLevel.ThirdPersonExampleMap' with GeneratedClass '/Game/ThirdPersonBP/Maps/ThirdPersonExampleMap.ThirdPersonExampleMap_C' with ClassGeneratedBy '/Game/ThirdPersonBP/Maps/ThirdPersonExampleMap.ThirdPersonExampleMap:PersistentLevel.ThirdPersonExampleMap'
[2018.10.23-23.14.00:974][772]LogSlate: Updating window title bar state: overlay mode, drag disabled, window buttons hidden, title bar hidden
[2018.10.23-23.14.01:031][772]LogPlayLevel: Display: Shutting down PIE online subsystems
[2018.10.23-23.14.01:032][772]LogBlueprintUserMessages: Late EndPlayMap Detection: Level '/Game/ThirdPersonBP/Maps/ThirdPersonExampleMap.ThirdPersonExampleMap:PersistentLevel' has LevelScriptBlueprint '/Game/ThirdPersonBP/Maps/ThirdPersonExampleMap.ThirdPersonExampleMap:PersistentLevel.ThirdPersonExampleMap' with GeneratedClass '/Game/ThirdPersonBP/Maps/ThirdPersonExampleMap.ThirdPersonExampleMap_C' with ClassGeneratedBy '/Game/ThirdPersonBP/Maps/ThirdPersonExampleMap.ThirdPersonExampleMap:PersistentLevel.ThirdPersonExampleMap'
[2018.10.23-23.14.01:055][772]LogSlate: Updating window title bar state: overlay mode, drag disabled, window buttons hidden, title bar hidden
[2018.10.23-23.14.01:089][773]LogPlayLevel: Display: Destroying online subsystem :Context_13
[2018.10.23-23.14.02:303][819]LogEditorViewport: Clicking on Actor (LMB): SM_Rock_Blueprint_C (SM_Rock_Blueprint2)
[2018.10.23-23.14.08:793][ 56]LogEditorViewport: Clicking on Actor (LMB): Floor_Blueprint_C (Floor_Blueprint)
[2018.10.23-23.14.09:574][ 80]LogEditorViewport: Clicking on Actor (LMB): SM_Rock_Blueprint_C (SM_Rock_Blueprint2)
[2018.10.23-23.14.18:315][395]LogSlate: FSceneViewport::OnFocusLost() reason 0
[2018.10.23-23.14.18:374][397]LogTemp: Repeating last play command: Selected Viewport
[2018.10.23-23.14.18:387][397]LogBlueprintUserMessages: Early PlayInEditor Detection: Level '/Game/ThirdPersonBP/Maps/ThirdPersonExampleMap.ThirdPersonExampleMap:PersistentLevel' has LevelScriptBlueprint '/Game/ThirdPersonBP/Maps/ThirdPersonExampleMap.ThirdPersonExampleMap:PersistentLevel.ThirdPersonExampleMap' with GeneratedClass '/Game/ThirdPersonBP/Maps/ThirdPersonExampleMap.ThirdPersonExampleMap_C' with ClassGeneratedBy '/Game/ThirdPersonBP/Maps/ThirdPersonExampleMap.ThirdPersonExampleMap:PersistentLevel.ThirdPersonExampleMap'
[2018.10.23-23.14.18:387][397]LogPlayLevel: PlayLevel: No blueprints needed recompiling
[2018.10.23-23.14.18:387][397]PIE: New page: PIE session: ThirdPersonExampleMap (Oct 23, 2018, 9:14:18 AM)
[2018.10.23-23.14.18:387][397]LogPlayLevel: Creating play world package: /Game/ThirdPersonBP/Maps/UEDPIE_0_ThirdPersonExampleMap
[2018.10.23-23.14.18:397][397]LogPlayLevel: PIE: StaticDuplicateObject took: (0.009948s)
[2018.10.23-23.14.18:397][397]LogAIModule: Creating AISystem for world ThirdPersonExampleMap
[2018.10.23-23.14.18:398][397]LogPlayLevel: PIE: World Init took: (0.000738s)
[2018.10.23-23.14.18:398][397]LogPlayLevel: PIE: Created PIE world by copying editor world from /Game/ThirdPersonBP/Maps/ThirdPersonExampleMap.ThirdPersonExampleMap to /Game/ThirdPersonBP/Maps/UEDPIE_0_ThirdPersonExampleMap.ThirdPersonExampleMap (0.010868s)
[2018.10.23-23.14.18:420][397]LogInit: XAudio2 using 'Speakers / Headphones (Realtek Audio)' : 2 channels at 48 kHz using 32 bits per sample (channel mask 0x3)
[2018.10.23-23.14.18:430][397]LogInit: FAudioDevice initialized.
[2018.10.23-23.14.18:462][397]LogLoad: Game class is 'GameModeBase'
[2018.10.23-23.14.18:465][397]LogWorld: Bringing World /Game/ThirdPersonBP/Maps/UEDPIE_0_ThirdPersonExampleMap.ThirdPersonExampleMap up for play (max tick rate 0) at 2018.10.23-16.14.18
[2018.10.23-23.14.18:465][397]LogWorld: Bringing up level for play took: 0.002211
[2018.10.23-23.14.18:478][397]PIE: Play in editor start time for /Game/ThirdPersonBP/Maps/UEDPIE_0_ThirdPersonExampleMap -0.72
[2018.10.23-23.14.18:478][397]LogBlueprintUserMessages: Late PlayInEditor Detection: Level '/Game/ThirdPersonBP/Maps/ThirdPersonExampleMap.ThirdPersonExampleMap:PersistentLevel' has LevelScriptBlueprint '/Game/ThirdPersonBP/Maps/ThirdPersonExampleMap.ThirdPersonExampleMap:PersistentLevel.ThirdPersonExampleMap' with GeneratedClass '/Game/ThirdPersonBP/Maps/ThirdPersonExampleMap.ThirdPersonExampleMap_C' with ClassGeneratedBy '/Game/ThirdPersonBP/Maps/ThirdPersonExampleMap.ThirdPersonExampleMap:PersistentLevel.ThirdPersonExampleMap'
[2018.10.23-23.14.47:962][427]LogNet: Browse: /Game/StarterContent/Maps/Dungeon1
[2018.10.23-23.14.47:996][427]LogLoad: LoadMap: /Game/StarterContent/Maps/Dungeon1
[2018.10.23-23.14.48:179][427]LogAIModule: Creating AISystem for world Dungeon1
[2018.10.23-23.14.48:180][427]LogLoad: Game class is 'GameModeBase'
[2018.10.23-23.14.48:183][427]LogWorld: Bringing World /Game/StarterContent/Maps/UEDPIE_0_Dungeon1.Dungeon1 up for play (max tick rate 0) at 2018.10.23-16.14.48
[2018.10.23-23.14.48:183][427]LogWorld: Bringing up level for play took: 0.002296
[2018.10.23-23.14.48:184][427]LogLoad: Took 0.187748 seconds to LoadMap(/Game/StarterContent/Maps/Dungeon1)
[2018.10.23-23.14.51:578][554]LogBlueprintUserMessages: Early EndPlayMap Detection: Level '/Game/ThirdPersonBP/Maps/ThirdPersonExampleMap.ThirdPersonExampleMap:PersistentLevel' has LevelScriptBlueprint '/Game/ThirdPersonBP/Maps/ThirdPersonExampleMap.ThirdPersonExampleMap:PersistentLevel.ThirdPersonExampleMap' with GeneratedClass '/Game/ThirdPersonBP/Maps/ThirdPersonExampleMap.ThirdPersonExampleMap_C' with ClassGeneratedBy '/Game/ThirdPersonBP/Maps/ThirdPersonExampleMap.ThirdPersonExampleMap:PersistentLevel.ThirdPersonExampleMap'
[2018.10.23-23.14.51:578][554]LogSlate: Updating window title bar state: overlay mode, drag disabled, window buttons hidden, title bar hidden
[2018.10.23-23.14.51:637][554]LogPlayLevel: Display: Shutting down PIE online subsystems
[2018.10.23-23.14.51:638][554]LogBlueprintUserMessages: Late EndPlayMap Detection: Level '/Game/ThirdPersonBP/Maps/ThirdPersonExampleMap.ThirdPersonExampleMap:PersistentLevel' has LevelScriptBlueprint '/Game/ThirdPersonBP/Maps/ThirdPersonExampleMap.ThirdPersonExampleMap:PersistentLevel.ThirdPersonExampleMap' with GeneratedClass '/Game/ThirdPersonBP/Maps/ThirdPersonExampleMap.ThirdPersonExampleMap_C' with ClassGeneratedBy '/Game/ThirdPersonBP/Maps/ThirdPersonExampleMap.ThirdPersonExampleMap:PersistentLevel.ThirdPersonExampleMap'
[2018.10.23-23.14.51:658][554]LogSlate: Updating window title bar state: overlay mode, drag disabled, window buttons hidden, title bar hidden
[2018.10.23-23.14.51:691][555]LogPlayLevel: Display: Destroying online subsystem :Context_14
[2018.10.23-23.16.01:489][153]LogSlate: FSceneViewport::OnFocusLost() reason 0
[2018.10.23-23.23.09:778][443]LogSavePackage: Moving '../../../../../../Frogman/Kermitthebigadventur/Saved/ThirdPersonExampleMap_Auto1048D71C04A5B1F78CA3D99B974985EB5.tmp' to '../../../../../../Frogman/Kermitthebigadventur/Saved/Autosaves/Game/ThirdPersonBP/Maps/ThirdPersonExampleMap_Auto1.umap'
[2018.10.23-23.23.09:781][443]LogFileHelpers: Editor autosave (incl. sublevels) for '/Game/ThirdPersonBP/Maps/ThirdPersonExampleMap' took 0.147
[2018.10.23-23.23.09:781][443]LogFileHelpers: Editor autosave (incl. sublevels) for all levels took 0.147
[2018.10.23-23.33.54:954][412]LogSlate: FSceneViewport::OnFocusLost() reason 0
[2018.10.23-23.33.55:032][415]LogTemp: Repeating last play command: Selected Viewport
[2018.10.23-23.33.55:046][415]LogBlueprintUserMessages: Early PlayInEditor Detection: Level '/Game/ThirdPersonBP/Maps/ThirdPersonExampleMap.ThirdPersonExampleMap:PersistentLevel' has LevelScriptBlueprint '/Game/ThirdPersonBP/Maps/ThirdPersonExampleMap.ThirdPersonExampleMap:PersistentLevel.ThirdPersonExampleMap' with GeneratedClass '/Game/ThirdPersonBP/Maps/ThirdPersonExampleMap.ThirdPersonExampleMap_C' with ClassGeneratedBy '/Game/ThirdPersonBP/Maps/ThirdPersonExampleMap.ThirdPersonExampleMap:PersistentLevel.ThirdPersonExampleMap'
[2018.10.23-23.33.55:046][415]LogPlayLevel: PlayLevel: No blueprints needed recompiling
[2018.10.23-23.33.55:046][415]PIE: New page: PIE session: ThirdPersonExampleMap (Oct 23, 2018, 9:33:55 AM)
[2018.10.23-23.33.55:046][415]LogPlayLevel: Creating play world package: /Game/ThirdPersonBP/Maps/UEDPIE_0_ThirdPersonExampleMap
[2018.10.23-23.33.55:062][415]LogPlayLevel: PIE: StaticDuplicateObject took: (0.015278s)
[2018.10.23-23.33.55:062][415]LogAIModule: Creating AISystem for world ThirdPersonExampleMap
[2018.10.23-23.33.55:063][415]LogPlayLevel: PIE: World Init took: (0.000994s)
[2018.10.23-23.33.55:063][415]LogPlayLevel: PIE: Created PIE world by copying editor world from /Game/ThirdPersonBP/Maps/ThirdPersonExampleMap.ThirdPersonExampleMap to /Game/ThirdPersonBP/Maps/UEDPIE_0_ThirdPersonExampleMap.ThirdPersonExampleMap (0.016444s)
[2018.10.23-23.33.55:086][415]LogInit: XAudio2 using 'Speakers / Headphones (Realtek Audio)' : 2 channels at 48 kHz using 32 bits per sample (channel mask 0x3)
[2018.10.23-23.33.55:097][415]LogInit: FAudioDevice initialized.
[2018.10.23-23.33.55:131][415]LogLoad: Game class is 'GameModeBase'
[2018.10.23-23.33.55:134][415]LogWorld: Bringing World /Game/ThirdPersonBP/Maps/UEDPIE_0_ThirdPersonExampleMap.ThirdPersonExampleMap up for play (max tick rate 0) at 2018.10.23-16.33.55
[2018.10.23-23.33.55:135][415]LogWorld: Bringing up level for play took: 0.002450
[2018.10.23-23.33.55:147][415]PIE: Play in editor start time for /Game/ThirdPersonBP/Maps/UEDPIE_0_ThirdPersonExampleMap -0.051
[2018.10.23-23.33.55:147][415]LogBlueprintUserMessages: Late PlayInEditor Detection: Level '/Game/ThirdPersonBP/Maps/ThirdPersonExampleMap.ThirdPersonExampleMap:PersistentLevel' has LevelScriptBlueprint '/Game/ThirdPersonBP/Maps/ThirdPersonExampleMap.ThirdPersonExampleMap:PersistentLevel.ThirdPersonExampleMap' with GeneratedClass '/Game/ThirdPersonBP/Maps/ThirdPersonExampleMap.ThirdPersonExampleMap_C' with ClassGeneratedBy '/Game/ThirdPersonBP/Maps/ThirdPersonExampleMap.ThirdPersonExampleMap:PersistentLevel.ThirdPersonExampleMap'
[2018.10.23-23.33.57:655][508]LogNet: Browse: /Game/StarterContent/Maps/Dungeon1
[2018.10.23-23.33.57:681][508]LogLoad: LoadMap: /Game/StarterContent/Maps/Dungeon1
[2018.10.23-23.33.57:860][508]LogAIModule: Creating AISystem for world Dungeon1
[2018.10.23-23.33.57:861][508]LogLoad: Game class is 'GameModeBase'
[2018.10.23-23.33.57:864][508]LogWorld: Bringing World /Game/StarterContent/Maps/UEDPIE_0_Dungeon1.Dungeon1 up for play (max tick rate 0) at 2018.10.23-16.33.57
[2018.10.23-23.33.57:864][508]LogWorld: Bringing up level for play took: 0.002238
[2018.10.23-23.33.57:865][508]LogLoad: Took 0.184583 seconds to LoadMap(/Game/StarterContent/Maps/Dungeon1)
[2018.10.23-23.34.01:582][655]LogBlueprintUserMessages: Early EndPlayMap Detection: Level '/Game/ThirdPersonBP/Maps/ThirdPersonExampleMap.ThirdPersonExampleMap:PersistentLevel' has LevelScriptBlueprint '/Game/ThirdPersonBP/Maps/ThirdPersonExampleMap.ThirdPersonExampleMap:PersistentLevel.ThirdPersonExampleMap' with GeneratedClass '/Game/ThirdPersonBP/Maps/ThirdPersonExampleMap.ThirdPersonExampleMap_C' with ClassGeneratedBy '/Game/ThirdPersonBP/Maps/ThirdPersonExampleMap.ThirdPersonExampleMap:PersistentLevel.ThirdPersonExampleMap'
[2018.10.23-23.34.01:582][655]LogSlate: Updating window title bar state: overlay mode, drag disabled, window buttons hidden, title bar hidden
[2018.10.23-23.34.01:639][655]LogPlayLevel: Display: Shutting down PIE online subsystems
[2018.10.23-23.34.01:639][655]LogBlueprintUserMessages: Late EndPlayMap Detection: Level '/Game/ThirdPersonBP/Maps/ThirdPersonExampleMap.ThirdPersonExampleMap:PersistentLevel' has LevelScriptBlueprint '/Game/ThirdPersonBP/Maps/ThirdPersonExampleMap.ThirdPersonExampleMap:PersistentLevel.ThirdPersonExampleMap' with GeneratedClass '/Game/ThirdPersonBP/Maps/ThirdPersonExampleMap.ThirdPersonExampleMap_C' with ClassGeneratedBy '/Game/ThirdPersonBP/Maps/ThirdPersonExampleMap.ThirdPersonExampleMap:PersistentLevel.ThirdPersonExampleMap'
[2018.10.23-23.34.01:659][655]LogSlate: Updating window title bar state: overlay mode, drag disabled, window buttons hidden, title bar hidden
[2018.10.23-23.34.01:706][656]LogPlayLevel: Display: Destroying online subsystem :Context_15
[2018.10.23-23.34.16:669][755]LogSlate: FSceneViewport::OnFocusLost() reason 0
[2018.10.23-23.34.18:122][755]LogSlate: Window 'Save Content' being destroyed
[2018.10.23-23.34.18:357][755]LogSavePackage: Moving '../../../../../../Frogman/Kermitthebigadventur/Saved/ThirdPersonExampleMapD34D2F0A4398E4ABC7F1CEBB62B559E1.tmp' to '../../../../../../Frogman/Kermitthebigadventur/Content/ThirdPersonBP/Maps/ThirdPersonExampleMap.umap'
[2018.10.23-23.34.18:385][755]LogFileHelpers: Saving map 'ThirdPersonExampleMap' took 0.242
[2018.10.23-23.34.18:443][755]LogSlate: Window 'Kermitthebigadventur - Unreal Editor' being destroyed
[2018.10.23-23.34.18:617][756]Cmd: QUIT_EDITOR
[2018.10.23-23.34.19:526][756]LogWindowsTextInputMethodSystem: Display: IME system now deactivated.
[2018.10.23-23.34.19:550][756]LogExit: Preparing to exit.
[2018.10.23-23.34.20:595][756]LogExit: Editor shut down
[2018.10.23-23.34.20:595][756]LogExit: Transaction tracking system shut down
[2018.10.23-23.34.21:052][756]LogExit: Object subsystem successfully closed.
[2018.10.23-23.34.21:065][756]LogShaderCompilers: Display: Shaders left to compile 0
[2018.10.23-23.34.21:068][756]LogD3D11RHI: Shutdown
[2018.10.23-23.34.21:068][756]LogD3D11RHI: CleanupD3DDevice
[2018.10.23-23.34.21:071][756]LogD3D11RHI: ~FD3D11DynamicRHI
[2018.10.23-23.34.21:083][756]LogModuleManager: Shutting down and abandoning module MovieSceneCapture (616)
[2018.10.23-23.34.21:083][756]LogModuleManager: Shutting down and abandoning module Voice (614)
[2018.10.23-23.34.21:083][756]LogModuleManager: Shutting down and abandoning module HierarchicalLODOutliner (612)
[2018.10.23-23.34.21:083][756]LogModuleManager: Shutting down and abandoning module SceneOutliner (610)
[2018.10.23-23.34.21:083][756]LogModuleManager: Shutting down and abandoning module AddContentDialog (608)
[2018.10.23-23.34.21:089][756]LogModuleManager: Shutting down and abandoning module WidgetCarousel (607)
[2018.10.23-23.34.21:089][756]LogModuleManager: Shutting down and abandoning module EditorWidgets (604)
[2018.10.23-23.34.21:089][756]LogModuleManager: Shutting down and abandoning module CollectionManager (602)
[2018.10.23-23.34.21:090][756]LogModuleManager: Shutting down and abandoning module MeshBuilder (600)
[2018.10.23-23.34.21:090][756]LogModuleManager: Shutting down and abandoning module StatsViewer (598)
[2018.10.23-23.34.21:090][756]LogModuleManager: Shutting down and abandoning module FoliageEdit (596)
[2018.10.23-23.34.21:090][756]LogModuleManager: Shutting down and abandoning module LandscapeEditor (594)
[2018.10.23-23.34.21:090][756]LogModuleManager: Shutting down and abandoning module MeshPaintMode (592)
[2018.10.23-23.34.21:090][756]LogModuleManager: Shutting down and abandoning module SceneDepthPickerMode (590)
[2018.10.23-23.34.21:090][756]LogModuleManager: Shutting down and abandoning module ActorPickerMode (588)
[2018.10.23-23.34.21:090][756]LogModuleManager: Shutting down and abandoning module GeometryMode (586)
[2018.10.23-23.34.21:090][756]LogModuleManager: Shutting down and abandoning module TextureAlignMode (584)
[2018.10.23-23.34.21:090][756]LogModuleManager: Shutting down and abandoning module BspMode (582)
[2018.10.23-23.34.21:090][756]LogModuleManager: Shutting down and abandoning module PIEPreviewDeviceProfileSelector (580)
[2018.10.23-23.34.21:090][756]LogModuleManager: Shutting down and abandoning module SequenceRecorderSections (578)
[2018.10.23-23.34.21:090][756]LogModuleManager: Shutting down and abandoning module AutomationWorker (576)
[2018.10.23-23.34.21:090][756]LogModuleManager: Shutting down and abandoning module AudioCaptureEditor (574)
[2018.10.23-23.34.21:090][756]LogModuleManager: Shutting down and abandoning module SequenceRecorder (573)
[2018.10.23-23.34.21:090][756]LogModuleManager: Shutting down and abandoning module MatineeToLevelSequence (570)
[2018.10.23-23.34.21:090][756]LogModuleManager: Shutting down and abandoning module LevelSequenceEditor (568)
[2018.10.23-23.34.21:090][756]LogModuleManager: Shutting down and abandoning module PlacementMode (567)
[2018.10.23-23.34.21:090][756]LogModuleManager: Shutting down and abandoning module MaterialEditor (566)
[2018.10.23-23.34.21:090][756]LogModuleManager: Shutting down and abandoning module WmfMediaFactory (562)
[2018.10.23-23.34.21:090][756]LogModuleManager: Shutting down and abandoning module WmfMediaEditor (560)
[2018.10.23-23.34.21:090][756]LogModuleManager: Shutting down and abandoning module MediaPlayerEditor (558)
[2018.10.23-23.34.21:090][756]LogModuleManager: Shutting down and abandoning module OpenExrWrapper (556)
[2018.10.23-23.34.21:090][756]LogModuleManager: Shutting down and abandoning module ImgMediaFactory (554)
[2018.10.23-23.34.21:090][756]LogModuleManager: Shutting down and abandoning module ImgMediaEditor (552)
[2018.10.23-23.34.21:090][756]LogModuleManager: Shutting down and abandoning module AvfMediaFactory (550)
[2018.10.23-23.34.21:090][756]LogModuleManager: Shutting down and abandoning module AvfMediaEditor (548)
[2018.10.23-23.34.21:090][756]LogModuleManager: Shutting down and abandoning module AndroidMediaFactory (546)
[2018.10.23-23.34.21:090][756]LogModuleManager: Shutting down and abandoning module AndroidMediaEditor (544)
[2018.10.23-23.34.21:090][756]LogModuleManager: Shutting down and abandoning module MagicLeapCameraPreviewFactory (542)
[2018.10.23-23.34.21:090][756]LogModuleManager: Shutting down and abandoning module MagicLeapMediaFactory (540)
[2018.10.23-23.34.21:090][756]LogModuleManager: Shutting down and abandoning module MagicLeapMediaEditor (538)
[2018.10.23-23.34.21:090][756]LogModuleManager: Shutting down and abandoning module CharacterAI (536)
[2018.10.23-23.34.21:090][756]LogModuleManager: Shutting down and abandoning module SmartSnapping (534)
[2018.10.23-23.34.21:090][756]LogModuleManager: Shutting down and abandoning module SessionServices (532)
[2018.10.23-23.34.21:090][756]LogModuleManager: Shutting down and abandoning module ViewportSnapping (530)
[2018.10.23-23.34.21:090][756]LogModuleManager: Shutting down and abandoning module ViewportInteraction (528)
[2018.10.23-23.34.21:090][756]LogModuleManager: Shutting down and abandoning module ClothPainter (526)
[2018.10.23-23.34.21:090][756]LogModuleManager: Shutting down and abandoning module SkeletalMeshEditor (525)
[2018.10.23-23.34.21:091][756]LogModuleManager: Shutting down and abandoning module LogVisualizer (522)
[2018.10.23-23.34.21:091][756]LogModuleManager: Shutting down and abandoning module IntroTutorials (520)
[2018.10.23-23.34.21:091][756]LogModuleManager: Shutting down and abandoning module GameProjectGeneration (519)
[2018.10.23-23.34.21:091][756]LogModuleManager: Shutting down and abandoning module LuminPlatformEditor (516)
[2018.10.23-23.34.21:091][756]LogModuleManager: Shutting down and abandoning module IOSPlatformEditor (514)
[2018.10.23-23.34.21:091][756]LogModuleManager: Shutting down and abandoning module HTML5PlatformEditor (512)
[2018.10.23-23.34.21:091][756]LogModuleManager: Shutting down and abandoning module AndroidPlatformEditor (510)
[2018.10.23-23.34.21:091][756]LogModuleManager: Shutting down and abandoning module AndroidDeviceDetection (509)
[2018.10.23-23.34.21:256][756]LogModuleManager: Shutting down and abandoning module WindowsPlatformEditor (506)
[2018.10.23-23.34.21:256][756]LogModuleManager: Shutting down and abandoning module LuminRuntimeSettings (504)
[2018.10.23-23.34.21:256][756]LogModuleManager: Shutting down and abandoning module IOSRuntimeSettings (502)
[2018.10.23-23.34.21:256][756]LogModuleManager: Shutting down and abandoning module AndroidRuntimeSettings (500)
[2018.10.23-23.34.21:256][756]LogModuleManager: Shutting down and abandoning module InputBindingEditor (498)
[2018.10.23-23.34.21:256][756]LogModuleManager: Shutting down and abandoning module MergeActors (496)
[2018.10.23-23.34.21:256][756]LogModuleManager: Shutting down and abandoning module LocalizationDashboard (494)
[2018.10.23-23.34.21:257][756]LogModuleManager: Shutting down and abandoning module LocalizationService (493)
[2018.10.23-23.34.21:257][756]LogModuleManager: Shutting down and abandoning module HardwareTargeting (490)
[2018.10.23-23.34.21:257][756]LogModuleManager: Shutting down and abandoning module DeviceProfileEditor (488)
[2018.10.23-23.34.21:257][756]LogModuleManager: Shutting down and abandoning module UndoHistory (486)
[2018.10.23-23.34.21:257][756]LogModuleManager: Shutting down and abandoning module XmlParser (484)
[2018.10.23-23.34.21:257][756]LogModuleManager: Shutting down and abandoning module Blutility (482)
[2018.10.23-23.34.21:257][756]LogModuleManager: Shutting down and abandoning module ProjectSettingsViewer (480)
[2018.10.23-23.34.21:257][756]LogModuleManager: Shutting down and abandoning module ProjectTargetPlatformEditor (479)
[2018.10.23-23.34.21:257][756]LogModuleManager: Shutting down and abandoning module EditorSettingsViewer (476)
[2018.10.23-23.34.21:257][756]LogModuleManager: Shutting down and abandoning module SettingsEditor (474)
[2018.10.23-23.34.21:258][756]LogModuleManager: Shutting down and abandoning module ProjectLauncher (472)
[2018.10.23-23.34.21:258][756]LogModuleManager: Shutting down and abandoning module SessionFrontend (470)
[2018.10.23-23.34.21:258][756]LogModuleManager: Shutting down and abandoning module ProfilerClient (468)
[2018.10.23-23.34.21:258][756]LogModuleManager: Shutting down and abandoning module DeviceManager (466)
[2018.10.23-23.34.21:258][756]LogModuleManager: Shutting down and abandoning module TargetDeviceServices (465)
[2018.10.23-23.34.21:321][756]LogModuleManager: Shutting down and abandoning module AutomationController (462)
[2018.10.23-23.34.21:321][756]LogModuleManager: Shutting down and abandoning module AutomationWindow (460)
[2018.10.23-23.34.21:321][756]LogModuleManager: Shutting down and abandoning module Layers (458)
[2018.10.23-23.34.21:321][756]LogModuleManager: Shutting down and abandoning module ComponentVisualizers (456)
[2018.10.23-23.34.21:321][756]LogModuleManager: Shutting down and abandoning module DetailCustomizations (454)
[2018.10.23-23.34.21:321][756]LogModuleManager: Shutting down and abandoning module PackagesDialog (452)
[2018.10.23-23.34.21:322][756]LogModuleManager: Shutting down and abandoning module Persona (450)
[2018.10.23-23.34.21:322][756]LogModuleManager: Shutting down and abandoning module AdvancedPreviewScene (449)
[2018.10.23-23.34.21:322][756]LogModuleManager: Shutting down and abandoning module AnimGraph (447)
[2018.10.23-23.34.21:322][756]LogModuleManager: Shutting down and abandoning module Kismet (444)
[2018.10.23-23.34.21:323][756]LogModuleManager: Shutting down and abandoning module GraphEditor (442)
[2018.10.23-23.34.21:323][756]LogModuleManager: Shutting down and abandoning module ClassViewer (440)
[2018.10.23-23.34.21:324][756]LogModuleManager: Shutting down and abandoning module Toolbox (438)
[2018.10.23-23.34.21:324][756]LogModuleManager: Shutting down and abandoning module ModuleUI (436)
[2018.10.23-23.34.21:324][756]LogModuleManager: Shutting down and abandoning module MovieSceneTools (434)
[2018.10.23-23.34.21:324][756]LogModuleManager: Shutting down and abandoning module OutputLog (432)
[2018.10.23-23.34.21:324][756]LogModuleManager: Shutting down and abandoning module GammaUI (430)
[2018.10.23-23.34.21:324][756]LogModuleManager: Shutting down and abandoning module Documentation (428)
[2018.10.23-23.34.21:324][756]LogModuleManager: Shutting down and abandoning module MovieSceneTracks (426)
[2018.10.23-23.34.21:324][756]LogModuleManager: Shutting down and abandoning module MovieScene (424)
[2018.10.23-23.34.21:324][756]LogModuleManager: Shutting down and abandoning module StreamingPauseRendering (422)
[2018.10.23-23.34.21:324][756]LogModuleManager: Shutting down and abandoning module LauncherPlatform (420)
[2018.10.23-23.34.21:324][756]LogModuleManager: Shutting down and abandoning module AnalyticsET (418)
[2018.10.23-23.34.21:324][756]LogModuleManager: Shutting down and abandoning module PortalServices (416)
[2018.10.23-23.34.21:324][756]LogModuleManager: Shutting down and abandoning module PortalRpc (414)
[2018.10.23-23.34.21:325][756]LogModuleManager: Shutting down and abandoning module MessagingRpc (412)
[2018.10.23-23.34.21:325][756]LogModuleManager: Shutting down and abandoning module AIModule (410)
[2018.10.23-23.34.21:325][756]LogModuleManager: Shutting down and abandoning module GameplayDebugger (409)
[2018.10.23-23.34.21:325][756]LogModuleManager: Shutting down and abandoning module AITestSuite (407)
[2018.10.23-23.34.21:325][756]LogModuleManager: Shutting down and abandoning module NavigationSystem (405)
[2018.10.23-23.34.21:325][756]LogModuleManager: Shutting down and abandoning module DesktopPlatform (402)
[2018.10.23-23.34.21:325][756]LogModuleManager: Shutting down and abandoning module ProfilerService (400)
[2018.10.23-23.34.21:400][756]LogModuleManager: Shutting down and abandoning module TaskGraph (398)
[2018.10.23-23.34.21:400][756]LogModuleManager: Shutting down and abandoning module SteamVRController (396)
[2018.10.23-23.34.21:400][756]LogModuleManager: Shutting down and abandoning module ProceduralMeshComponentEditor (394)
[2018.10.23-23.34.21:400][756]LogModuleManager: Shutting down and abandoning module ProceduralMeshComponent (392)
[2018.10.23-23.34.21:400][756]LogModuleManager: Shutting down and abandoning module OculusInput (390)
[2018.10.23-23.34.21:400][756]LogModuleManager: Shutting down and abandoning module MobilePatchingUtils (388)
[2018.10.23-23.34.21:400][756]LogModuleManager: Shutting down and abandoning module EditableMesh (386)
[2018.10.23-23.34.21:400][756]LogModuleManager: Shutting down and abandoning module CustomMeshComponent (384)
[2018.10.23-23.34.21:401][756]LogModuleManager: Shutting down and abandoning module CableComponent (382)
[2018.10.23-23.34.21:401][756]LogModuleManager: Shutting down and abandoning module AudioCapture (380)
[2018.10.23-23.34.21:401][756]LogModuleManager: Shutting down and abandoning module ArchVisCharacter (378)
[2018.10.23-23.34.21:401][756]LogModuleManager: Shutting down and abandoning module AndroidPermission (376)
[2018.10.23-23.34.21:401][756]LogModuleManager: Shutting down and abandoning module NUTUnrealEngine4 (374)
[2018.10.23-23.34.21:401][756]LogModuleManager: Shutting down and abandoning module NetcodeUnitTest (372)
[2018.10.23-23.34.21:401][756]LogModuleManager: Shutting down and abandoning module MediaCompositingEditor (370)
[2018.10.23-23.34.21:401][756]LogModuleManager: Shutting down and abandoning module MediaCompositing (368)
[2018.10.23-23.34.21:401][756]LogModuleManager: Shutting down and abandoning module LinearTimecode (366)
[2018.10.23-23.34.21:401][756]LogModuleManager: Shutting down and abandoning module ImgMedia (364)
[2018.10.23-23.34.21:409][756]LogModuleManager: Shutting down and abandoning module HTML5Networking (362)
[2018.10.23-23.34.21:410][756]LogModuleManager: Shutting down and abandoning module GeometryCacheTracks (360)
[2018.10.23-23.34.21:410][756]LogModuleManager: Shutting down and abandoning module GeometryCacheSequencer (358)
[2018.10.23-23.34.21:410][756]LogModuleManager: Shutting down and abandoning module BackChannel (356)
[2018.10.23-23.34.21:410][756]LogModuleManager: Shutting down and abandoning module AppleVision (354)
[2018.10.23-23.34.21:410][756]LogModuleManager: Shutting down and abandoning module AppleImageUtils (352)
[2018.10.23-23.34.21:410][756]LogModuleManager: Shutting down and abandoning module AlembicImporter (350)
[2018.10.23-23.34.21:410][756]LogModuleManager: Shutting down and abandoning module AlembicLibrary (349)
[2018.10.23-23.34.21:410][756]LogModuleManager: Shutting down and abandoning module GeometryCache (348)
[2018.10.23-23.34.21:410][756]LogModuleManager: Shutting down and abandoning module GeometryCacheEd (347)
[2018.10.23-23.34.21:410][756]LogModuleManager: Shutting down and abandoning module DatasmithContentEditor (342)
[2018.10.23-23.34.21:410][756]LogModuleManager: Shutting down and abandoning module DatasmithContent (340)
[2018.10.23-23.34.21:410][756]LogModuleManager: Shutting down and abandoning module SpeedTreeImporter (338)
[2018.10.23-23.34.21:411][756]LogModuleManager: Shutting down and abandoning module PluginBrowser (336)
[2018.10.23-23.34.21:411][756]LogModuleManager: Shutting down and abandoning module MobileLauncherProfileWizard (334)
[2018.10.23-23.34.21:411][756]LogModuleManager: Shutting down and abandoning module PolygonModeling (332)
[2018.10.23-23.34.21:411][756]LogModuleManager: Shutting down and abandoning module MeshEditor (330)
[2018.10.23-23.34.21:411][756]LogModuleManager: Shutting down and abandoning module CryptoKeysOpenSSL (328)
[2018.10.23-23.34.21:411][756]LogModuleManager: Shutting down and abandoning module CryptoKeys (326)
[2018.10.23-23.34.21:411][756]LogModuleManager: Shutting down and abandoning module VisualStudioSourceCodeAccess (324)
[2018.10.23-23.34.21:411][756]LogModuleManager: Shutting down and abandoning module VisualStudioCodeSourceCodeAccess (322)
[2018.10.23-23.34.21:411][756]LogModuleManager: Shutting down and abandoning module UObjectPlugin (320)
[2018.10.23-23.34.21:411][756]LogModuleManager: Shutting down and abandoning module SubversionSourceControl (318)
[2018.10.23-23.34.21:411][756]LogModuleManager: Shutting down and abandoning module PerforceSourceControl (316)
[2018.10.23-23.34.21:412][756]LogModuleManager: Shutting down and abandoning module GitSourceControl (314)
[2018.10.23-23.34.21:412][756]LogModuleManager: Shutting down and abandoning module SourceControl (313)
[2018.10.23-23.34.21:412][756]LogModuleManager: Shutting down and abandoning module CLionSourceCodeAccess (310)
[2018.10.23-23.34.21:412][756]LogModuleManager: Shutting down and abandoning module LightPropagationVolumeEditor (308)
[2018.10.23-23.34.21:412][756]LogModuleManager: Shutting down and abandoning module PaperTiledImporter (306)
[2018.10.23-23.34.21:412][756]LogModuleManager: Shutting down and abandoning module PaperSpriteSheetImporter (304)
[2018.10.23-23.34.21:412][756]LogModuleManager: Shutting down and abandoning module Paper2DEditor (302)
[2018.10.23-23.34.21:412][756]LogModuleManager: Shutting down and abandoning module MeshPaint (301)
[2018.10.23-23.34.21:412][756]LogModuleManager: Shutting down and abandoning module RuntimePhysXCooking (298)
[2018.10.23-23.34.21:412][756]LogModuleManager: Shutting down and abandoning module PhysXVehiclesEditor (296)
[2018.10.23-23.34.21:412][756]LogModuleManager: Shutting down and abandoning module PhysXVehicles (294)
[2018.10.23-23.34.21:412][756]LogModuleManager: Shutting down and abandoning module OculusEditor (292)
[2018.10.23-23.34.21:412][756]LogModuleManager: Shutting down and abandoning module LocationServicesBPLibrary (290)
[2018.10.23-23.34.21:413][756]LogModuleManager: Shutting down and abandoning module ImmediatePhysicsEditor (288)
[2018.10.23-23.34.21:413][756]LogModuleManager: Shutting down and abandoning module ImmediatePhysics (286)
[2018.10.23-23.34.21:413][756]LogModuleManager: Shutting down and abandoning module ActorSequence (284)
[2018.10.23-23.34.21:413][756]LogModuleManager: Shutting down and abandoning module UdpMessaging (282)
[2018.10.23-23.34.21:514][756]LogModuleManager: Shutting down and abandoning module TcpMessaging (280)
[2018.10.23-23.34.21:615][756]LogModuleManager: Shutting down and abandoning module MagicLeapAudio (278)
[2018.10.23-23.34.21:615][756]LogModuleManager: Shutting down and abandoning module GameplayTagsEditor (276)
[2018.10.23-23.34.21:615][756]LogModuleManager: Shutting down and abandoning module FacialAnimationEditor (274)
[2018.10.23-23.34.21:615][756]LogModuleManager: Shutting down and abandoning module FacialAnimation (272)
[2018.10.23-23.34.21:615][756]LogModuleManager: Shutting down and abandoning module DataValidation (270)
[2018.10.23-23.34.21:615][756]LogModuleManager: Shutting down and abandoning module AssetManagerEditor (268)
[2018.10.23-23.34.21:615][756]LogModuleManager: Shutting down and abandoning module LevelEditor (267)
[2018.10.23-23.34.21:616][756]LogModuleManager: Shutting down and abandoning module PixelInspectorModule (266)
[2018.10.23-23.34.21:616][756]LogModuleManager: Shutting down and abandoning module CommonMenuExtensions (264)
[2018.10.23-23.34.21:617][756]LogModuleManager: Shutting down and abandoning module MainFrame (262)
[2018.10.23-23.34.21:617][756]LogModuleManager: Shutting down and abandoning module HotReload (261)
[2018.10.23-23.34.21:617][756]LogModuleManager: Shutting down and abandoning module ContentBrowser (257)
[2018.10.23-23.34.21:619][756]LogModuleManager: Shutting down and abandoning module TreeMap (255)
[2018.10.23-23.34.21:619][756]LogModuleManager: Shutting down and abandoning module LightPropagationVolumeRuntime (252)
[2018.10.23-23.34.21:619][756]LogModuleManager: Shutting down and abandoning module AISupportModule (250)
[2018.10.23-23.34.21:619][756]LogModuleManager: Shutting down and abandoning module Paper2D (248)
[2018.10.23-23.34.21:619][756]LogModuleManager: Shutting down and abandoning module WindowsMoviePlayer (246)
[2018.10.23-23.34.21:619][756]LogModuleManager: Shutting down and abandoning module WmfMedia (244)
[2018.10.23-23.34.21:620][756]LogModuleManager: Shutting down and abandoning module Media (243)
[2018.10.23-23.34.21:627][756]LogModuleManager: Shutting down and abandoning module PacketHandler (240)
[2018.10.23-23.34.21:627][756]LogModuleManager: Shutting down and abandoning module ClothingSystemEditor (238)
[2018.10.23-23.34.21:627][756]LogModuleManager: Shutting down and abandoning module ClothingSystemRuntime (236)
[2018.10.23-23.34.21:627][756]LogModuleManager: Shutting down and abandoning module MediaAssets (234)
[2018.10.23-23.34.21:627][756]LogModuleManager: Shutting down and abandoning module Overlay (232)
[2018.10.23-23.34.21:627][756]LogModuleManager: Shutting down and abandoning module OverlayEditor (231)
[2018.10.23-23.34.21:627][756]LogModuleManager: Shutting down and abandoning module VREditor (228)
[2018.10.23-23.34.21:627][756]LogModuleManager: Shutting down and abandoning module StringTableEditor (226)
[2018.10.23-23.34.21:627][756]LogModuleManager: Shutting down and abandoning module GameplayTasksEditor (224)
[2018.10.23-23.34.21:627][756]LogModuleManager: Shutting down and abandoning module BehaviorTreeEditor (222)
[2018.10.23-23.34.21:628][756]LogModuleManager: Shutting down and abandoning module FunctionalTesting (220)
[2018.10.23-23.34.21:628][756]LogModuleManager: Shutting down and abandoning module CollisionAnalyzer (218)
[2018.10.23-23.34.21:628][756]LogModuleManager: Shutting down and abandoning module WorkspaceMenuStructure (217)
[2018.10.23-23.34.21:628][756]LogModuleManager: Shutting down and abandoning module UMG (214)
[2018.10.23-23.34.21:628][756]LogModuleManager: Shutting down and abandoning module UMGEditor (213)
[2018.10.23-23.34.21:628][756]LogModuleManager: Shutting down and abandoning module Sequencer (212)
[2018.10.23-23.34.21:628][756]LogModuleManager: Shutting down and abandoning module MessageLog (209)
[2018.10.23-23.34.21:628][756]LogModuleManager: Shutting down and abandoning module SlateReflector (204)
[2018.10.23-23.34.21:628][756]LogModuleManager: Shutting down and abandoning module Slate (202)
[2018.10.23-23.34.21:628][756]LogModuleManager: Shutting down and abandoning module EditorStyle (200)
[2018.10.23-23.34.21:629][756]LogModuleManager: Shutting down and abandoning module MRMesh (198)
[2018.10.23-23.34.21:629][756]LogModuleManager: Shutting down and abandoning module SourceCodeAccess (196)
[2018.10.23-23.34.21:629][756]LogModuleManager: Shutting down and abandoning module HeadMountedDisplay (194)
[2018.10.23-23.34.21:629][756]LogModuleManager: Shutting down and abandoning module XAudio2 (192)
[2018.10.23-23.34.21:629][756]LogModuleManager: Shutting down and abandoning module Networking (190)
[2018.10.23-23.34.21:629][756]LogModuleManager: Shutting down and abandoning module Core (188)
[2018.10.23-23.34.21:629][756]LogModuleManager: Shutting down and abandoning module LevelSequence (186)
[2018.10.23-23.34.21:629][756]LogModuleManager: Shutting down and abandoning module KismetCompiler (184)
[2018.10.23-23.34.21:629][756]LogModuleManager: Shutting down and abandoning module MeshUtilities (182)
[2018.10.23-23.34.21:629][756]LogModuleManager: Shutting down and abandoning module MeshMergeUtilities (181)
[2018.10.23-23.34.21:629][756]LogModuleManager: Shutting down and abandoning module MeshReductionInterface (180)
[2018.10.23-23.34.21:629][756]LogModuleManager: Shutting down and abandoning module SimplygonSwarm (179)
[2018.10.23-23.34.21:629][756]LogModuleManager: Shutting down and abandoning module ProxyLODMeshReduction (177)
[2018.10.23-23.34.21:629][756]LogModuleManager: Shutting down and abandoning module SimplygonMeshReduction (175)
[2018.10.23-23.34.21:629][756]LogModuleManager: Shutting down and abandoning module QuadricMeshReduction (173)
[2018.10.23-23.34.21:629][756]LogModuleManager: Shutting down and abandoning module MaterialBaking (169)
[2018.10.23-23.34.21:629][756]LogModuleManager: Shutting down and abandoning module DirectoryWatcher (165)
[2018.10.23-23.34.21:630][756]LogModuleManager: Shutting down and abandoning module DerivedDataCache (162)
[2018.10.23-23.34.21:714][756]LogDerivedDataCache: Shutdown
[2018.10.23-23.34.21:714][756]LogModuleManager: Shutting down and abandoning module XGEController (160)
[2018.10.23-23.34.21:714][756]LogModuleManager: Shutting down and abandoning module TargetPlatform (158)
[2018.10.23-23.34.21:715][756]LogModuleManager: Shutting down and abandoning module VulkanShaderFormat (157)
[2018.10.23-23.34.21:715][756]LogModuleManager: Shutting down and abandoning module ShaderFormatVectorVM (155)
[2018.10.23-23.34.21:715][756]LogModuleManager: Shutting down and abandoning module ShaderFormatOpenGL (153)
[2018.10.23-23.34.21:715][756]LogModuleManager: Shutting down and abandoning module ShaderFormatD3D (151)
[2018.10.23-23.34.21:715][756]LogModuleManager: Shutting down and abandoning module MetalShaderFormat (149)
[2018.10.23-23.34.21:715][756]LogModuleManager: Shutting down and abandoning module TextureFormatUncompressed (147)
[2018.10.23-23.34.21:715][756]LogModuleManager: Shutting down and abandoning module TextureFormatPVR (145)
[2018.10.23-23.34.21:716][756]LogModuleManager: Shutting down and abandoning module TextureFormatDXT (143)
[2018.10.23-23.34.21:716][756]LogModuleManager: Shutting down and abandoning module TextureFormatIntelISPCTexComp (141)
[2018.10.23-23.34.21:716][756]LogModuleManager: Shutting down and abandoning module TextureFormatASTC (139)
[2018.10.23-23.34.21:716][756]LogModuleManager: Shutting down and abandoning module ImageWrapper (138)
[2018.10.23-23.34.21:716][756]LogModuleManager: Shutting down and abandoning module TextureFormatAndroid (135)
[2018.10.23-23.34.21:716][756]LogModuleManager: Shutting down and abandoning module AudioFormatOpus (133)
[2018.10.23-23.34.21:716][756]LogModuleManager: Shutting down and abandoning module AudioFormatOgg (131)
[2018.10.23-23.34.21:716][756]LogModuleManager: Shutting down and abandoning module AudioFormatADPCM (129)
[2018.10.23-23.34.21:716][756]LogModuleManager: Shutting down and abandoning module LuminTargetPlatform (127)
[2018.10.23-23.34.21:716][756]LogModuleManager: Shutting down and abandoning module LinuxTargetPlatform (125)
[2018.10.23-23.34.21:716][756]LogModuleManager: Shutting down and abandoning module LinuxServerTargetPlatform (123)
[2018.10.23-23.34.21:716][756]LogModuleManager: Shutting down and abandoning module LinuxNoEditorTargetPlatform (121)
[2018.10.23-23.34.21:717][756]LogModuleManager: Shutting down and abandoning module LinuxClientTargetPlatform (119)
[2018.10.23-23.34.21:717][756]LogModuleManager: Shutting down and abandoning module TVOSTargetPlatform (117)
[2018.10.23-23.34.21:724][756]LogModuleManager: Shutting down and abandoning module Messaging (115)
[2018.10.23-23.34.21:724][756]LogModuleManager: Shutting down and abandoning module IOSTargetPlatform (113)
[2018.10.23-23.34.21:728][756]LogModuleManager: Shutting down and abandoning module HTML5TargetPlatform (111)
[2018.10.23-23.34.21:728][756]LogModuleManager: Shutting down and abandoning module AndroidTargetPlatform (109)
[2018.10.23-23.34.21:756][756]LogModuleManager: Shutting down and abandoning module WindowsTargetPlatform (107)
[2018.10.23-23.34.21:756][756]LogModuleManager: Shutting down and abandoning module WindowsServerTargetPlatform (105)
[2018.10.23-23.34.21:756][756]LogModuleManager: Shutting down and abandoning module WindowsNoEditorTargetPlatform (103)
[2018.10.23-23.34.21:756][756]LogModuleManager: Shutting down and abandoning module WindowsClientTargetPlatform (101)
[2018.10.23-23.34.21:756][756]LogModuleManager: Shutting down and abandoning module MacTargetPlatform (99)
[2018.10.23-23.34.21:756][756]LogModuleManager: Shutting down and abandoning module MacServerTargetPlatform (97)
[2018.10.23-23.34.21:756][756]LogModuleManager: Shutting down and abandoning module MacNoEditorTargetPlatform (95)
[2018.10.23-23.34.21:756][756]LogModuleManager: Shutting down and abandoning module MacClientTargetPlatform (93)
[2018.10.23-23.34.21:756][756]LogModuleManager: Shutting down and abandoning module AllDesktopTargetPlatform (91)
[2018.10.23-23.34.21:756][756]LogModuleManager: Shutting down and abandoning module InputCore (88)
[2018.10.23-23.34.21:756][756]LogModuleManager: Shutting down and abandoning module Settings (86)
[2018.10.23-23.34.21:756][756]LogModuleManager: Shutting down and abandoning module PhysXCooking (84)
[2018.10.23-23.34.21:756][756]LogModuleManager: Shutting down and abandoning module SteamVR (82)
[2018.10.23-23.34.21:756][756]LogModuleManager: Shutting down and abandoning module OculusHMD (80)
[2018.10.23-23.34.21:756][756]LogModuleManager: Shutting down and abandoning module ExampleDeviceProfileSelector (78)
[2018.10.23-23.34.21:756][756]LogModuleManager: Shutting down and abandoning module LauncherChunkInstaller (76)
[2018.10.23-23.34.21:756][756]LogModuleManager: Shutting down and abandoning module OnlineBlueprintSupport (74)
[2018.10.23-23.34.21:756][756]LogModuleManager: Shutting down and abandoning module OnlineSubsystem (70)
[2018.10.23-23.34.21:757][756]LogModuleManager: Shutting down and abandoning module XMPP (65)
[2018.10.23-23.34.21:757][756]LogModuleManager: Shutting down and abandoning module WebSockets (64)
[2018.10.23-23.34.21:783][756]LogModuleManager: Shutting down and abandoning module HTTP (61)
[2018.10.23-23.34.21:783][756]LogHttp: Display: Http module shutting down, but needs to wait on 1 outstanding Http requests:
[2018.10.23-23.34.21:783][756]LogHttp: Display: 	verb=[POST] url=[https://datarouter.ol.epicgames.com/datarouter/api/v1/public/data?SessionID=%7B10CA9369-4246-30B2-F8A4-7DB2C40C32D4%7D&AppID=UEEditor.Rocket.Release&AppVersion=4.20.1-4233996%2B%2B%2BUE4%2BRelease-4.20&UserID=42f3d1cd40b3125bd90fe4a4f605d9b9%7C%7C29289413-a27f-4396-a394-b78bf1860e19&AppEnvironment=datacollector-binary&UploadType=eteventstream] status=Processing
[2018.10.23-23.34.21:816][756]LogModuleManager: Shutting down and abandoning module SSL (60)
[2018.10.23-23.34.21:816][756]LogModuleManager: Shutting down and abandoning module MagicLeapEmulator (56)
[2018.10.23-23.34.21:816][756]LogModuleManager: Shutting down and abandoning module MagicLeapPrivileges (54)
[2018.10.23-23.34.21:817][756]LogModuleManager: Shutting down and abandoning module MagicLeapIdentity (52)
[2018.10.23-23.34.21:817][756]LogModuleManager: Shutting down and abandoning module MagicLeapHelperVulkan (50)
[2018.10.23-23.34.21:817][756]LogModuleManager: Shutting down and abandoning module MagicLeapHelperOpenGL (48)
[2018.10.23-23.34.21:817][756]LogModuleManager: Shutting down and abandoning module MagicLeapSecureStorage (46)
[2018.10.23-23.34.21:817][756]LogModuleManager: Shutting down and abandoning module MagicLeapGestures (44)
[2018.10.23-23.34.21:817][756]LogModuleManager: Shutting down and abandoning module MagicLeapEyeTracker (42)
[2018.10.23-23.34.21:817][756]LogModuleManager: Shutting down and abandoning module MagicLeapController (40)
[2018.10.23-23.34.21:817][756]LogSlate: Slate User Destroyed.  User Index 0, Is Virtual User: 0
[2018.10.23-23.34.21:817][756]LogModuleManager: Shutting down and abandoning module MagicLeap (38)
[2018.10.23-23.34.21:817][756]LogModuleManager: Shutting down and abandoning module AnimationModifiers (36)
[2018.10.23-23.34.21:817][756]LogModuleManager: Shutting down and abandoning module PropertyEditor (35)
[2018.10.23-23.34.21:817][756]LogModuleManager: Shutting down and abandoning module AudioEditor (32)
[2018.10.23-23.34.21:817][756]LogModuleManager: Shutting down and abandoning module TextureCompressor (30)
[2018.10.23-23.34.21:817][756]LogModuleManager: Shutting down and abandoning module ShaderCore (28)
[2018.10.23-23.34.21:817][756]LogModuleManager: Shutting down and abandoning module Landscape (26)
[2018.10.23-23.34.21:817][756]LogModuleManager: Shutting down and abandoning module SlateRHIRenderer (24)
[2018.10.23-23.34.21:818][756]LogModuleManager: Shutting down and abandoning module OpenGLDrv (22)
[2018.10.23-23.34.21:818][756]LogModuleManager: Shutting down and abandoning module D3D11RHI (20)
[2018.10.23-23.34.21:818][756]LogModuleManager: Shutting down and abandoning module AnimGraphRuntime (18)
[2018.10.23-23.34.21:818][756]LogModuleManager: Shutting down and abandoning module Renderer (16)
[2018.10.23-23.34.21:818][756]LogModuleManager: Shutting down and abandoning module Engine (14)
[2018.10.23-23.34.21:818][756]LogModuleManager: Shutting down and abandoning module CoreUObject (12)
[2018.10.23-23.34.21:818][756]LogModuleManager: Shutting down and abandoning module NetworkFile (10)
[2018.10.23-23.34.21:818][756]LogModuleManager: Shutting down and abandoning module CookedIterativeFile (8)
[2018.10.23-23.34.21:818][756]LogModuleManager: Shutting down and abandoning module StreamingFile (6)
[2018.10.23-23.34.21:818][756]LogModuleManager: Shutting down and abandoning module SandboxFile (4)
[2018.10.23-23.34.21:818][756]LogModuleManager: Shutting down and abandoning module PakFile (2)
[2018.10.23-23.34.21:823][756]LogExit: Exiting.
[2018.10.23-23.34.21:845][756]Log file closed, 10/23/18 16:34:21
